

================================================================
== Vitis HLS Report for 'cl_box_Pipeline_VITIS_LOOP_22_1'
================================================================
* Date:           Fri Oct 18 05:34:59 2024

* Version:        2021.2 (Build 3367213 on Tue Oct 19 02:47:39 MDT 2021)
* Project:        cl_box
* Solution:       solution1 (Vivado IP Flow Target)
* Product family: virtexuplus
* Target device:  xcvu11p-flga2577-1-e


================================================================
== Performance Estimates
================================================================
+ Timing: 
    * Summary: 
    +--------+---------+----------+------------+
    |  Clock |  Target | Estimated| Uncertainty|
    +--------+---------+----------+------------+
    |ap_clk  |  4.00 ns|  2.190 ns|     1.08 ns|
    +--------+---------+----------+------------+

+ Latency: 
    * Summary: 
    +---------+---------+----------+----------+-----+-----+---------+
    |  Latency (cycles) |  Latency (absolute) |  Interval | Pipeline|
    |   min   |   max   |    min   |    max   | min | max |   Type  |
    +---------+---------+----------+----------+-----+-----+---------+
    |        ?|        ?|         ?|         ?|    ?|    ?|       no|
    +---------+---------+----------+----------+-----+-----+---------+

    + Detail: 
        * Instance: 
        N/A

        * Loop: 
        +-------------------+---------+---------+----------+-----------+-----------+------+----------+
        |                   |  Latency (cycles) | Iteration|  Initiation Interval  | Trip |          |
        |     Loop Name     |   min   |   max   |  Latency |  achieved |   target  | Count| Pipelined|
        +-------------------+---------+---------+----------+-----------+-----------+------+----------+
        |- VITIS_LOOP_22_1  |        ?|        ?|         2|          1|          1|     ?|       yes|
        +-------------------+---------+---------+----------+-----------+-----------+------+----------+

============================================================
+ Verbose Summary: Synthesis Manager
============================================================
InlineROM: 1
ExposeGlobal: 0
============================================================
+ Verbose Summary: CDFG Model
============================================================
IsTopModel: 0
ResetActiveHigh: 1
IsCombinational: 0
IsDatapathOnly: 0
HasWiredReturn: 1
HasMFsm: 2
HasVarLatency: 1
IsPipeline: 0
IsRtlPipelined: 0
IsInstanceOverlapped: 0
IsDontTouch: 0
HasImplIP: 0
IsGatedGlobalClock: 0

+ Individual pipeline summary: 
  * Pipeline-0: initiation interval (II) = 1, depth = 2


============================================================
+ Verbose Summary: Schedule
============================================================
* Number of FSM states : 2
* Pipeline : 1
  Pipeline-0 : II = 1, D = 2, States = { 1 2 }
* Dataflow Pipeline: 0

* FSM state transitions: 
1 --> 2 
2 --> 

* FSM state operations: 

State 1 <SV = 0> <Delay = 1.60>
ST_1 : Operation 5 [1/1] (0.00ns)   --->   "%cmd_recved = alloca i32 1"   --->   Operation 5 'alloca' 'cmd_recved' <Predicate = true> <Delay = 0.00>
ST_1 : Operation 6 [1/1] (0.00ns)   --->   "%specinterface_ln0 = specinterface void @_ssdm_op_SpecInterface, i32 %ctl_cmd_stream, void @empty_0, i32 0, i32 0, void @empty, i32 0, i32 0, void @empty, void @empty, void @empty, i32 0, i32 0, i32 0, i32 0, void @empty, void @empty"   --->   Operation 6 'specinterface' 'specinterface_ln0' <Predicate = true> <Delay = 0.00>
ST_1 : Operation 7 [1/1] (0.00ns)   --->   "%add_ln22_read = read i32 @_ssdm_op_Read.ap_auto.i32, i32 %add_ln22"   --->   Operation 7 'read' 'add_ln22_read' <Predicate = true> <Delay = 0.00>
ST_1 : Operation 8 [1/1] (0.46ns)   --->   "%store_ln0 = store i32 0, i32 %cmd_recved"   --->   Operation 8 'store' 'store_ln0' <Predicate = true> <Delay = 0.46>
ST_1 : Operation 9 [1/1] (0.00ns)   --->   "%br_ln0 = br void"   --->   Operation 9 'br' 'br_ln0' <Predicate = true> <Delay = 0.00>
ST_1 : Operation 10 [1/1] (0.00ns)   --->   "%cmd_recved_1 = load i32 %cmd_recved" [./cl_box.cpp:24]   --->   Operation 10 'load' 'cmd_recved_1' <Predicate = true> <Delay = 0.00>
ST_1 : Operation 11 [1/1] (0.00ns)   --->   "%specpipeline_ln0 = specpipeline void @_ssdm_op_SpecPipeline, i32 4294967295, i32 0, i32 1, i32 0, void @p_str"   --->   Operation 11 'specpipeline' 'specpipeline_ln0' <Predicate = true> <Delay = 0.00>
ST_1 : Operation 12 [1/1] (0.80ns)   --->   "%icmp_ln22 = icmp_eq  i32 %cmd_recved_1, i32 %add_ln22_read" [./cl_box.cpp:22]   --->   Operation 12 'icmp' 'icmp_ln22' <Predicate = true> <Delay = 0.80> <CoreInst = "Cmp">   --->   Core 9 'Cmp' <Latency = 0> <II = 1> <Delay = 0.80> <FuncUnit> <Opcode : 'icmp'> <InPorts = 2> <OutPorts = 1>
ST_1 : Operation 13 [1/1] (1.14ns)   --->   "%cmd_recved_2 = add i32 %cmd_recved_1, i32 1" [./cl_box.cpp:24]   --->   Operation 13 'add' 'cmd_recved_2' <Predicate = true> <Delay = 1.14> <CoreInst = "Adder">   --->   Core 1 'Adder' <Latency = 0> <II = 1> <Delay = 1.14> <FuncUnit> <Opcode : 'add' 'sub'> <InPorts = 2> <OutPorts = 1>
ST_1 : Operation 14 [1/1] (0.00ns)   --->   "%br_ln22 = br i1 %icmp_ln22, void %.split, void %_Z13parse_ctl_cmdRN3hls6streamIjLi0EEERiS3_S3_S3_S3_S3_S3_.exit.exitStub" [./cl_box.cpp:22]   --->   Operation 14 'br' 'br_ln22' <Predicate = true> <Delay = 0.00>
ST_1 : Operation 15 [1/1] (0.46ns)   --->   "%store_ln24 = store i32 %cmd_recved_2, i32 %cmd_recved" [./cl_box.cpp:24]   --->   Operation 15 'store' 'store_ln24' <Predicate = (!icmp_ln22)> <Delay = 0.46>
ST_1 : Operation 22 [1/1] (0.00ns)   --->   "%ret_ln0 = ret"   --->   Operation 22 'ret' 'ret_ln0' <Predicate = (icmp_ln22)> <Delay = 0.00>

State 2 <SV = 1> <Delay = 2.19>
ST_2 : Operation 16 [1/1] (0.00ns)   --->   "%specloopname_ln19 = specloopname void @_ssdm_op_SpecLoopName, void @empty_4" [./cl_box.cpp:19]   --->   Operation 16 'specloopname' 'specloopname_ln19' <Predicate = true> <Delay = 0.00>
ST_2 : Operation 17 [1/1] (1.46ns)   --->   "%tmp = read i32 @_ssdm_op_Read.ap_fifo.volatile.i32P0A, i32 %ctl_cmd_stream" [/tools/Xilinx/Vitis_HLS/2021.2/common/technology/autopilot/hls_stream_39.h:144]   --->   Operation 17 'read' 'tmp' <Predicate = true> <Delay = 1.46> <CoreInst = "FIFO">   --->   Core 78 'FIFO' <Latency = 0> <II = 1> <Delay = 1.72> <Storage> <Opcode : 'read' 'write' 'nbread' 'nbwrite'> <Ports = 0> <Width = 32> <Depth = -1> <FIFO>
ST_2 : Operation 18 [1/1] (0.00ns)   --->   "%zext_ln23 = zext i32 %cmd_recved_1" [./cl_box.cpp:23]   --->   Operation 18 'zext' 'zext_ln23' <Predicate = true> <Delay = 0.00>
ST_2 : Operation 19 [1/1] (0.00ns)   --->   "%cmd_array_addr = getelementptr i32 %cmd_array, i64 0, i64 %zext_ln23" [./cl_box.cpp:23]   --->   Operation 19 'getelementptr' 'cmd_array_addr' <Predicate = true> <Delay = 0.00>
ST_2 : Operation 20 [1/1] (0.73ns)   --->   "%store_ln23 = store i32 %tmp, i3 %cmd_array_addr" [./cl_box.cpp:23]   --->   Operation 20 'store' 'store_ln23' <Predicate = true> <Delay = 0.73> <CoreInst = "RAM">   --->   Core 83 'RAM' <Latency = 1> <II = 1> <Delay = 0.73> <Storage> <Opcode : 'load' 'store'> <Ports = 2> <Width = 32> <Depth = 5> <RAM>
ST_2 : Operation 21 [1/1] (0.00ns)   --->   "%br_ln0 = br void"   --->   Operation 21 'br' 'br_ln0' <Predicate = true> <Delay = 0.00>


============================================================
+ Verbose Summary: Binding
============================================================
STG Binding: 
---------------- STG Properties BEGIN ----------------
- Is combinational: 0
- Is one-state seq: 0
- Is datapath-only: 0
- Is pipelined: 0
- Is top level: 0
Port [ Return ] is wired: 1; IO mode=ap_ctrl_hs:ce=0
Port [ add_ln22]:  wired=1; compound=0; hidden=0; nouse=0; global=0; static=0; extern=0; dir=0; type=0; pingpong=0; private_global=0; IO mode=ap_none:ce=0
Port [ ctl_cmd_stream]:  wired=1; compound=1; hidden=0; nouse=0; global=0; static=0; extern=0; dir=0; type=3; pingpong=0; private_global=0; IO mode=ap_fifo:ce=0
Port [ cmd_array]:  wired=1; compound=1; hidden=0; nouse=0; global=0; static=0; extern=0; dir=1; type=1; pingpong=0; private_global=0; MemPort=[03]; IO mode=ap_memory:ce=0
---------------- STG Properties END ------------------

---------------- Datapath Model BEGIN ----------------

<LifeTime>
<method=bitvector/>
cmd_recved        (alloca       ) [ 010]
specinterface_ln0 (specinterface) [ 000]
add_ln22_read     (read         ) [ 000]
store_ln0         (store        ) [ 000]
br_ln0            (br           ) [ 000]
cmd_recved_1      (load         ) [ 011]
specpipeline_ln0  (specpipeline ) [ 000]
icmp_ln22         (icmp         ) [ 010]
cmd_recved_2      (add          ) [ 000]
br_ln22           (br           ) [ 000]
store_ln24        (store        ) [ 000]
specloopname_ln19 (specloopname ) [ 000]
tmp               (read         ) [ 000]
zext_ln23         (zext         ) [ 000]
cmd_array_addr    (getelementptr) [ 000]
store_ln23        (store        ) [ 000]
br_ln0            (br           ) [ 000]
ret_ln0           (ret          ) [ 000]
</LifeTime>

<model>

<comp_list>
<comp id="0" class="1000" name="add_ln22">
<pin_list>
<pin id="1" dir="1" index="0" bw="1" slack="0"/>
</pin_list>
<bind>
<StgValue><ssdm name="add_ln22"/></StgValue>
</bind>
</comp>

<comp id="2" class="1000" name="ctl_cmd_stream">
<pin_list>
<pin id="3" dir="1" index="0" bw="1" slack="0"/>
</pin_list>
<bind>
<StgValue><ssdm name="ctl_cmd_stream"/></StgValue>
</bind>
</comp>

<comp id="4" class="1000" name="cmd_array">
<pin_list>
<pin id="5" dir="1" index="0" bw="1" slack="0"/>
</pin_list>
<bind>
<StgValue><ssdm name="cmd_array"/><MemPortTyVec>0 3 </MemPortTyVec>
</StgValue>
</bind>
</comp>

<comp id="6" class="1001" name="const_6">
<pin_list>
<pin id="7" dir="1" index="0" bw="1" slack="0"/>
</pin_list>
<bind>
<StgValue><ssdm name=""/></StgValue>
</bind>
</comp>

<comp id="8" class="1001" name="const_8">
<pin_list>
<pin id="9" dir="1" index="0" bw="1" slack="2147483647"/>
</pin_list>
<bind>
<StgValue><ssdm name="_ssdm_op_SpecInterface"/></StgValue>
</bind>
</comp>

<comp id="10" class="1001" name="const_10">
<pin_list>
<pin id="11" dir="1" index="0" bw="1" slack="2147483647"/>
</pin_list>
<bind>
<StgValue><ssdm name="empty_0"/></StgValue>
</bind>
</comp>

<comp id="12" class="1001" name="const_12">
<pin_list>
<pin id="13" dir="1" index="0" bw="1" slack="0"/>
</pin_list>
<bind>
<StgValue><ssdm name=""/></StgValue>
</bind>
</comp>

<comp id="14" class="1001" name="const_14">
<pin_list>
<pin id="15" dir="1" index="0" bw="1" slack="2147483647"/>
</pin_list>
<bind>
<StgValue><ssdm name="empty"/></StgValue>
</bind>
</comp>

<comp id="16" class="1001" name="const_16">
<pin_list>
<pin id="17" dir="1" index="0" bw="1" slack="0"/>
</pin_list>
<bind>
<StgValue><ssdm name="_ssdm_op_Read.ap_auto.i32"/></StgValue>
</bind>
</comp>

<comp id="18" class="1001" name="const_18">
<pin_list>
<pin id="19" dir="1" index="0" bw="1" slack="2147483647"/>
</pin_list>
<bind>
<StgValue><ssdm name="_ssdm_op_SpecPipeline"/></StgValue>
</bind>
</comp>

<comp id="20" class="1001" name="const_20">
<pin_list>
<pin id="21" dir="1" index="0" bw="1" slack="2147483647"/>
</pin_list>
<bind>
<StgValue><ssdm name=""/></StgValue>
</bind>
</comp>

<comp id="22" class="1001" name="const_22">
<pin_list>
<pin id="23" dir="1" index="0" bw="1" slack="2147483647"/>
</pin_list>
<bind>
<StgValue><ssdm name="p_str"/></StgValue>
</bind>
</comp>

<comp id="24" class="1001" name="const_24">
<pin_list>
<pin id="25" dir="1" index="0" bw="1" slack="2147483647"/>
</pin_list>
<bind>
<StgValue><ssdm name="_ssdm_op_SpecLoopName"/></StgValue>
</bind>
</comp>

<comp id="26" class="1001" name="const_26">
<pin_list>
<pin id="27" dir="1" index="0" bw="1" slack="2147483647"/>
</pin_list>
<bind>
<StgValue><ssdm name="empty_4"/></StgValue>
</bind>
</comp>

<comp id="28" class="1001" name="const_28">
<pin_list>
<pin id="29" dir="1" index="0" bw="1" slack="0"/>
</pin_list>
<bind>
<StgValue><ssdm name="_ssdm_op_Read.ap_fifo.volatile.i32P0A"/></StgValue>
</bind>
</comp>

<comp id="30" class="1001" name="const_30">
<pin_list>
<pin id="31" dir="1" index="0" bw="1" slack="0"/>
</pin_list>
<bind>
<StgValue><ssdm name=""/></StgValue>
</bind>
</comp>

<comp id="32" class="1004" name="cmd_recved_fu_32">
<pin_list>
<pin id="33" dir="0" index="0" bw="1" slack="0"/>
<pin id="34" dir="1" index="1" bw="32" slack="0"/>
</pin_list>
<bind>
<opcode="alloca(26) " fcode="alloca"/>
<opset="cmd_recved/1 "/>
</bind>
</comp>

<comp id="36" class="1004" name="add_ln22_read_read_fu_36">
<pin_list>
<pin id="37" dir="0" index="0" bw="32" slack="0"/>
<pin id="38" dir="0" index="1" bw="32" slack="0"/>
<pin id="39" dir="1" index="2" bw="32" slack="0"/>
</pin_list>
<bind>
<opcode="read(1150) " fcode="read"/>
<opset="add_ln22_read/1 "/>
</bind>
</comp>

<comp id="42" class="1004" name="tmp_read_fu_42">
<pin_list>
<pin id="43" dir="0" index="0" bw="32" slack="0"/>
<pin id="44" dir="0" index="1" bw="32" slack="0"/>
<pin id="45" dir="1" index="2" bw="32" slack="0"/>
</pin_list>
<bind>
<opcode="read(1150) " fcode="read"/>
<opset="tmp/2 "/>
</bind>
</comp>

<comp id="48" class="1004" name="cmd_array_addr_gep_fu_48">
<pin_list>
<pin id="49" dir="0" index="0" bw="32" slack="0"/>
<pin id="50" dir="0" index="1" bw="1" slack="0"/>
<pin id="51" dir="0" index="2" bw="32" slack="0"/>
<pin id="52" dir="1" index="3" bw="3" slack="0"/>
</pin_list>
<bind>
<opcode="getelementptr(29) " fcode="getelementptr"/>
<opset="cmd_array_addr/2 "/>
</bind>
</comp>

<comp id="55" class="1004" name="store_ln23_access_fu_55">
<pin_list>
<pin id="56" dir="0" index="0" bw="3" slack="0"/>
<pin id="57" dir="0" index="1" bw="32" slack="0"/>
<pin id="58" dir="0" index="2" bw="0" slack="2147483647"/>
<pin id="59" dir="1" index="3" bw="32" slack="2147483647"/>
</pin_list>
<bind>
<opcode="store(28) " fcode="store"/>
<opset="store_ln23/2 "/>
</bind>
</comp>

<comp id="62" class="1004" name="store_ln0_store_fu_62">
<pin_list>
<pin id="63" dir="0" index="0" bw="1" slack="0"/>
<pin id="64" dir="0" index="1" bw="32" slack="0"/>
<pin id="65" dir="1" index="2" bw="0" slack="2147483647"/>
</pin_list>
<bind>
<opcode="store(28) " fcode="store"/>
<opset="store_ln0/1 "/>
</bind>
</comp>

<comp id="67" class="1004" name="cmd_recved_1_load_fu_67">
<pin_list>
<pin id="68" dir="0" index="0" bw="32" slack="0"/>
<pin id="69" dir="1" index="1" bw="32" slack="0"/>
</pin_list>
<bind>
<opcode="load(27) " fcode="load"/>
<opset="cmd_recved_1/1 "/>
</bind>
</comp>

<comp id="70" class="1004" name="icmp_ln22_fu_70">
<pin_list>
<pin id="71" dir="0" index="0" bw="32" slack="0"/>
<pin id="72" dir="0" index="1" bw="32" slack="0"/>
<pin id="73" dir="1" index="2" bw="1" slack="2147483647"/>
</pin_list>
<bind>
<opcode="icmp(45) " fcode="icmp"/>
<opset="icmp_ln22/1 "/>
</bind>
</comp>

<comp id="76" class="1004" name="cmd_recved_2_fu_76">
<pin_list>
<pin id="77" dir="0" index="0" bw="32" slack="0"/>
<pin id="78" dir="0" index="1" bw="1" slack="0"/>
<pin id="79" dir="1" index="2" bw="32" slack="0"/>
</pin_list>
<bind>
<opcode="add(8) " fcode="add"/>
<opset="cmd_recved_2/1 "/>
</bind>
</comp>

<comp id="82" class="1004" name="store_ln24_store_fu_82">
<pin_list>
<pin id="83" dir="0" index="0" bw="32" slack="0"/>
<pin id="84" dir="0" index="1" bw="32" slack="0"/>
<pin id="85" dir="1" index="2" bw="0" slack="2147483647"/>
</pin_list>
<bind>
<opcode="store(28) " fcode="store"/>
<opset="store_ln24/1 "/>
</bind>
</comp>

<comp id="87" class="1004" name="zext_ln23_fu_87">
<pin_list>
<pin id="88" dir="0" index="0" bw="32" slack="1"/>
<pin id="89" dir="1" index="1" bw="64" slack="0"/>
</pin_list>
<bind>
<opcode="zext(34) " fcode="zext"/>
<opset="zext_ln23/2 "/>
</bind>
</comp>

<comp id="91" class="1005" name="cmd_recved_reg_91">
<pin_list>
<pin id="92" dir="0" index="0" bw="32" slack="0"/>
<pin id="93" dir="1" index="1" bw="32" slack="0"/>
</pin_list>
<bind>
<opset="cmd_recved "/>
</bind>
</comp>

<comp id="98" class="1005" name="cmd_recved_1_reg_98">
<pin_list>
<pin id="99" dir="0" index="0" bw="32" slack="1"/>
<pin id="100" dir="1" index="1" bw="32" slack="1"/>
</pin_list>
<bind>
<opset="cmd_recved_1 "/>
</bind>
</comp>

</comp_list>

<net_list>
<net id="35"><net_src comp="6" pin="0"/><net_sink comp="32" pin=0"/></net>

<net id="40"><net_src comp="16" pin="0"/><net_sink comp="36" pin=0"/></net>

<net id="41"><net_src comp="0" pin="0"/><net_sink comp="36" pin=1"/></net>

<net id="46"><net_src comp="28" pin="0"/><net_sink comp="42" pin=0"/></net>

<net id="47"><net_src comp="2" pin="0"/><net_sink comp="42" pin=1"/></net>

<net id="53"><net_src comp="4" pin="0"/><net_sink comp="48" pin=0"/></net>

<net id="54"><net_src comp="30" pin="0"/><net_sink comp="48" pin=1"/></net>

<net id="60"><net_src comp="42" pin="2"/><net_sink comp="55" pin=1"/></net>

<net id="61"><net_src comp="48" pin="3"/><net_sink comp="55" pin=0"/></net>

<net id="66"><net_src comp="12" pin="0"/><net_sink comp="62" pin=0"/></net>

<net id="74"><net_src comp="67" pin="1"/><net_sink comp="70" pin=0"/></net>

<net id="75"><net_src comp="36" pin="2"/><net_sink comp="70" pin=1"/></net>

<net id="80"><net_src comp="67" pin="1"/><net_sink comp="76" pin=0"/></net>

<net id="81"><net_src comp="6" pin="0"/><net_sink comp="76" pin=1"/></net>

<net id="86"><net_src comp="76" pin="2"/><net_sink comp="82" pin=0"/></net>

<net id="90"><net_src comp="87" pin="1"/><net_sink comp="48" pin=2"/></net>

<net id="94"><net_src comp="32" pin="1"/><net_sink comp="91" pin=0"/></net>

<net id="95"><net_src comp="91" pin="1"/><net_sink comp="62" pin=1"/></net>

<net id="96"><net_src comp="91" pin="1"/><net_sink comp="67" pin=0"/></net>

<net id="97"><net_src comp="91" pin="1"/><net_sink comp="82" pin=1"/></net>

<net id="101"><net_src comp="67" pin="1"/><net_sink comp="98" pin=0"/></net>

<net id="102"><net_src comp="98" pin="1"/><net_sink comp="87" pin=0"/></net>

</net_list>

</model> 
---------------- Datapath Model END ------------------

* FSMD analyzer results:
  - Output states:
	Port: cmd_array | {2 }
 - Input state : 
	Port: cl_box_Pipeline_VITIS_LOOP_22_1 : add_ln22 | {1 }
	Port: cl_box_Pipeline_VITIS_LOOP_22_1 : ctl_cmd_stream | {2 }
  - Chain level:
	State 1
		store_ln0 : 1
		cmd_recved_1 : 1
		icmp_ln22 : 2
		cmd_recved_2 : 2
		br_ln22 : 3
		store_ln24 : 3
	State 2
		cmd_array_addr : 1
		store_ln23 : 2


============================================================
+ Verbose Summary: Datapath Resource usage 
============================================================

* Functional unit list:
|----------|--------------------------|---------|---------|
| Operation|      Functional Unit     |    FF   |   LUT   |
|----------|--------------------------|---------|---------|
|    add   |    cmd_recved_2_fu_76    |    0    |    39   |
|----------|--------------------------|---------|---------|
|   icmp   |      icmp_ln22_fu_70     |    0    |    20   |
|----------|--------------------------|---------|---------|
|   read   | add_ln22_read_read_fu_36 |    0    |    0    |
|          |      tmp_read_fu_42      |    0    |    0    |
|----------|--------------------------|---------|---------|
|   zext   |      zext_ln23_fu_87     |    0    |    0    |
|----------|--------------------------|---------|---------|
|   Total  |                          |    0    |    59   |
|----------|--------------------------|---------|---------|

Memories:
N/A

* Register list:
+-------------------+--------+
|                   |   FF   |
+-------------------+--------+
|cmd_recved_1_reg_98|   32   |
| cmd_recved_reg_91 |   32   |
+-------------------+--------+
|       Total       |   64   |
+-------------------+--------+

* Multiplexer (MUX) list: 
|--------|------|------|------|--------|
|  Comp  |  Pin | Size |  BW  | S x BW |
|--------|------|------|------|--------|
|  Total |      |      |      |    0   |
|--------|------|------|------|--------|



* Summary:
+-----------+--------+--------+
|           |   FF   |   LUT  |
+-----------+--------+--------+
|  Function |    0   |   59   |
|   Memory  |    -   |    -   |
|Multiplexer|    -   |    -   |
|  Register |   64   |    -   |
+-----------+--------+--------+
|   Total   |   64   |   59   |
+-----------+--------+--------+
