

================================================================
== Synthesis Summary Report of 'mmult'
================================================================
+ General Information: 
    * Date:           Fri Oct 18 05:35:47 2024
    * Version:        2021.2 (Build 3367213 on Tue Oct 19 02:47:39 MDT 2021)
    * Project:        mmult
    * Solution:       solution1 (Vivado IP Flow Target)
    * Product family: virtexuplus
    * Target device:  xcvu9p-flga2104-2L-e
    

+ Performance & Resource Estimates: 
    
    PS: '+' for module; 'o' for loop; '*' for dataflow
    +-----------------------------+--------+-------+---------+-----------+----------+---------+------+----------+----------+-----------+------------+------------+-----+
    |           Modules           |  Issue |       | Latency |  Latency  | Iteration|         | Trip |          |          |           |            |            |     |
    |           & Loops           |  Type  | Slack | (cycles)|    (ns)   |  Latency | Interval| Count| Pipelined|   BRAM   |    DSP    |     FF     |     LUT    | URAM|
    +-----------------------------+--------+-------+---------+-----------+----------+---------+------+----------+----------+-----------+------------+------------+-----+
    |+ mmult                      |  Timing|  -0.00|      823|  3.292e+03|         -|      824|     -|        no|  30 (~0%)|  768 (11%)|  65204 (2%)|  38884 (3%)|    -|
    | + mmult_Pipeline_1          |  Timing|  -0.00|      259|  1.036e+03|         -|      259|     -|        no|         -|          -|  1026 (~0%)|   112 (~0%)|    -|
    |  o Loop 1                   |       -|   2.92|      257|  1.028e+03|         3|        1|   256|       yes|         -|          -|           -|           -|    -|
    | + mmult_Pipeline_2          |  Timing|  -0.00|      259|  1.036e+03|         -|      259|     -|        no|         -|          -|  1026 (~0%)|   112 (~0%)|    -|
    |  o Loop 1                   |       -|   2.92|      257|  1.028e+03|         3|        1|   256|       yes|         -|          -|           -|           -|    -|
    | + mmult_Pipeline_systolic1  |       -|   0.63|       21|     84.000|         -|       21|     -|        no|         -|  768 (11%)|  59819 (2%)|  31925 (2%)|    -|
    |  o systolic1                |       -|   2.92|       19|     76.000|         5|        1|    16|       yes|         -|          -|           -|           -|    -|
    | + mmult_Pipeline_4          |  Timing|  -0.00|      258|  1.032e+03|         -|      258|     -|        no|         -|          -|   525 (~0%)|  1609 (~0%)|    -|
    |  o Loop 1                   |       -|   2.92|      256|  1.024e+03|         2|        1|   256|       yes|         -|          -|           -|           -|    -|
    +-----------------------------+--------+-------+---------+-----------+----------+---------+------+----------+----------+-----------+------------+------------+-----+


================================================================
== HW Interfaces
================================================================
* M_AXI
+----------------+------------+---------------+---------+--------+----------+-----------+--------------+--------------+-------------+-------------+-------------------+
| Interface      | Data Width | Address Width | Latency | Offset | Register | Max Widen | Max Read     | Max Write    | Num Read    | Num Write   | Resource Estimate |
|                | (SW->HW)   |               |         |        |          | Bitwidth  | Burst Length | Burst Length | Outstanding | Outstanding |                   |
+----------------+------------+---------------+---------+--------+----------+-----------+--------------+--------------+-------------+-------------+-------------------+
| m_axi_systolic | 32 -> 512  | 64            | 0       | direct | 0        | 512       | 16           | 16           | 16          | 16          | BRAM=30           |
+----------------+------------+---------------+---------+--------+----------+-----------+--------------+--------------+-------------+-------------+-------------------+

* AP_FIFO
+--------------------+------------+
| Interface          | Data Width |
+--------------------+------------+
| work_id_out_stream | 32         |
+--------------------+------------+

* REGISTER
+-----------+---------+----------+
| Interface | Mode    | Bitwidth |
+-----------+---------+----------+
| a         | ap_none | 64       |
| a_col     | ap_vld  | 32       |
| a_row     | ap_vld  | 32       |
| b         | ap_none | 64       |
| b_col     | ap_vld  | 32       |
| c         | ap_none | 64       |
| work_id   | ap_vld  | 32       |
+-----------+---------+----------+

* TOP LEVEL CONTROL
+-----------+------------+-----------------------------------+
| Interface | Type       | Ports                             |
+-----------+------------+-----------------------------------+
| ap_clk    | clock      | ap_clk                            |
| ap_rst_n  | reset      | ap_rst_n                          |
| ap_ctrl   | ap_ctrl_hs | ap_done ap_idle ap_ready ap_start |
+-----------+------------+-----------------------------------+


================================================================
== SW I/O Information
================================================================
* Top Function Arguments
+--------------------+-----------+-----------------+
| Argument           | Direction | Datatype        |
+--------------------+-----------+-----------------+
| work_id_out_stream | out       | stream<int, 0>& |
| a                  | in        | int const *     |
| b                  | in        | int const *     |
| c                  | in        | int*            |
| a_row              | in        | int             |
| a_col              | in        | int             |
| b_col              | in        | int             |
| work_id            | in        | int             |
+--------------------+-----------+-----------------+

* SW-to-HW Mapping
+--------------------+--------------------+-----------+----------+
| Argument           | HW Interface       | HW Type   | HW Usage |
+--------------------+--------------------+-----------+----------+
| work_id_out_stream | work_id_out_stream | interface |          |
| a                  | m_axi_systolic     | interface |          |
| a                  | a                  | port      | offset   |
| b                  | m_axi_systolic     | interface |          |
| b                  | b                  | port      | offset   |
| c                  | m_axi_systolic     | interface |          |
| c                  | c                  | port      | offset   |
| a_row              | a_row              | port      |          |
| a_row              | a_row_ap_vld       | port      |          |
| a_col              | a_col              | port      |          |
| a_col              | a_col_ap_vld       | port      |          |
| b_col              | b_col              | port      |          |
| b_col              | b_col_ap_vld       | port      |          |
| work_id            | work_id            | port      |          |
| work_id            | work_id_ap_vld     | port      |          |
+--------------------+--------------------+-----------+----------+


================================================================
== M_AXI Burst Information
================================================================
 Note: All burst requests might be further partitioned into multiple requests during RTL generation based on max_read_burst_length or max_write_burst_length settings.

* Inferred Burst Summary
+----------------+-----------+--------+-------+-----------------+
| HW Interface   | Direction | Length | Width | Location        |
+----------------+-----------+--------+-------+-----------------+
| m_axi_systolic | read      | 16     | 512   | mmult.cpp:104:5 |
| m_axi_systolic | read      | 16     | 512   | mmult.cpp:108:5 |
| m_axi_systolic | write     | 16     | 512   | mmult.cpp:176:2 |
+----------------+-----------+--------+-------+-----------------+


================================================================
== Bind Op Report
================================================================
+-----------------------------+-----+--------+---------------+-----+--------+---------+
| Name                        | DSP | Pragma | Variable      | Op  | Impl   | Latency |
+-----------------------------+-----+--------+---------------+-----+--------+---------+
| + mmult                     | 768 |        |               |     |        |         |
|  + mmult_Pipeline_1         | 0   |        |               |     |        |         |
|    empty_fu_379_p2          | -   |        | empty         | add | fabric | 0       |
|  + mmult_Pipeline_2         | 0   |        |               |     |        |         |
|    empty_fu_379_p2          | -   |        | empty         | add | fabric | 0       |
|  + mmult_Pipeline_systolic1 | 768 |        |               |     |        |         |
|    add_ln150_fu_4114_p2     | -   |        | add_ln150     | add | fabric | 0       |
|    mul_32s_32s_32_2_1_U37   | 3   |        | mul_ln165     | mul | auto   | 1       |
|    result_fu_6190_p2        | -   |        | result        | add | fabric | 0       |
|    mul_32s_32s_32_2_1_U38   | 3   |        | mul_ln165_1   | mul | auto   | 1       |
|    result_512_fu_6202_p2    | -   |        | result_512    | add | fabric | 0       |
|    mul_32s_32s_32_2_1_U39   | 3   |        | mul_ln165_2   | mul | auto   | 1       |
|    result_513_fu_6214_p2    | -   |        | result_513    | add | fabric | 0       |
|    mul_32s_32s_32_2_1_U40   | 3   |        | mul_ln165_3   | mul | auto   | 1       |
|    result_514_fu_6226_p2    | -   |        | result_514    | add | fabric | 0       |
|    mul_32s_32s_32_2_1_U41   | 3   |        | mul_ln165_4   | mul | auto   | 1       |
|    result_515_fu_6238_p2    | -   |        | result_515    | add | fabric | 0       |
|    mul_32s_32s_32_2_1_U42   | 3   |        | mul_ln165_5   | mul | auto   | 1       |
|    result_516_fu_6250_p2    | -   |        | result_516    | add | fabric | 0       |
|    mul_32s_32s_32_2_1_U43   | 3   |        | mul_ln165_6   | mul | auto   | 1       |
|    result_517_fu_6262_p2    | -   |        | result_517    | add | fabric | 0       |
|    mul_32s_32s_32_2_1_U44   | 3   |        | mul_ln165_7   | mul | auto   | 1       |
|    result_518_fu_6274_p2    | -   |        | result_518    | add | fabric | 0       |
|    mul_32s_32s_32_2_1_U45   | 3   |        | mul_ln165_8   | mul | auto   | 1       |
|    result_519_fu_6286_p2    | -   |        | result_519    | add | fabric | 0       |
|    mul_32s_32s_32_2_1_U46   | 3   |        | mul_ln165_9   | mul | auto   | 1       |
|    result_520_fu_6298_p2    | -   |        | result_520    | add | fabric | 0       |
|    mul_32s_32s_32_2_1_U47   | 3   |        | mul_ln165_10  | mul | auto   | 1       |
|    result_521_fu_6310_p2    | -   |        | result_521    | add | fabric | 0       |
|    mul_32s_32s_32_2_1_U48   | 3   |        | mul_ln165_11  | mul | auto   | 1       |
|    result_522_fu_6322_p2    | -   |        | result_522    | add | fabric | 0       |
|    mul_32s_32s_32_2_1_U49   | 3   |        | mul_ln165_12  | mul | auto   | 1       |
|    result_523_fu_6334_p2    | -   |        | result_523    | add | fabric | 0       |
|    mul_32s_32s_32_2_1_U50   | 3   |        | mul_ln165_13  | mul | auto   | 1       |
|    result_524_fu_6346_p2    | -   |        | result_524    | add | fabric | 0       |
|    mul_32s_32s_32_2_1_U51   | 3   |        | mul_ln165_14  | mul | auto   | 1       |
|    result_525_fu_6358_p2    | -   |        | result_525    | add | fabric | 0       |
|    mul_32s_32s_32_2_1_U52   | 3   |        | mul_ln165_15  | mul | auto   | 1       |
|    result_526_fu_6370_p2    | -   |        | result_526    | add | fabric | 0       |
|    mul_32s_32s_32_2_1_U53   | 3   |        | mul_ln165_16  | mul | auto   | 1       |
|    result_527_fu_6382_p2    | -   |        | result_527    | add | fabric | 0       |
|    mul_32s_32s_32_2_1_U54   | 3   |        | mul_ln165_17  | mul | auto   | 1       |
|    result_528_fu_6394_p2    | -   |        | result_528    | add | fabric | 0       |
|    mul_32s_32s_32_2_1_U55   | 3   |        | mul_ln165_18  | mul | auto   | 1       |
|    result_529_fu_6406_p2    | -   |        | result_529    | add | fabric | 0       |
|    mul_32s_32s_32_2_1_U56   | 3   |        | mul_ln165_19  | mul | auto   | 1       |
|    result_530_fu_6418_p2    | -   |        | result_530    | add | fabric | 0       |
|    mul_32s_32s_32_2_1_U57   | 3   |        | mul_ln165_20  | mul | auto   | 1       |
|    result_531_fu_6430_p2    | -   |        | result_531    | add | fabric | 0       |
|    mul_32s_32s_32_2_1_U58   | 3   |        | mul_ln165_21  | mul | auto   | 1       |
|    result_532_fu_6442_p2    | -   |        | result_532    | add | fabric | 0       |
|    mul_32s_32s_32_2_1_U59   | 3   |        | mul_ln165_22  | mul | auto   | 1       |
|    result_533_fu_6454_p2    | -   |        | result_533    | add | fabric | 0       |
|    mul_32s_32s_32_2_1_U60   | 3   |        | mul_ln165_23  | mul | auto   | 1       |
|    result_534_fu_6466_p2    | -   |        | result_534    | add | fabric | 0       |
|    mul_32s_32s_32_2_1_U61   | 3   |        | mul_ln165_24  | mul | auto   | 1       |
|    result_535_fu_6478_p2    | -   |        | result_535    | add | fabric | 0       |
|    mul_32s_32s_32_2_1_U62   | 3   |        | mul_ln165_25  | mul | auto   | 1       |
|    result_536_fu_6490_p2    | -   |        | result_536    | add | fabric | 0       |
|    mul_32s_32s_32_2_1_U63   | 3   |        | mul_ln165_26  | mul | auto   | 1       |
|    result_537_fu_6502_p2    | -   |        | result_537    | add | fabric | 0       |
|    mul_32s_32s_32_2_1_U64   | 3   |        | mul_ln165_27  | mul | auto   | 1       |
|    result_538_fu_6514_p2    | -   |        | result_538    | add | fabric | 0       |
|    mul_32s_32s_32_2_1_U65   | 3   |        | mul_ln165_28  | mul | auto   | 1       |
|    result_539_fu_6526_p2    | -   |        | result_539    | add | fabric | 0       |
|    mul_32s_32s_32_2_1_U66   | 3   |        | mul_ln165_29  | mul | auto   | 1       |
|    result_540_fu_6538_p2    | -   |        | result_540    | add | fabric | 0       |
|    mul_32s_32s_32_2_1_U67   | 3   |        | mul_ln165_30  | mul | auto   | 1       |
|    result_541_fu_6550_p2    | -   |        | result_541    | add | fabric | 0       |
|    mul_32s_32s_32_2_1_U68   | 3   |        | mul_ln165_31  | mul | auto   | 1       |
|    result_542_fu_6562_p2    | -   |        | result_542    | add | fabric | 0       |
|    mul_32s_32s_32_2_1_U69   | 3   |        | mul_ln165_32  | mul | auto   | 1       |
|    result_543_fu_6574_p2    | -   |        | result_543    | add | fabric | 0       |
|    mul_32s_32s_32_2_1_U70   | 3   |        | mul_ln165_33  | mul | auto   | 1       |
|    result_544_fu_6586_p2    | -   |        | result_544    | add | fabric | 0       |
|    mul_32s_32s_32_2_1_U71   | 3   |        | mul_ln165_34  | mul | auto   | 1       |
|    result_545_fu_6598_p2    | -   |        | result_545    | add | fabric | 0       |
|    mul_32s_32s_32_2_1_U72   | 3   |        | mul_ln165_35  | mul | auto   | 1       |
|    result_546_fu_6610_p2    | -   |        | result_546    | add | fabric | 0       |
|    mul_32s_32s_32_2_1_U73   | 3   |        | mul_ln165_36  | mul | auto   | 1       |
|    result_547_fu_6622_p2    | -   |        | result_547    | add | fabric | 0       |
|    mul_32s_32s_32_2_1_U74   | 3   |        | mul_ln165_37  | mul | auto   | 1       |
|    result_548_fu_6634_p2    | -   |        | result_548    | add | fabric | 0       |
|    mul_32s_32s_32_2_1_U75   | 3   |        | mul_ln165_38  | mul | auto   | 1       |
|    result_549_fu_6646_p2    | -   |        | result_549    | add | fabric | 0       |
|    mul_32s_32s_32_2_1_U76   | 3   |        | mul_ln165_39  | mul | auto   | 1       |
|    result_550_fu_6658_p2    | -   |        | result_550    | add | fabric | 0       |
|    mul_32s_32s_32_2_1_U77   | 3   |        | mul_ln165_40  | mul | auto   | 1       |
|    result_551_fu_6670_p2    | -   |        | result_551    | add | fabric | 0       |
|    mul_32s_32s_32_2_1_U78   | 3   |        | mul_ln165_41  | mul | auto   | 1       |
|    result_552_fu_6682_p2    | -   |        | result_552    | add | fabric | 0       |
|    mul_32s_32s_32_2_1_U79   | 3   |        | mul_ln165_42  | mul | auto   | 1       |
|    result_553_fu_6694_p2    | -   |        | result_553    | add | fabric | 0       |
|    mul_32s_32s_32_2_1_U80   | 3   |        | mul_ln165_43  | mul | auto   | 1       |
|    result_554_fu_6706_p2    | -   |        | result_554    | add | fabric | 0       |
|    mul_32s_32s_32_2_1_U81   | 3   |        | mul_ln165_44  | mul | auto   | 1       |
|    result_555_fu_6718_p2    | -   |        | result_555    | add | fabric | 0       |
|    mul_32s_32s_32_2_1_U82   | 3   |        | mul_ln165_45  | mul | auto   | 1       |
|    result_556_fu_6730_p2    | -   |        | result_556    | add | fabric | 0       |
|    mul_32s_32s_32_2_1_U83   | 3   |        | mul_ln165_46  | mul | auto   | 1       |
|    result_557_fu_6742_p2    | -   |        | result_557    | add | fabric | 0       |
|    mul_32s_32s_32_2_1_U84   | 3   |        | mul_ln165_47  | mul | auto   | 1       |
|    result_558_fu_6754_p2    | -   |        | result_558    | add | fabric | 0       |
|    mul_32s_32s_32_2_1_U85   | 3   |        | mul_ln165_48  | mul | auto   | 1       |
|    result_559_fu_6766_p2    | -   |        | result_559    | add | fabric | 0       |
|    mul_32s_32s_32_2_1_U86   | 3   |        | mul_ln165_49  | mul | auto   | 1       |
|    result_560_fu_6778_p2    | -   |        | result_560    | add | fabric | 0       |
|    mul_32s_32s_32_2_1_U87   | 3   |        | mul_ln165_50  | mul | auto   | 1       |
|    result_561_fu_6790_p2    | -   |        | result_561    | add | fabric | 0       |
|    mul_32s_32s_32_2_1_U88   | 3   |        | mul_ln165_51  | mul | auto   | 1       |
|    result_562_fu_6802_p2    | -   |        | result_562    | add | fabric | 0       |
|    mul_32s_32s_32_2_1_U89   | 3   |        | mul_ln165_52  | mul | auto   | 1       |
|    result_563_fu_6814_p2    | -   |        | result_563    | add | fabric | 0       |
|    mul_32s_32s_32_2_1_U90   | 3   |        | mul_ln165_53  | mul | auto   | 1       |
|    result_564_fu_6826_p2    | -   |        | result_564    | add | fabric | 0       |
|    mul_32s_32s_32_2_1_U91   | 3   |        | mul_ln165_54  | mul | auto   | 1       |
|    result_565_fu_6838_p2    | -   |        | result_565    | add | fabric | 0       |
|    mul_32s_32s_32_2_1_U92   | 3   |        | mul_ln165_55  | mul | auto   | 1       |
|    result_566_fu_6850_p2    | -   |        | result_566    | add | fabric | 0       |
|    mul_32s_32s_32_2_1_U93   | 3   |        | mul_ln165_56  | mul | auto   | 1       |
|    result_567_fu_6862_p2    | -   |        | result_567    | add | fabric | 0       |
|    mul_32s_32s_32_2_1_U94   | 3   |        | mul_ln165_57  | mul | auto   | 1       |
|    result_568_fu_6874_p2    | -   |        | result_568    | add | fabric | 0       |
|    mul_32s_32s_32_2_1_U95   | 3   |        | mul_ln165_58  | mul | auto   | 1       |
|    result_569_fu_6886_p2    | -   |        | result_569    | add | fabric | 0       |
|    mul_32s_32s_32_2_1_U96   | 3   |        | mul_ln165_59  | mul | auto   | 1       |
|    result_570_fu_6898_p2    | -   |        | result_570    | add | fabric | 0       |
|    mul_32s_32s_32_2_1_U97   | 3   |        | mul_ln165_60  | mul | auto   | 1       |
|    result_571_fu_6910_p2    | -   |        | result_571    | add | fabric | 0       |
|    mul_32s_32s_32_2_1_U98   | 3   |        | mul_ln165_61  | mul | auto   | 1       |
|    result_572_fu_6922_p2    | -   |        | result_572    | add | fabric | 0       |
|    mul_32s_32s_32_2_1_U99   | 3   |        | mul_ln165_62  | mul | auto   | 1       |
|    result_573_fu_6934_p2    | -   |        | result_573    | add | fabric | 0       |
|    mul_32s_32s_32_2_1_U100  | 3   |        | mul_ln165_63  | mul | auto   | 1       |
|    result_574_fu_6946_p2    | -   |        | result_574    | add | fabric | 0       |
|    mul_32s_32s_32_2_1_U101  | 3   |        | mul_ln165_64  | mul | auto   | 1       |
|    result_575_fu_6958_p2    | -   |        | result_575    | add | fabric | 0       |
|    mul_32s_32s_32_2_1_U102  | 3   |        | mul_ln165_65  | mul | auto   | 1       |
|    result_576_fu_6970_p2    | -   |        | result_576    | add | fabric | 0       |
|    mul_32s_32s_32_2_1_U103  | 3   |        | mul_ln165_66  | mul | auto   | 1       |
|    result_577_fu_6982_p2    | -   |        | result_577    | add | fabric | 0       |
|    mul_32s_32s_32_2_1_U104  | 3   |        | mul_ln165_67  | mul | auto   | 1       |
|    result_578_fu_6994_p2    | -   |        | result_578    | add | fabric | 0       |
|    mul_32s_32s_32_2_1_U105  | 3   |        | mul_ln165_68  | mul | auto   | 1       |
|    result_579_fu_7006_p2    | -   |        | result_579    | add | fabric | 0       |
|    mul_32s_32s_32_2_1_U106  | 3   |        | mul_ln165_69  | mul | auto   | 1       |
|    result_580_fu_7018_p2    | -   |        | result_580    | add | fabric | 0       |
|    mul_32s_32s_32_2_1_U107  | 3   |        | mul_ln165_70  | mul | auto   | 1       |
|    result_581_fu_7030_p2    | -   |        | result_581    | add | fabric | 0       |
|    mul_32s_32s_32_2_1_U108  | 3   |        | mul_ln165_71  | mul | auto   | 1       |
|    result_582_fu_7042_p2    | -   |        | result_582    | add | fabric | 0       |
|    mul_32s_32s_32_2_1_U109  | 3   |        | mul_ln165_72  | mul | auto   | 1       |
|    result_583_fu_7054_p2    | -   |        | result_583    | add | fabric | 0       |
|    mul_32s_32s_32_2_1_U110  | 3   |        | mul_ln165_73  | mul | auto   | 1       |
|    result_584_fu_7066_p2    | -   |        | result_584    | add | fabric | 0       |
|    mul_32s_32s_32_2_1_U111  | 3   |        | mul_ln165_74  | mul | auto   | 1       |
|    result_585_fu_7078_p2    | -   |        | result_585    | add | fabric | 0       |
|    mul_32s_32s_32_2_1_U112  | 3   |        | mul_ln165_75  | mul | auto   | 1       |
|    result_586_fu_7090_p2    | -   |        | result_586    | add | fabric | 0       |
|    mul_32s_32s_32_2_1_U113  | 3   |        | mul_ln165_76  | mul | auto   | 1       |
|    result_587_fu_7102_p2    | -   |        | result_587    | add | fabric | 0       |
|    mul_32s_32s_32_2_1_U114  | 3   |        | mul_ln165_77  | mul | auto   | 1       |
|    result_588_fu_7114_p2    | -   |        | result_588    | add | fabric | 0       |
|    mul_32s_32s_32_2_1_U115  | 3   |        | mul_ln165_78  | mul | auto   | 1       |
|    result_589_fu_7126_p2    | -   |        | result_589    | add | fabric | 0       |
|    mul_32s_32s_32_2_1_U116  | 3   |        | mul_ln165_79  | mul | auto   | 1       |
|    result_590_fu_7138_p2    | -   |        | result_590    | add | fabric | 0       |
|    mul_32s_32s_32_2_1_U117  | 3   |        | mul_ln165_80  | mul | auto   | 1       |
|    result_591_fu_7150_p2    | -   |        | result_591    | add | fabric | 0       |
|    mul_32s_32s_32_2_1_U118  | 3   |        | mul_ln165_81  | mul | auto   | 1       |
|    result_592_fu_7162_p2    | -   |        | result_592    | add | fabric | 0       |
|    mul_32s_32s_32_2_1_U119  | 3   |        | mul_ln165_82  | mul | auto   | 1       |
|    result_593_fu_7174_p2    | -   |        | result_593    | add | fabric | 0       |
|    mul_32s_32s_32_2_1_U120  | 3   |        | mul_ln165_83  | mul | auto   | 1       |
|    result_594_fu_7186_p2    | -   |        | result_594    | add | fabric | 0       |
|    mul_32s_32s_32_2_1_U121  | 3   |        | mul_ln165_84  | mul | auto   | 1       |
|    result_595_fu_7198_p2    | -   |        | result_595    | add | fabric | 0       |
|    mul_32s_32s_32_2_1_U122  | 3   |        | mul_ln165_85  | mul | auto   | 1       |
|    result_596_fu_7210_p2    | -   |        | result_596    | add | fabric | 0       |
|    mul_32s_32s_32_2_1_U123  | 3   |        | mul_ln165_86  | mul | auto   | 1       |
|    result_597_fu_7222_p2    | -   |        | result_597    | add | fabric | 0       |
|    mul_32s_32s_32_2_1_U124  | 3   |        | mul_ln165_87  | mul | auto   | 1       |
|    result_598_fu_7234_p2    | -   |        | result_598    | add | fabric | 0       |
|    mul_32s_32s_32_2_1_U125  | 3   |        | mul_ln165_88  | mul | auto   | 1       |
|    result_599_fu_7246_p2    | -   |        | result_599    | add | fabric | 0       |
|    mul_32s_32s_32_2_1_U126  | 3   |        | mul_ln165_89  | mul | auto   | 1       |
|    result_600_fu_7258_p2    | -   |        | result_600    | add | fabric | 0       |
|    mul_32s_32s_32_2_1_U127  | 3   |        | mul_ln165_90  | mul | auto   | 1       |
|    result_601_fu_7270_p2    | -   |        | result_601    | add | fabric | 0       |
|    mul_32s_32s_32_2_1_U128  | 3   |        | mul_ln165_91  | mul | auto   | 1       |
|    result_602_fu_7282_p2    | -   |        | result_602    | add | fabric | 0       |
|    mul_32s_32s_32_2_1_U129  | 3   |        | mul_ln165_92  | mul | auto   | 1       |
|    result_603_fu_7294_p2    | -   |        | result_603    | add | fabric | 0       |
|    mul_32s_32s_32_2_1_U130  | 3   |        | mul_ln165_93  | mul | auto   | 1       |
|    result_604_fu_7306_p2    | -   |        | result_604    | add | fabric | 0       |
|    mul_32s_32s_32_2_1_U131  | 3   |        | mul_ln165_94  | mul | auto   | 1       |
|    result_605_fu_7318_p2    | -   |        | result_605    | add | fabric | 0       |
|    mul_32s_32s_32_2_1_U132  | 3   |        | mul_ln165_95  | mul | auto   | 1       |
|    result_606_fu_7330_p2    | -   |        | result_606    | add | fabric | 0       |
|    mul_32s_32s_32_2_1_U133  | 3   |        | mul_ln165_96  | mul | auto   | 1       |
|    result_607_fu_7342_p2    | -   |        | result_607    | add | fabric | 0       |
|    mul_32s_32s_32_2_1_U134  | 3   |        | mul_ln165_97  | mul | auto   | 1       |
|    result_608_fu_7354_p2    | -   |        | result_608    | add | fabric | 0       |
|    mul_32s_32s_32_2_1_U135  | 3   |        | mul_ln165_98  | mul | auto   | 1       |
|    result_609_fu_7366_p2    | -   |        | result_609    | add | fabric | 0       |
|    mul_32s_32s_32_2_1_U136  | 3   |        | mul_ln165_99  | mul | auto   | 1       |
|    result_610_fu_7378_p2    | -   |        | result_610    | add | fabric | 0       |
|    mul_32s_32s_32_2_1_U137  | 3   |        | mul_ln165_100 | mul | auto   | 1       |
|    result_611_fu_7390_p2    | -   |        | result_611    | add | fabric | 0       |
|    mul_32s_32s_32_2_1_U138  | 3   |        | mul_ln165_101 | mul | auto   | 1       |
|    result_612_fu_7402_p2    | -   |        | result_612    | add | fabric | 0       |
|    mul_32s_32s_32_2_1_U139  | 3   |        | mul_ln165_102 | mul | auto   | 1       |
|    result_613_fu_7414_p2    | -   |        | result_613    | add | fabric | 0       |
|    mul_32s_32s_32_2_1_U140  | 3   |        | mul_ln165_103 | mul | auto   | 1       |
|    result_614_fu_7426_p2    | -   |        | result_614    | add | fabric | 0       |
|    mul_32s_32s_32_2_1_U141  | 3   |        | mul_ln165_104 | mul | auto   | 1       |
|    result_615_fu_7438_p2    | -   |        | result_615    | add | fabric | 0       |
|    mul_32s_32s_32_2_1_U142  | 3   |        | mul_ln165_105 | mul | auto   | 1       |
|    result_616_fu_7450_p2    | -   |        | result_616    | add | fabric | 0       |
|    mul_32s_32s_32_2_1_U143  | 3   |        | mul_ln165_106 | mul | auto   | 1       |
|    result_617_fu_7462_p2    | -   |        | result_617    | add | fabric | 0       |
|    mul_32s_32s_32_2_1_U144  | 3   |        | mul_ln165_107 | mul | auto   | 1       |
|    result_618_fu_7474_p2    | -   |        | result_618    | add | fabric | 0       |
|    mul_32s_32s_32_2_1_U145  | 3   |        | mul_ln165_108 | mul | auto   | 1       |
|    result_619_fu_7486_p2    | -   |        | result_619    | add | fabric | 0       |
|    mul_32s_32s_32_2_1_U146  | 3   |        | mul_ln165_109 | mul | auto   | 1       |
|    result_620_fu_7498_p2    | -   |        | result_620    | add | fabric | 0       |
|    mul_32s_32s_32_2_1_U147  | 3   |        | mul_ln165_110 | mul | auto   | 1       |
|    result_621_fu_7510_p2    | -   |        | result_621    | add | fabric | 0       |
|    mul_32s_32s_32_2_1_U148  | 3   |        | mul_ln165_111 | mul | auto   | 1       |
|    result_622_fu_7522_p2    | -   |        | result_622    | add | fabric | 0       |
|    mul_32s_32s_32_2_1_U149  | 3   |        | mul_ln165_112 | mul | auto   | 1       |
|    result_623_fu_7534_p2    | -   |        | result_623    | add | fabric | 0       |
|    mul_32s_32s_32_2_1_U150  | 3   |        | mul_ln165_113 | mul | auto   | 1       |
|    result_624_fu_7546_p2    | -   |        | result_624    | add | fabric | 0       |
|    mul_32s_32s_32_2_1_U151  | 3   |        | mul_ln165_114 | mul | auto   | 1       |
|    result_625_fu_7558_p2    | -   |        | result_625    | add | fabric | 0       |
|    mul_32s_32s_32_2_1_U152  | 3   |        | mul_ln165_115 | mul | auto   | 1       |
|    result_626_fu_7570_p2    | -   |        | result_626    | add | fabric | 0       |
|    mul_32s_32s_32_2_1_U153  | 3   |        | mul_ln165_116 | mul | auto   | 1       |
|    result_627_fu_7582_p2    | -   |        | result_627    | add | fabric | 0       |
|    mul_32s_32s_32_2_1_U154  | 3   |        | mul_ln165_117 | mul | auto   | 1       |
|    result_628_fu_7594_p2    | -   |        | result_628    | add | fabric | 0       |
|    mul_32s_32s_32_2_1_U155  | 3   |        | mul_ln165_118 | mul | auto   | 1       |
|    result_629_fu_7606_p2    | -   |        | result_629    | add | fabric | 0       |
|    mul_32s_32s_32_2_1_U156  | 3   |        | mul_ln165_119 | mul | auto   | 1       |
|    result_630_fu_7618_p2    | -   |        | result_630    | add | fabric | 0       |
|    mul_32s_32s_32_2_1_U157  | 3   |        | mul_ln165_120 | mul | auto   | 1       |
|    result_631_fu_7630_p2    | -   |        | result_631    | add | fabric | 0       |
|    mul_32s_32s_32_2_1_U158  | 3   |        | mul_ln165_121 | mul | auto   | 1       |
|    result_632_fu_7642_p2    | -   |        | result_632    | add | fabric | 0       |
|    mul_32s_32s_32_2_1_U159  | 3   |        | mul_ln165_122 | mul | auto   | 1       |
|    result_633_fu_7654_p2    | -   |        | result_633    | add | fabric | 0       |
|    mul_32s_32s_32_2_1_U160  | 3   |        | mul_ln165_123 | mul | auto   | 1       |
|    result_634_fu_7666_p2    | -   |        | result_634    | add | fabric | 0       |
|    mul_32s_32s_32_2_1_U161  | 3   |        | mul_ln165_124 | mul | auto   | 1       |
|    result_635_fu_7678_p2    | -   |        | result_635    | add | fabric | 0       |
|    mul_32s_32s_32_2_1_U162  | 3   |        | mul_ln165_125 | mul | auto   | 1       |
|    result_636_fu_7690_p2    | -   |        | result_636    | add | fabric | 0       |
|    mul_32s_32s_32_2_1_U163  | 3   |        | mul_ln165_126 | mul | auto   | 1       |
|    result_637_fu_7702_p2    | -   |        | result_637    | add | fabric | 0       |
|    mul_32s_32s_32_2_1_U164  | 3   |        | mul_ln165_127 | mul | auto   | 1       |
|    result_638_fu_7714_p2    | -   |        | result_638    | add | fabric | 0       |
|    mul_32s_32s_32_2_1_U165  | 3   |        | mul_ln165_128 | mul | auto   | 1       |
|    result_639_fu_7726_p2    | -   |        | result_639    | add | fabric | 0       |
|    mul_32s_32s_32_2_1_U166  | 3   |        | mul_ln165_129 | mul | auto   | 1       |
|    result_640_fu_7738_p2    | -   |        | result_640    | add | fabric | 0       |
|    mul_32s_32s_32_2_1_U167  | 3   |        | mul_ln165_130 | mul | auto   | 1       |
|    result_641_fu_7750_p2    | -   |        | result_641    | add | fabric | 0       |
|    mul_32s_32s_32_2_1_U168  | 3   |        | mul_ln165_131 | mul | auto   | 1       |
|    result_642_fu_7762_p2    | -   |        | result_642    | add | fabric | 0       |
|    mul_32s_32s_32_2_1_U169  | 3   |        | mul_ln165_132 | mul | auto   | 1       |
|    result_643_fu_7774_p2    | -   |        | result_643    | add | fabric | 0       |
|    mul_32s_32s_32_2_1_U170  | 3   |        | mul_ln165_133 | mul | auto   | 1       |
|    result_644_fu_7786_p2    | -   |        | result_644    | add | fabric | 0       |
|    mul_32s_32s_32_2_1_U171  | 3   |        | mul_ln165_134 | mul | auto   | 1       |
|    result_645_fu_7798_p2    | -   |        | result_645    | add | fabric | 0       |
|    mul_32s_32s_32_2_1_U172  | 3   |        | mul_ln165_135 | mul | auto   | 1       |
|    result_646_fu_7810_p2    | -   |        | result_646    | add | fabric | 0       |
|    mul_32s_32s_32_2_1_U173  | 3   |        | mul_ln165_136 | mul | auto   | 1       |
|    result_647_fu_7822_p2    | -   |        | result_647    | add | fabric | 0       |
|    mul_32s_32s_32_2_1_U174  | 3   |        | mul_ln165_137 | mul | auto   | 1       |
|    result_648_fu_7834_p2    | -   |        | result_648    | add | fabric | 0       |
|    mul_32s_32s_32_2_1_U175  | 3   |        | mul_ln165_138 | mul | auto   | 1       |
|    result_649_fu_7846_p2    | -   |        | result_649    | add | fabric | 0       |
|    mul_32s_32s_32_2_1_U176  | 3   |        | mul_ln165_139 | mul | auto   | 1       |
|    result_650_fu_7858_p2    | -   |        | result_650    | add | fabric | 0       |
|    mul_32s_32s_32_2_1_U177  | 3   |        | mul_ln165_140 | mul | auto   | 1       |
|    result_651_fu_7870_p2    | -   |        | result_651    | add | fabric | 0       |
|    mul_32s_32s_32_2_1_U178  | 3   |        | mul_ln165_141 | mul | auto   | 1       |
|    result_652_fu_7882_p2    | -   |        | result_652    | add | fabric | 0       |
|    mul_32s_32s_32_2_1_U179  | 3   |        | mul_ln165_142 | mul | auto   | 1       |
|    result_653_fu_7894_p2    | -   |        | result_653    | add | fabric | 0       |
|    mul_32s_32s_32_2_1_U180  | 3   |        | mul_ln165_143 | mul | auto   | 1       |
|    result_654_fu_7906_p2    | -   |        | result_654    | add | fabric | 0       |
|    mul_32s_32s_32_2_1_U181  | 3   |        | mul_ln165_144 | mul | auto   | 1       |
|    result_655_fu_7918_p2    | -   |        | result_655    | add | fabric | 0       |
|    mul_32s_32s_32_2_1_U182  | 3   |        | mul_ln165_145 | mul | auto   | 1       |
|    result_656_fu_7930_p2    | -   |        | result_656    | add | fabric | 0       |
|    mul_32s_32s_32_2_1_U183  | 3   |        | mul_ln165_146 | mul | auto   | 1       |
|    result_657_fu_7942_p2    | -   |        | result_657    | add | fabric | 0       |
|    mul_32s_32s_32_2_1_U184  | 3   |        | mul_ln165_147 | mul | auto   | 1       |
|    result_658_fu_7954_p2    | -   |        | result_658    | add | fabric | 0       |
|    mul_32s_32s_32_2_1_U185  | 3   |        | mul_ln165_148 | mul | auto   | 1       |
|    result_659_fu_7966_p2    | -   |        | result_659    | add | fabric | 0       |
|    mul_32s_32s_32_2_1_U186  | 3   |        | mul_ln165_149 | mul | auto   | 1       |
|    result_660_fu_7978_p2    | -   |        | result_660    | add | fabric | 0       |
|    mul_32s_32s_32_2_1_U187  | 3   |        | mul_ln165_150 | mul | auto   | 1       |
|    result_661_fu_7990_p2    | -   |        | result_661    | add | fabric | 0       |
|    mul_32s_32s_32_2_1_U188  | 3   |        | mul_ln165_151 | mul | auto   | 1       |
|    result_662_fu_8002_p2    | -   |        | result_662    | add | fabric | 0       |
|    mul_32s_32s_32_2_1_U189  | 3   |        | mul_ln165_152 | mul | auto   | 1       |
|    result_663_fu_8014_p2    | -   |        | result_663    | add | fabric | 0       |
|    mul_32s_32s_32_2_1_U190  | 3   |        | mul_ln165_153 | mul | auto   | 1       |
|    result_664_fu_8026_p2    | -   |        | result_664    | add | fabric | 0       |
|    mul_32s_32s_32_2_1_U191  | 3   |        | mul_ln165_154 | mul | auto   | 1       |
|    result_665_fu_8038_p2    | -   |        | result_665    | add | fabric | 0       |
|    mul_32s_32s_32_2_1_U192  | 3   |        | mul_ln165_155 | mul | auto   | 1       |
|    result_666_fu_8050_p2    | -   |        | result_666    | add | fabric | 0       |
|    mul_32s_32s_32_2_1_U193  | 3   |        | mul_ln165_156 | mul | auto   | 1       |
|    result_667_fu_8062_p2    | -   |        | result_667    | add | fabric | 0       |
|    mul_32s_32s_32_2_1_U194  | 3   |        | mul_ln165_157 | mul | auto   | 1       |
|    result_668_fu_8074_p2    | -   |        | result_668    | add | fabric | 0       |
|    mul_32s_32s_32_2_1_U195  | 3   |        | mul_ln165_158 | mul | auto   | 1       |
|    result_669_fu_8086_p2    | -   |        | result_669    | add | fabric | 0       |
|    mul_32s_32s_32_2_1_U196  | 3   |        | mul_ln165_159 | mul | auto   | 1       |
|    result_670_fu_8098_p2    | -   |        | result_670    | add | fabric | 0       |
|    mul_32s_32s_32_2_1_U197  | 3   |        | mul_ln165_160 | mul | auto   | 1       |
|    result_671_fu_8110_p2    | -   |        | result_671    | add | fabric | 0       |
|    mul_32s_32s_32_2_1_U198  | 3   |        | mul_ln165_161 | mul | auto   | 1       |
|    result_672_fu_8122_p2    | -   |        | result_672    | add | fabric | 0       |
|    mul_32s_32s_32_2_1_U199  | 3   |        | mul_ln165_162 | mul | auto   | 1       |
|    result_673_fu_8134_p2    | -   |        | result_673    | add | fabric | 0       |
|    mul_32s_32s_32_2_1_U200  | 3   |        | mul_ln165_163 | mul | auto   | 1       |
|    result_674_fu_8146_p2    | -   |        | result_674    | add | fabric | 0       |
|    mul_32s_32s_32_2_1_U201  | 3   |        | mul_ln165_164 | mul | auto   | 1       |
|    result_675_fu_8158_p2    | -   |        | result_675    | add | fabric | 0       |
|    mul_32s_32s_32_2_1_U202  | 3   |        | mul_ln165_165 | mul | auto   | 1       |
|    result_676_fu_8170_p2    | -   |        | result_676    | add | fabric | 0       |
|    mul_32s_32s_32_2_1_U203  | 3   |        | mul_ln165_166 | mul | auto   | 1       |
|    result_677_fu_8182_p2    | -   |        | result_677    | add | fabric | 0       |
|    mul_32s_32s_32_2_1_U204  | 3   |        | mul_ln165_167 | mul | auto   | 1       |
|    result_678_fu_8194_p2    | -   |        | result_678    | add | fabric | 0       |
|    mul_32s_32s_32_2_1_U205  | 3   |        | mul_ln165_168 | mul | auto   | 1       |
|    result_679_fu_8206_p2    | -   |        | result_679    | add | fabric | 0       |
|    mul_32s_32s_32_2_1_U206  | 3   |        | mul_ln165_169 | mul | auto   | 1       |
|    result_680_fu_8218_p2    | -   |        | result_680    | add | fabric | 0       |
|    mul_32s_32s_32_2_1_U207  | 3   |        | mul_ln165_170 | mul | auto   | 1       |
|    result_681_fu_8230_p2    | -   |        | result_681    | add | fabric | 0       |
|    mul_32s_32s_32_2_1_U208  | 3   |        | mul_ln165_171 | mul | auto   | 1       |
|    result_682_fu_8242_p2    | -   |        | result_682    | add | fabric | 0       |
|    mul_32s_32s_32_2_1_U209  | 3   |        | mul_ln165_172 | mul | auto   | 1       |
|    result_683_fu_8254_p2    | -   |        | result_683    | add | fabric | 0       |
|    mul_32s_32s_32_2_1_U210  | 3   |        | mul_ln165_173 | mul | auto   | 1       |
|    result_684_fu_8266_p2    | -   |        | result_684    | add | fabric | 0       |
|    mul_32s_32s_32_2_1_U211  | 3   |        | mul_ln165_174 | mul | auto   | 1       |
|    result_685_fu_8278_p2    | -   |        | result_685    | add | fabric | 0       |
|    mul_32s_32s_32_2_1_U212  | 3   |        | mul_ln165_175 | mul | auto   | 1       |
|    result_686_fu_8290_p2    | -   |        | result_686    | add | fabric | 0       |
|    mul_32s_32s_32_2_1_U213  | 3   |        | mul_ln165_176 | mul | auto   | 1       |
|    result_687_fu_8302_p2    | -   |        | result_687    | add | fabric | 0       |
|    mul_32s_32s_32_2_1_U214  | 3   |        | mul_ln165_177 | mul | auto   | 1       |
|    result_688_fu_8314_p2    | -   |        | result_688    | add | fabric | 0       |
|    mul_32s_32s_32_2_1_U215  | 3   |        | mul_ln165_178 | mul | auto   | 1       |
|    result_689_fu_8326_p2    | -   |        | result_689    | add | fabric | 0       |
|    mul_32s_32s_32_2_1_U216  | 3   |        | mul_ln165_179 | mul | auto   | 1       |
|    result_690_fu_8338_p2    | -   |        | result_690    | add | fabric | 0       |
|    mul_32s_32s_32_2_1_U217  | 3   |        | mul_ln165_180 | mul | auto   | 1       |
|    result_691_fu_8350_p2    | -   |        | result_691    | add | fabric | 0       |
|    mul_32s_32s_32_2_1_U218  | 3   |        | mul_ln165_181 | mul | auto   | 1       |
|    result_692_fu_8362_p2    | -   |        | result_692    | add | fabric | 0       |
|    mul_32s_32s_32_2_1_U219  | 3   |        | mul_ln165_182 | mul | auto   | 1       |
|    result_693_fu_8374_p2    | -   |        | result_693    | add | fabric | 0       |
|    mul_32s_32s_32_2_1_U220  | 3   |        | mul_ln165_183 | mul | auto   | 1       |
|    result_694_fu_8386_p2    | -   |        | result_694    | add | fabric | 0       |
|    mul_32s_32s_32_2_1_U221  | 3   |        | mul_ln165_184 | mul | auto   | 1       |
|    result_695_fu_8398_p2    | -   |        | result_695    | add | fabric | 0       |
|    mul_32s_32s_32_2_1_U222  | 3   |        | mul_ln165_185 | mul | auto   | 1       |
|    result_696_fu_8410_p2    | -   |        | result_696    | add | fabric | 0       |
|    mul_32s_32s_32_2_1_U223  | 3   |        | mul_ln165_186 | mul | auto   | 1       |
|    result_697_fu_8422_p2    | -   |        | result_697    | add | fabric | 0       |
|    mul_32s_32s_32_2_1_U224  | 3   |        | mul_ln165_187 | mul | auto   | 1       |
|    result_698_fu_8434_p2    | -   |        | result_698    | add | fabric | 0       |
|    mul_32s_32s_32_2_1_U225  | 3   |        | mul_ln165_188 | mul | auto   | 1       |
|    result_699_fu_8446_p2    | -   |        | result_699    | add | fabric | 0       |
|    mul_32s_32s_32_2_1_U226  | 3   |        | mul_ln165_189 | mul | auto   | 1       |
|    result_700_fu_8458_p2    | -   |        | result_700    | add | fabric | 0       |
|    mul_32s_32s_32_2_1_U227  | 3   |        | mul_ln165_190 | mul | auto   | 1       |
|    result_701_fu_8470_p2    | -   |        | result_701    | add | fabric | 0       |
|    mul_32s_32s_32_2_1_U228  | 3   |        | mul_ln165_191 | mul | auto   | 1       |
|    result_702_fu_8482_p2    | -   |        | result_702    | add | fabric | 0       |
|    mul_32s_32s_32_2_1_U229  | 3   |        | mul_ln165_192 | mul | auto   | 1       |
|    result_703_fu_8494_p2    | -   |        | result_703    | add | fabric | 0       |
|    mul_32s_32s_32_2_1_U230  | 3   |        | mul_ln165_193 | mul | auto   | 1       |
|    result_704_fu_8506_p2    | -   |        | result_704    | add | fabric | 0       |
|    mul_32s_32s_32_2_1_U231  | 3   |        | mul_ln165_194 | mul | auto   | 1       |
|    result_705_fu_8518_p2    | -   |        | result_705    | add | fabric | 0       |
|    mul_32s_32s_32_2_1_U232  | 3   |        | mul_ln165_195 | mul | auto   | 1       |
|    result_706_fu_8530_p2    | -   |        | result_706    | add | fabric | 0       |
|    mul_32s_32s_32_2_1_U233  | 3   |        | mul_ln165_196 | mul | auto   | 1       |
|    result_707_fu_8542_p2    | -   |        | result_707    | add | fabric | 0       |
|    mul_32s_32s_32_2_1_U234  | 3   |        | mul_ln165_197 | mul | auto   | 1       |
|    result_708_fu_8554_p2    | -   |        | result_708    | add | fabric | 0       |
|    mul_32s_32s_32_2_1_U235  | 3   |        | mul_ln165_198 | mul | auto   | 1       |
|    result_709_fu_8566_p2    | -   |        | result_709    | add | fabric | 0       |
|    mul_32s_32s_32_2_1_U236  | 3   |        | mul_ln165_199 | mul | auto   | 1       |
|    result_710_fu_8578_p2    | -   |        | result_710    | add | fabric | 0       |
|    mul_32s_32s_32_2_1_U237  | 3   |        | mul_ln165_200 | mul | auto   | 1       |
|    result_711_fu_8590_p2    | -   |        | result_711    | add | fabric | 0       |
|    mul_32s_32s_32_2_1_U238  | 3   |        | mul_ln165_201 | mul | auto   | 1       |
|    result_712_fu_8602_p2    | -   |        | result_712    | add | fabric | 0       |
|    mul_32s_32s_32_2_1_U239  | 3   |        | mul_ln165_202 | mul | auto   | 1       |
|    result_713_fu_8614_p2    | -   |        | result_713    | add | fabric | 0       |
|    mul_32s_32s_32_2_1_U240  | 3   |        | mul_ln165_203 | mul | auto   | 1       |
|    result_714_fu_8626_p2    | -   |        | result_714    | add | fabric | 0       |
|    mul_32s_32s_32_2_1_U241  | 3   |        | mul_ln165_204 | mul | auto   | 1       |
|    result_715_fu_8638_p2    | -   |        | result_715    | add | fabric | 0       |
|    mul_32s_32s_32_2_1_U242  | 3   |        | mul_ln165_205 | mul | auto   | 1       |
|    result_716_fu_8650_p2    | -   |        | result_716    | add | fabric | 0       |
|    mul_32s_32s_32_2_1_U243  | 3   |        | mul_ln165_206 | mul | auto   | 1       |
|    result_717_fu_8662_p2    | -   |        | result_717    | add | fabric | 0       |
|    mul_32s_32s_32_2_1_U244  | 3   |        | mul_ln165_207 | mul | auto   | 1       |
|    result_718_fu_8674_p2    | -   |        | result_718    | add | fabric | 0       |
|    mul_32s_32s_32_2_1_U245  | 3   |        | mul_ln165_208 | mul | auto   | 1       |
|    result_719_fu_8686_p2    | -   |        | result_719    | add | fabric | 0       |
|    mul_32s_32s_32_2_1_U246  | 3   |        | mul_ln165_209 | mul | auto   | 1       |
|    result_720_fu_8698_p2    | -   |        | result_720    | add | fabric | 0       |
|    mul_32s_32s_32_2_1_U247  | 3   |        | mul_ln165_210 | mul | auto   | 1       |
|    result_721_fu_8710_p2    | -   |        | result_721    | add | fabric | 0       |
|    mul_32s_32s_32_2_1_U248  | 3   |        | mul_ln165_211 | mul | auto   | 1       |
|    result_722_fu_8722_p2    | -   |        | result_722    | add | fabric | 0       |
|    mul_32s_32s_32_2_1_U249  | 3   |        | mul_ln165_212 | mul | auto   | 1       |
|    result_723_fu_8734_p2    | -   |        | result_723    | add | fabric | 0       |
|    mul_32s_32s_32_2_1_U250  | 3   |        | mul_ln165_213 | mul | auto   | 1       |
|    result_724_fu_8746_p2    | -   |        | result_724    | add | fabric | 0       |
|    mul_32s_32s_32_2_1_U251  | 3   |        | mul_ln165_214 | mul | auto   | 1       |
|    result_725_fu_8758_p2    | -   |        | result_725    | add | fabric | 0       |
|    mul_32s_32s_32_2_1_U252  | 3   |        | mul_ln165_215 | mul | auto   | 1       |
|    result_726_fu_8770_p2    | -   |        | result_726    | add | fabric | 0       |
|    mul_32s_32s_32_2_1_U253  | 3   |        | mul_ln165_216 | mul | auto   | 1       |
|    result_727_fu_8782_p2    | -   |        | result_727    | add | fabric | 0       |
|    mul_32s_32s_32_2_1_U254  | 3   |        | mul_ln165_217 | mul | auto   | 1       |
|    result_728_fu_8794_p2    | -   |        | result_728    | add | fabric | 0       |
|    mul_32s_32s_32_2_1_U255  | 3   |        | mul_ln165_218 | mul | auto   | 1       |
|    result_729_fu_8806_p2    | -   |        | result_729    | add | fabric | 0       |
|    mul_32s_32s_32_2_1_U256  | 3   |        | mul_ln165_219 | mul | auto   | 1       |
|    result_730_fu_8818_p2    | -   |        | result_730    | add | fabric | 0       |
|    mul_32s_32s_32_2_1_U257  | 3   |        | mul_ln165_220 | mul | auto   | 1       |
|    result_731_fu_8830_p2    | -   |        | result_731    | add | fabric | 0       |
|    mul_32s_32s_32_2_1_U258  | 3   |        | mul_ln165_221 | mul | auto   | 1       |
|    result_732_fu_8842_p2    | -   |        | result_732    | add | fabric | 0       |
|    mul_32s_32s_32_2_1_U259  | 3   |        | mul_ln165_222 | mul | auto   | 1       |
|    result_733_fu_8854_p2    | -   |        | result_733    | add | fabric | 0       |
|    mul_32s_32s_32_2_1_U260  | 3   |        | mul_ln165_223 | mul | auto   | 1       |
|    result_734_fu_8866_p2    | -   |        | result_734    | add | fabric | 0       |
|    mul_32s_32s_32_2_1_U261  | 3   |        | mul_ln165_224 | mul | auto   | 1       |
|    result_735_fu_8878_p2    | -   |        | result_735    | add | fabric | 0       |
|    mul_32s_32s_32_2_1_U262  | 3   |        | mul_ln165_225 | mul | auto   | 1       |
|    result_736_fu_8890_p2    | -   |        | result_736    | add | fabric | 0       |
|    mul_32s_32s_32_2_1_U263  | 3   |        | mul_ln165_226 | mul | auto   | 1       |
|    result_737_fu_8902_p2    | -   |        | result_737    | add | fabric | 0       |
|    mul_32s_32s_32_2_1_U264  | 3   |        | mul_ln165_227 | mul | auto   | 1       |
|    result_738_fu_8914_p2    | -   |        | result_738    | add | fabric | 0       |
|    mul_32s_32s_32_2_1_U265  | 3   |        | mul_ln165_228 | mul | auto   | 1       |
|    result_739_fu_8926_p2    | -   |        | result_739    | add | fabric | 0       |
|    mul_32s_32s_32_2_1_U266  | 3   |        | mul_ln165_229 | mul | auto   | 1       |
|    result_740_fu_8938_p2    | -   |        | result_740    | add | fabric | 0       |
|    mul_32s_32s_32_2_1_U267  | 3   |        | mul_ln165_230 | mul | auto   | 1       |
|    result_741_fu_8950_p2    | -   |        | result_741    | add | fabric | 0       |
|    mul_32s_32s_32_2_1_U268  | 3   |        | mul_ln165_231 | mul | auto   | 1       |
|    result_742_fu_8962_p2    | -   |        | result_742    | add | fabric | 0       |
|    mul_32s_32s_32_2_1_U269  | 3   |        | mul_ln165_232 | mul | auto   | 1       |
|    result_743_fu_8974_p2    | -   |        | result_743    | add | fabric | 0       |
|    mul_32s_32s_32_2_1_U270  | 3   |        | mul_ln165_233 | mul | auto   | 1       |
|    result_744_fu_8986_p2    | -   |        | result_744    | add | fabric | 0       |
|    mul_32s_32s_32_2_1_U271  | 3   |        | mul_ln165_234 | mul | auto   | 1       |
|    result_745_fu_8998_p2    | -   |        | result_745    | add | fabric | 0       |
|    mul_32s_32s_32_2_1_U272  | 3   |        | mul_ln165_235 | mul | auto   | 1       |
|    result_746_fu_9010_p2    | -   |        | result_746    | add | fabric | 0       |
|    mul_32s_32s_32_2_1_U273  | 3   |        | mul_ln165_236 | mul | auto   | 1       |
|    result_747_fu_9022_p2    | -   |        | result_747    | add | fabric | 0       |
|    mul_32s_32s_32_2_1_U274  | 3   |        | mul_ln165_237 | mul | auto   | 1       |
|    result_748_fu_9034_p2    | -   |        | result_748    | add | fabric | 0       |
|    mul_32s_32s_32_2_1_U275  | 3   |        | mul_ln165_238 | mul | auto   | 1       |
|    result_749_fu_9046_p2    | -   |        | result_749    | add | fabric | 0       |
|    mul_32s_32s_32_2_1_U276  | 3   |        | mul_ln165_239 | mul | auto   | 1       |
|    result_750_fu_9058_p2    | -   |        | result_750    | add | fabric | 0       |
|    mul_32s_32s_32_2_1_U277  | 3   |        | mul_ln165_240 | mul | auto   | 1       |
|    result_751_fu_9070_p2    | -   |        | result_751    | add | fabric | 0       |
|    mul_32s_32s_32_2_1_U278  | 3   |        | mul_ln165_241 | mul | auto   | 1       |
|    result_752_fu_9082_p2    | -   |        | result_752    | add | fabric | 0       |
|    mul_32s_32s_32_2_1_U279  | 3   |        | mul_ln165_242 | mul | auto   | 1       |
|    result_753_fu_9094_p2    | -   |        | result_753    | add | fabric | 0       |
|    mul_32s_32s_32_2_1_U280  | 3   |        | mul_ln165_243 | mul | auto   | 1       |
|    result_754_fu_9106_p2    | -   |        | result_754    | add | fabric | 0       |
|    mul_32s_32s_32_2_1_U281  | 3   |        | mul_ln165_244 | mul | auto   | 1       |
|    result_755_fu_9118_p2    | -   |        | result_755    | add | fabric | 0       |
|    mul_32s_32s_32_2_1_U282  | 3   |        | mul_ln165_245 | mul | auto   | 1       |
|    result_756_fu_9130_p2    | -   |        | result_756    | add | fabric | 0       |
|    mul_32s_32s_32_2_1_U283  | 3   |        | mul_ln165_246 | mul | auto   | 1       |
|    result_757_fu_9142_p2    | -   |        | result_757    | add | fabric | 0       |
|    mul_32s_32s_32_2_1_U284  | 3   |        | mul_ln165_247 | mul | auto   | 1       |
|    result_758_fu_9154_p2    | -   |        | result_758    | add | fabric | 0       |
|    mul_32s_32s_32_2_1_U285  | 3   |        | mul_ln165_248 | mul | auto   | 1       |
|    result_759_fu_9166_p2    | -   |        | result_759    | add | fabric | 0       |
|    mul_32s_32s_32_2_1_U286  | 3   |        | mul_ln165_249 | mul | auto   | 1       |
|    result_760_fu_9178_p2    | -   |        | result_760    | add | fabric | 0       |
|    mul_32s_32s_32_2_1_U287  | 3   |        | mul_ln165_250 | mul | auto   | 1       |
|    result_761_fu_9190_p2    | -   |        | result_761    | add | fabric | 0       |
|    mul_32s_32s_32_2_1_U288  | 3   |        | mul_ln165_251 | mul | auto   | 1       |
|    result_762_fu_9202_p2    | -   |        | result_762    | add | fabric | 0       |
|    mul_32s_32s_32_2_1_U289  | 3   |        | mul_ln165_252 | mul | auto   | 1       |
|    result_763_fu_9214_p2    | -   |        | result_763    | add | fabric | 0       |
|    mul_32s_32s_32_2_1_U290  | 3   |        | mul_ln165_253 | mul | auto   | 1       |
|    result_764_fu_9226_p2    | -   |        | result_764    | add | fabric | 0       |
|    mul_32s_32s_32_2_1_U291  | 3   |        | mul_ln165_254 | mul | auto   | 1       |
|    result_765_fu_9238_p2    | -   |        | result_765    | add | fabric | 0       |
|    mul_32s_32s_32_2_1_U292  | 3   |        | mul_ln165_255 | mul | auto   | 1       |
|    result_766_fu_9250_p2    | -   |        | result_766    | add | fabric | 0       |
|  + mmult_Pipeline_4         | 0   |        |               |     |        |         |
|    empty_fu_2167_p2         | -   |        | empty         | add | fabric | 0       |
+-----------------------------+-----+--------+---------------+-----+--------+---------+


================================================================
== Bind Storage Report
================================================================
+---------------+------+------+--------+-----------+---------+------+---------+
| Name          | BRAM | URAM | Pragma | Variable  | Storage | Impl | Latency |
+---------------+------+------+--------+-----------+---------+------+---------+
| + mmult       | 30   | 0    |        |           |         |      |         |
|   localA_U    | -    | -    |        | localA    | ram_1p  | auto | 1       |
|   localA_1_U  | -    | -    |        | localA_1  | ram_1p  | auto | 1       |
|   localA_2_U  | -    | -    |        | localA_2  | ram_1p  | auto | 1       |
|   localA_3_U  | -    | -    |        | localA_3  | ram_1p  | auto | 1       |
|   localA_4_U  | -    | -    |        | localA_4  | ram_1p  | auto | 1       |
|   localA_5_U  | -    | -    |        | localA_5  | ram_1p  | auto | 1       |
|   localA_6_U  | -    | -    |        | localA_6  | ram_1p  | auto | 1       |
|   localA_7_U  | -    | -    |        | localA_7  | ram_1p  | auto | 1       |
|   localA_8_U  | -    | -    |        | localA_8  | ram_1p  | auto | 1       |
|   localA_9_U  | -    | -    |        | localA_9  | ram_1p  | auto | 1       |
|   localA_10_U | -    | -    |        | localA_10 | ram_1p  | auto | 1       |
|   localA_11_U | -    | -    |        | localA_11 | ram_1p  | auto | 1       |
|   localA_12_U | -    | -    |        | localA_12 | ram_1p  | auto | 1       |
|   localA_13_U | -    | -    |        | localA_13 | ram_1p  | auto | 1       |
|   localA_14_U | -    | -    |        | localA_14 | ram_1p  | auto | 1       |
|   localA_15_U | -    | -    |        | localA_15 | ram_1p  | auto | 1       |
|   localB_U    | -    | -    |        | localB    | ram_1p  | auto | 1       |
|   localB_1_U  | -    | -    |        | localB_1  | ram_1p  | auto | 1       |
|   localB_2_U  | -    | -    |        | localB_2  | ram_1p  | auto | 1       |
|   localB_3_U  | -    | -    |        | localB_3  | ram_1p  | auto | 1       |
|   localB_4_U  | -    | -    |        | localB_4  | ram_1p  | auto | 1       |
|   localB_5_U  | -    | -    |        | localB_5  | ram_1p  | auto | 1       |
|   localB_6_U  | -    | -    |        | localB_6  | ram_1p  | auto | 1       |
|   localB_7_U  | -    | -    |        | localB_7  | ram_1p  | auto | 1       |
|   localB_8_U  | -    | -    |        | localB_8  | ram_1p  | auto | 1       |
|   localB_9_U  | -    | -    |        | localB_9  | ram_1p  | auto | 1       |
|   localB_10_U | -    | -    |        | localB_10 | ram_1p  | auto | 1       |
|   localB_11_U | -    | -    |        | localB_11 | ram_1p  | auto | 1       |
|   localB_12_U | -    | -    |        | localB_12 | ram_1p  | auto | 1       |
|   localB_13_U | -    | -    |        | localB_13 | ram_1p  | auto | 1       |
|   localB_14_U | -    | -    |        | localB_14 | ram_1p  | auto | 1       |
|   localB_15_U | -    | -    |        | localB_15 | ram_1p  | auto | 1       |
+---------------+------+------+--------+-----------+---------+------+---------+


================================================================
== User Pragma Report
================================================================
* Valid Pragma Syntax
+-----------------+--------------------------------------------+----------------------------------+
| Type            | Options                                    | Location                         |
+-----------------+--------------------------------------------+----------------------------------+
| interface       | m_axi port=a offset=direct bundle=systolic | ./mmult.cpp:76 in mmult, a       |
| interface       | m_axi port=b offset=direct bundle=systolic | ./mmult.cpp:77 in mmult, b       |
| interface       | m_axi port=c offset=direct bundle=systolic | ./mmult.cpp:78 in mmult, c       |
| interface       | ap_vld port=a_row                          | ./mmult.cpp:80 in mmult, a_row   |
| interface       | ap_vld port=a_col                          | ./mmult.cpp:81 in mmult, a_col   |
| interface       | ap_vld port=b_col                          | ./mmult.cpp:82 in mmult, b_col   |
| interface       | ap_vld port=work_id                        | ./mmult.cpp:83 in mmult, work_id |
| interface       | mode=ap_ctrl_hs port=return                | ./mmult.cpp:85 in mmult, return  |
| array_partition | variable=localA dim=1 complete             | ./mmult.cpp:93 in mmult, localA  |
| array_partition | variable=localB dim=2 complete             | ./mmult.cpp:96 in mmult, localB  |
| array_partition | variable = localC dim = 0 complete         | ./mmult.cpp:99 in mmult          |
| loop_tripcount  | min=c_size max=c_size                      | ./mmult.cpp:151 in mmult         |
| pipeline        | II=1                                       | ./mmult.cpp:152 in mmult         |
+-----------------+--------------------------------------------+----------------------------------+


