

================================================================
== Vitis HLS Report for 'mmult'
================================================================
* Date:           Fri Oct 18 05:35:42 2024

* Version:        2021.2 (Build 3367213 on Tue Oct 19 02:47:39 MDT 2021)
* Project:        mmult
* Solution:       solution1 (Vivado IP Flow Target)
* Product family: virtexuplus
* Target device:  xcvu9p-flga2104-2L-e


================================================================
== Performance Estimates
================================================================
+ Timing: 
    * Summary: 
    +--------+---------+----------+------------+
    |  Clock |  Target | Estimated| Uncertainty|
    +--------+---------+----------+------------+
    |ap_clk  |  4.00 ns|  2.920 ns|     1.08 ns|
    +--------+---------+----------+------------+

+ Latency: 
    * Summary: 
    +---------+---------+----------+----------+-----+-----+---------+
    |  Latency (cycles) |  Latency (absolute) |  Interval | Pipeline|
    |   min   |   max   |    min   |    max   | min | max |   Type  |
    +---------+---------+----------+----------+-----+-----+---------+
    |      823|      823|  3.292 us|  3.292 us|  824|  824|       no|
    +---------+---------+----------+----------+-----+-----+---------+

    + Detail: 
        * Instance: 
        +--------------------------------------+--------------------------+---------+---------+-----------+-----------+-----+-----+---------+
        |                                      |                          |  Latency (cycles) |   Latency (absolute)  |  Interval | Pipeline|
        |               Instance               |          Module          |   min   |   max   |    min    |    max    | min | max |   Type  |
        +--------------------------------------+--------------------------+---------+---------+-----------+-----------+-----+-----+---------+
        |grp_mmult_Pipeline_1_fu_1354          |mmult_Pipeline_1          |      259|      259|   1.036 us|   1.036 us|  259|  259|       no|
        |grp_mmult_Pipeline_2_fu_1377          |mmult_Pipeline_2          |      259|      259|   1.036 us|   1.036 us|  259|  259|       no|
        |grp_mmult_Pipeline_systolic1_fu_1400  |mmult_Pipeline_systolic1  |       21|       21|  84.000 ns|  84.000 ns|   21|   21|       no|
        |grp_mmult_Pipeline_4_fu_1726          |mmult_Pipeline_4          |      258|      258|   1.032 us|   1.032 us|  258|  258|       no|
        +--------------------------------------+--------------------------+---------+---------+-----------+-----------+-----+-----+---------+

        * Loop: 
        N/A



================================================================
== Utilization Estimates
================================================================
* Summary: 
+---------------------+---------+------+---------+---------+-----+
|         Name        | BRAM_18K|  DSP |    FF   |   LUT   | URAM|
+---------------------+---------+------+---------+---------+-----+
|DSP                  |        -|     -|        -|        -|    -|
|Expression           |        -|     -|        0|      630|    -|
|FIFO                 |        -|     -|        -|        -|    -|
|Instance             |       30|   768|    63811|    35343|    -|
|Memory               |        0|     -|     1024|     1056|    0|
|Multiplexer          |        -|     -|        -|     1855|    -|
|Register             |        -|     -|      369|        -|    -|
+---------------------+---------+------+---------+---------+-----+
|Total                |       30|   768|    65204|    38884|    0|
+---------------------+---------+------+---------+---------+-----+
|Available SLR        |     1440|  2280|   788160|   394080|  320|
+---------------------+---------+------+---------+---------+-----+
|Utilization SLR (%)  |        2|    33|        8|        9|    0|
+---------------------+---------+------+---------+---------+-----+
|Available            |     4320|  6840|  2364480|  1182240|  960|
+---------------------+---------+------+---------+---------+-----+
|Utilization (%)      |       ~0|    11|        2|        3|    0|
+---------------------+---------+------+---------+---------+-----+

+ Detail: 
    * Instance: 
    +--------------------------------------+--------------------------+---------+-----+-------+-------+-----+
    |               Instance               |          Module          | BRAM_18K| DSP |   FF  |  LUT  | URAM|
    +--------------------------------------+--------------------------+---------+-----+-------+-------+-----+
    |grp_mmult_Pipeline_1_fu_1354          |mmult_Pipeline_1          |        0|    0|   1026|    112|    0|
    |grp_mmult_Pipeline_2_fu_1377          |mmult_Pipeline_2          |        0|    0|   1026|    112|    0|
    |grp_mmult_Pipeline_4_fu_1726          |mmult_Pipeline_4          |        0|    0|    525|   1609|    0|
    |grp_mmult_Pipeline_systolic1_fu_1400  |mmult_Pipeline_systolic1  |        0|  768|  59819|  31925|    0|
    |systolic_m_axi_U                      |systolic_m_axi            |       30|    0|   1415|   1585|    0|
    +--------------------------------------+--------------------------+---------+-----+-------+-------+-----+
    |Total                                 |                          |       30|  768|  63811|  35343|    0|
    +--------------------------------------+--------------------------+---------+-----+-------+-------+-----+

    * DSP: 
    N/A

    * Memory: 
    +-------------+----------------------+---------+----+----+-----+------+-----+------+-------------+
    |    Memory   |        Module        | BRAM_18K| FF | LUT| URAM| Words| Bits| Banks| W*Bits*Banks|
    +-------------+----------------------+---------+----+----+-----+------+-----+------+-------------+
    |localA_U     |localA_RAM_AUTO_1R1W  |        0|  32|  33|    0|    16|   32|     1|          512|
    |localA_1_U   |localA_RAM_AUTO_1R1W  |        0|  32|  33|    0|    16|   32|     1|          512|
    |localA_2_U   |localA_RAM_AUTO_1R1W  |        0|  32|  33|    0|    16|   32|     1|          512|
    |localA_3_U   |localA_RAM_AUTO_1R1W  |        0|  32|  33|    0|    16|   32|     1|          512|
    |localA_4_U   |localA_RAM_AUTO_1R1W  |        0|  32|  33|    0|    16|   32|     1|          512|
    |localA_5_U   |localA_RAM_AUTO_1R1W  |        0|  32|  33|    0|    16|   32|     1|          512|
    |localA_6_U   |localA_RAM_AUTO_1R1W  |        0|  32|  33|    0|    16|   32|     1|          512|
    |localA_7_U   |localA_RAM_AUTO_1R1W  |        0|  32|  33|    0|    16|   32|     1|          512|
    |localA_8_U   |localA_RAM_AUTO_1R1W  |        0|  32|  33|    0|    16|   32|     1|          512|
    |localA_9_U   |localA_RAM_AUTO_1R1W  |        0|  32|  33|    0|    16|   32|     1|          512|
    |localA_10_U  |localA_RAM_AUTO_1R1W  |        0|  32|  33|    0|    16|   32|     1|          512|
    |localA_11_U  |localA_RAM_AUTO_1R1W  |        0|  32|  33|    0|    16|   32|     1|          512|
    |localA_12_U  |localA_RAM_AUTO_1R1W  |        0|  32|  33|    0|    16|   32|     1|          512|
    |localA_13_U  |localA_RAM_AUTO_1R1W  |        0|  32|  33|    0|    16|   32|     1|          512|
    |localA_14_U  |localA_RAM_AUTO_1R1W  |        0|  32|  33|    0|    16|   32|     1|          512|
    |localA_15_U  |localA_RAM_AUTO_1R1W  |        0|  32|  33|    0|    16|   32|     1|          512|
    |localB_U     |localA_RAM_AUTO_1R1W  |        0|  32|  33|    0|    16|   32|     1|          512|
    |localB_1_U   |localA_RAM_AUTO_1R1W  |        0|  32|  33|    0|    16|   32|     1|          512|
    |localB_2_U   |localA_RAM_AUTO_1R1W  |        0|  32|  33|    0|    16|   32|     1|          512|
    |localB_3_U   |localA_RAM_AUTO_1R1W  |        0|  32|  33|    0|    16|   32|     1|          512|
    |localB_4_U   |localA_RAM_AUTO_1R1W  |        0|  32|  33|    0|    16|   32|     1|          512|
    |localB_5_U   |localA_RAM_AUTO_1R1W  |        0|  32|  33|    0|    16|   32|     1|          512|
    |localB_6_U   |localA_RAM_AUTO_1R1W  |        0|  32|  33|    0|    16|   32|     1|          512|
    |localB_7_U   |localA_RAM_AUTO_1R1W  |        0|  32|  33|    0|    16|   32|     1|          512|
    |localB_8_U   |localA_RAM_AUTO_1R1W  |        0|  32|  33|    0|    16|   32|     1|          512|
    |localB_9_U   |localA_RAM_AUTO_1R1W  |        0|  32|  33|    0|    16|   32|     1|          512|
    |localB_10_U  |localA_RAM_AUTO_1R1W  |        0|  32|  33|    0|    16|   32|     1|          512|
    |localB_11_U  |localA_RAM_AUTO_1R1W  |        0|  32|  33|    0|    16|   32|     1|          512|
    |localB_12_U  |localA_RAM_AUTO_1R1W  |        0|  32|  33|    0|    16|   32|     1|          512|
    |localB_13_U  |localA_RAM_AUTO_1R1W  |        0|  32|  33|    0|    16|   32|     1|          512|
    |localB_14_U  |localA_RAM_AUTO_1R1W  |        0|  32|  33|    0|    16|   32|     1|          512|
    |localB_15_U  |localA_RAM_AUTO_1R1W  |        0|  32|  33|    0|    16|   32|     1|          512|
    +-------------+----------------------+---------+----+----+-----+------+-----+------+-------------+
    |Total        |                      |        0|1024|1056|    0|   512| 1024|    32|        16384|
    +-------------+----------------------+---------+----+----+-----+------+-----+------+-------------+

    * FIFO: 
    N/A

    * Expression: 
    +------------------------+----------+----+---+----+------------+------------+
    |      Variable Name     | Operation| DSP| FF| LUT| Bitwidth P0| Bitwidth P1|
    +------------------------+----------+----+---+----+------------+------------+
    |cmp15_1099_fu_2138_p2   |      icmp|   0|  0|  20|          32|           4|
    |cmp15_11108_fu_2145_p2  |      icmp|   0|  0|  20|          32|           4|
    |cmp15_12117_fu_2152_p2  |      icmp|   0|  0|  20|          32|           4|
    |cmp15_13126_fu_2159_p2  |      icmp|   0|  0|  20|          32|           4|
    |cmp15_14135_fu_2166_p2  |      icmp|   0|  0|  20|          32|           4|
    |cmp15_227_fu_2062_p2    |      icmp|   0|  0|  20|          32|           2|
    |cmp15_445_fu_2086_p2    |      icmp|   0|  0|  20|          32|           3|
    |cmp15_554_fu_2093_p2    |      icmp|   0|  0|  20|          32|           3|
    |cmp15_663_fu_2100_p2    |      icmp|   0|  0|  20|          32|           3|
    |cmp15_881_fu_2124_p2    |      icmp|   0|  0|  20|          32|           4|
    |cmp15_990_fu_2131_p2    |      icmp|   0|  0|  20|          32|           4|
    |cmp15_fu_2038_p2        |      icmp|   0|  0|  20|          32|           1|
    |cmp7_10_not_fu_2283_p2  |      icmp|   0|  0|  20|          32|           4|
    |cmp7_11_not_fu_2290_p2  |      icmp|   0|  0|  20|          32|           4|
    |cmp7_12_not_fu_2297_p2  |      icmp|   0|  0|  20|          32|           4|
    |cmp7_13_not_fu_2304_p2  |      icmp|   0|  0|  20|          32|           4|
    |cmp7_14_not_fu_2311_p2  |      icmp|   0|  0|  20|          32|           4|
    |cmp7_2_not_fu_2207_p2   |      icmp|   0|  0|  20|          32|           2|
    |cmp7_4_not_fu_2231_p2   |      icmp|   0|  0|  20|          32|           3|
    |cmp7_5_not_fu_2238_p2   |      icmp|   0|  0|  20|          32|           3|
    |cmp7_6_not_fu_2245_p2   |      icmp|   0|  0|  20|          32|           3|
    |cmp7_8_not_fu_2269_p2   |      icmp|   0|  0|  20|          32|           4|
    |cmp7_9_not_fu_2276_p2   |      icmp|   0|  0|  20|          32|           4|
    |cmp7_not_fu_2031_p2     |      icmp|   0|  0|  20|          32|           1|
    |icmp13_fu_2079_p2       |      icmp|   0|  0|  19|          30|           1|
    |icmp16_fu_2117_p2       |      icmp|   0|  0|  18|          29|           1|
    |icmp19_fu_2183_p2       |      icmp|   0|  0|  18|          28|           1|
    |icmp22_fu_2200_p2       |      icmp|   0|  0|  19|          31|           1|
    |icmp25_fu_2224_p2       |      icmp|   0|  0|  19|          30|           1|
    |icmp28_fu_2262_p2       |      icmp|   0|  0|  18|          29|           1|
    |icmp31_fu_2328_p2       |      icmp|   0|  0|  18|          28|           1|
    |icmp_fu_2055_p2         |      icmp|   0|  0|  19|          31|           1|
    |ap_block_state19        |        or|   0|  0|   2|           1|           1|
    +------------------------+----------+----+---+----+------------+------------+
    |Total                   |          |   0|  0| 630|        1005|          89|
    +------------------------+----------+----+---+----+------------+------------+

    * Multiplexer: 
    +--------------------------+-----+-----------+-----+-----------+
    |           Name           | LUT | Input Size| Bits| Total Bits|
    +--------------------------+-----+-----------+-----+-----------+
    |a_col_ap_vld_in_sig       |    9|          2|    1|          2|
    |a_col_ap_vld_preg         |    9|          2|    1|          2|
    |a_col_blk_n               |    9|          2|    1|          2|
    |a_col_in_sig              |    9|          2|   32|         64|
    |a_row_ap_vld_in_sig       |    9|          2|    1|          2|
    |a_row_ap_vld_preg         |    9|          2|    1|          2|
    |a_row_blk_n               |    9|          2|    1|          2|
    |a_row_in_sig              |    9|          2|   32|         64|
    |ap_NS_fsm                 |  139|         28|    1|         28|
    |b_col_ap_vld_in_sig       |    9|          2|    1|          2|
    |b_col_ap_vld_preg         |    9|          2|    1|          2|
    |b_col_blk_n               |    9|          2|    1|          2|
    |b_col_in_sig              |    9|          2|   32|         64|
    |localA_10_address0        |   14|          3|    4|         12|
    |localA_10_ce0             |   14|          3|    1|          3|
    |localA_10_we0             |    9|          2|    1|          2|
    |localA_11_address0        |   14|          3|    4|         12|
    |localA_11_ce0             |   14|          3|    1|          3|
    |localA_11_we0             |    9|          2|    1|          2|
    |localA_12_address0        |   14|          3|    4|         12|
    |localA_12_ce0             |   14|          3|    1|          3|
    |localA_12_we0             |    9|          2|    1|          2|
    |localA_13_address0        |   14|          3|    4|         12|
    |localA_13_ce0             |   14|          3|    1|          3|
    |localA_13_we0             |    9|          2|    1|          2|
    |localA_14_address0        |   14|          3|    4|         12|
    |localA_14_ce0             |   14|          3|    1|          3|
    |localA_14_we0             |    9|          2|    1|          2|
    |localA_15_address0        |   14|          3|    4|         12|
    |localA_15_ce0             |   14|          3|    1|          3|
    |localA_15_we0             |    9|          2|    1|          2|
    |localA_1_address0         |   14|          3|    4|         12|
    |localA_1_ce0              |   14|          3|    1|          3|
    |localA_1_we0              |    9|          2|    1|          2|
    |localA_2_address0         |   14|          3|    4|         12|
    |localA_2_ce0              |   14|          3|    1|          3|
    |localA_2_we0              |    9|          2|    1|          2|
    |localA_3_address0         |   14|          3|    4|         12|
    |localA_3_ce0              |   14|          3|    1|          3|
    |localA_3_we0              |    9|          2|    1|          2|
    |localA_4_address0         |   14|          3|    4|         12|
    |localA_4_ce0              |   14|          3|    1|          3|
    |localA_4_we0              |    9|          2|    1|          2|
    |localA_5_address0         |   14|          3|    4|         12|
    |localA_5_ce0              |   14|          3|    1|          3|
    |localA_5_we0              |    9|          2|    1|          2|
    |localA_6_address0         |   14|          3|    4|         12|
    |localA_6_ce0              |   14|          3|    1|          3|
    |localA_6_we0              |    9|          2|    1|          2|
    |localA_7_address0         |   14|          3|    4|         12|
    |localA_7_ce0              |   14|          3|    1|          3|
    |localA_7_we0              |    9|          2|    1|          2|
    |localA_8_address0         |   14|          3|    4|         12|
    |localA_8_ce0              |   14|          3|    1|          3|
    |localA_8_we0              |    9|          2|    1|          2|
    |localA_9_address0         |   14|          3|    4|         12|
    |localA_9_ce0              |   14|          3|    1|          3|
    |localA_9_we0              |    9|          2|    1|          2|
    |localA_address0           |   14|          3|    4|         12|
    |localA_ce0                |   14|          3|    1|          3|
    |localA_we0                |    9|          2|    1|          2|
    |localB_10_address0        |   14|          3|    4|         12|
    |localB_10_ce0             |   14|          3|    1|          3|
    |localB_10_we0             |    9|          2|    1|          2|
    |localB_11_address0        |   14|          3|    4|         12|
    |localB_11_ce0             |   14|          3|    1|          3|
    |localB_11_we0             |    9|          2|    1|          2|
    |localB_12_address0        |   14|          3|    4|         12|
    |localB_12_ce0             |   14|          3|    1|          3|
    |localB_12_we0             |    9|          2|    1|          2|
    |localB_13_address0        |   14|          3|    4|         12|
    |localB_13_ce0             |   14|          3|    1|          3|
    |localB_13_we0             |    9|          2|    1|          2|
    |localB_14_address0        |   14|          3|    4|         12|
    |localB_14_ce0             |   14|          3|    1|          3|
    |localB_14_we0             |    9|          2|    1|          2|
    |localB_15_address0        |   14|          3|    4|         12|
    |localB_15_ce0             |   14|          3|    1|          3|
    |localB_15_we0             |    9|          2|    1|          2|
    |localB_1_address0         |   14|          3|    4|         12|
    |localB_1_ce0              |   14|          3|    1|          3|
    |localB_1_we0              |    9|          2|    1|          2|
    |localB_2_address0         |   14|          3|    4|         12|
    |localB_2_ce0              |   14|          3|    1|          3|
    |localB_2_we0              |    9|          2|    1|          2|
    |localB_3_address0         |   14|          3|    4|         12|
    |localB_3_ce0              |   14|          3|    1|          3|
    |localB_3_we0              |    9|          2|    1|          2|
    |localB_4_address0         |   14|          3|    4|         12|
    |localB_4_ce0              |   14|          3|    1|          3|
    |localB_4_we0              |    9|          2|    1|          2|
    |localB_5_address0         |   14|          3|    4|         12|
    |localB_5_ce0              |   14|          3|    1|          3|
    |localB_5_we0              |    9|          2|    1|          2|
    |localB_6_address0         |   14|          3|    4|         12|
    |localB_6_ce0              |   14|          3|    1|          3|
    |localB_6_we0              |    9|          2|    1|          2|
    |localB_7_address0         |   14|          3|    4|         12|
    |localB_7_ce0              |   14|          3|    1|          3|
    |localB_7_we0              |    9|          2|    1|          2|
    |localB_8_address0         |   14|          3|    4|         12|
    |localB_8_ce0              |   14|          3|    1|          3|
    |localB_8_we0              |    9|          2|    1|          2|
    |localB_9_address0         |   14|          3|    4|         12|
    |localB_9_ce0              |   14|          3|    1|          3|
    |localB_9_we0              |    9|          2|    1|          2|
    |localB_address0           |   14|          3|    4|         12|
    |localB_ce0                |   14|          3|    1|          3|
    |localB_we0                |    9|          2|    1|          2|
    |systolic_ARADDR           |   26|          5|   64|        320|
    |systolic_ARBURST          |   14|          3|    2|          6|
    |systolic_ARCACHE          |   14|          3|    4|         12|
    |systolic_ARID             |   14|          3|    1|          3|
    |systolic_ARLEN            |   20|          4|   32|        128|
    |systolic_ARLOCK           |   14|          3|    2|          6|
    |systolic_ARPROT           |   14|          3|    3|          9|
    |systolic_ARQOS            |   14|          3|    4|         12|
    |systolic_ARREGION         |   14|          3|    4|         12|
    |systolic_ARSIZE           |   14|          3|    3|          9|
    |systolic_ARUSER           |   14|          3|    1|          3|
    |systolic_ARVALID          |   20|          4|    1|          4|
    |systolic_AWADDR           |   14|          3|   64|        192|
    |systolic_AWBURST          |    9|          2|    2|          4|
    |systolic_AWCACHE          |    9|          2|    4|          8|
    |systolic_AWID             |    9|          2|    1|          2|
    |systolic_AWLEN            |   14|          3|   32|         96|
    |systolic_AWLOCK           |    9|          2|    2|          4|
    |systolic_AWPROT           |    9|          2|    3|          6|
    |systolic_AWQOS            |    9|          2|    4|          8|
    |systolic_AWREGION         |    9|          2|    4|          8|
    |systolic_AWSIZE           |    9|          2|    3|          6|
    |systolic_AWUSER           |    9|          2|    1|          2|
    |systolic_AWVALID          |   14|          3|    1|          3|
    |systolic_BREADY           |   14|          3|    1|          3|
    |systolic_RREADY           |   14|          3|    1|          3|
    |systolic_WVALID           |    9|          2|    1|          2|
    |systolic_blk_n_AR         |    9|          2|    1|          2|
    |systolic_blk_n_AW         |    9|          2|    1|          2|
    |systolic_blk_n_B          |    9|          2|    1|          2|
    |work_id_ap_vld_in_sig     |    9|          2|    1|          2|
    |work_id_ap_vld_preg       |    9|          2|    1|          2|
    |work_id_blk_n             |    9|          2|    1|          2|
    |work_id_in_sig            |    9|          2|   32|         64|
    |work_id_out_stream_blk_n  |    9|          2|    1|          2|
    +--------------------------+-----+-----------+-----+-----------+
    |Total                     | 1855|        399|  582|       1731|
    +--------------------------+-----+-----------+-----+-----------+

    * Register: 
    +---------------------------------------------------+----+----+-----+-----------+
    |                        Name                       | FF | LUT| Bits| Const Bits|
    +---------------------------------------------------+----+----+-----+-----------+
    |a_col_ap_vld_preg                                  |   1|   0|    1|          0|
    |a_col_preg                                         |  32|   0|   32|          0|
    |a_row_ap_vld_preg                                  |   1|   0|    1|          0|
    |a_row_preg                                         |  32|   0|   32|          0|
    |ap_CS_fsm                                          |  27|   0|   27|          0|
    |b_col_ap_vld_preg                                  |   1|   0|    1|          0|
    |b_col_preg                                         |  32|   0|   32|          0|
    |cmp15_1099_reg_4996                                |   1|   0|    1|          0|
    |cmp15_11108_reg_5001                               |   1|   0|    1|          0|
    |cmp15_12117_reg_5006                               |   1|   0|    1|          0|
    |cmp15_13126_reg_5011                               |   1|   0|    1|          0|
    |cmp15_14135_reg_5016                               |   1|   0|    1|          0|
    |cmp15_227_reg_4956                                 |   1|   0|    1|          0|
    |cmp15_445_reg_4966                                 |   1|   0|    1|          0|
    |cmp15_554_reg_4971                                 |   1|   0|    1|          0|
    |cmp15_663_reg_4976                                 |   1|   0|    1|          0|
    |cmp15_881_reg_4986                                 |   1|   0|    1|          0|
    |cmp15_990_reg_4991                                 |   1|   0|    1|          0|
    |cmp15_reg_4946                                     |   1|   0|    1|          0|
    |cmp7_10_not_reg_5071                               |   1|   0|    1|          0|
    |cmp7_11_not_reg_5076                               |   1|   0|    1|          0|
    |cmp7_12_not_reg_5081                               |   1|   0|    1|          0|
    |cmp7_13_not_reg_5086                               |   1|   0|    1|          0|
    |cmp7_14_not_reg_5091                               |   1|   0|    1|          0|
    |cmp7_2_not_reg_5031                                |   1|   0|    1|          0|
    |cmp7_4_not_reg_5041                                |   1|   0|    1|          0|
    |cmp7_5_not_reg_5046                                |   1|   0|    1|          0|
    |cmp7_6_not_reg_5051                                |   1|   0|    1|          0|
    |cmp7_8_not_reg_5061                                |   1|   0|    1|          0|
    |cmp7_9_not_reg_5066                                |   1|   0|    1|          0|
    |cmp7_not_reg_4941                                  |   1|   0|    1|          0|
    |grp_mmult_Pipeline_1_fu_1354_ap_start_reg          |   1|   0|    1|          0|
    |grp_mmult_Pipeline_2_fu_1377_ap_start_reg          |   1|   0|    1|          0|
    |grp_mmult_Pipeline_4_fu_1726_ap_start_reg          |   1|   0|    1|          0|
    |grp_mmult_Pipeline_systolic1_fu_1400_ap_start_reg  |   1|   0|    1|          0|
    |icmp13_reg_4961                                    |   1|   0|    1|          0|
    |icmp16_reg_4981                                    |   1|   0|    1|          0|
    |icmp19_reg_5021                                    |   1|   0|    1|          0|
    |icmp22_reg_5026                                    |   1|   0|    1|          0|
    |icmp25_reg_5036                                    |   1|   0|    1|          0|
    |icmp28_reg_5056                                    |   1|   0|    1|          0|
    |icmp31_reg_5096                                    |   1|   0|    1|          0|
    |icmp_reg_4951                                      |   1|   0|    1|          0|
    |trunc_ln1_reg_4926                                 |  58|   0|   58|          0|
    |trunc_ln2_reg_5101                                 |  58|   0|   58|          0|
    |trunc_ln_reg_4916                                  |  58|   0|   58|          0|
    |work_id_ap_vld_preg                                |   1|   0|    1|          0|
    |work_id_preg                                       |  32|   0|   32|          0|
    +---------------------------------------------------+----+----+-----+-----------+
    |Total                                              | 369|   0|  369|          0|
    +---------------------------------------------------+----+----+-----+-----------+



================================================================
== Interface
================================================================
* Summary: 
+---------------------------+-----+-----+------------+--------------------+--------------+
|         RTL Ports         | Dir | Bits|  Protocol  |    Source Object   |    C Type    |
+---------------------------+-----+-----+------------+--------------------+--------------+
|ap_local_block             |  out|    1|  ap_ctrl_hs|               mmult|  return value|
|ap_local_deadlock          |  out|    1|  ap_ctrl_hs|               mmult|  return value|
|ap_clk                     |   in|    1|  ap_ctrl_hs|               mmult|  return value|
|ap_rst_n                   |   in|    1|  ap_ctrl_hs|               mmult|  return value|
|ap_start                   |   in|    1|  ap_ctrl_hs|               mmult|  return value|
|ap_done                    |  out|    1|  ap_ctrl_hs|               mmult|  return value|
|ap_idle                    |  out|    1|  ap_ctrl_hs|               mmult|  return value|
|ap_ready                   |  out|    1|  ap_ctrl_hs|               mmult|  return value|
|m_axi_systolic_AWVALID     |  out|    1|       m_axi|            systolic|       pointer|
|m_axi_systolic_AWREADY     |   in|    1|       m_axi|            systolic|       pointer|
|m_axi_systolic_AWADDR      |  out|   64|       m_axi|            systolic|       pointer|
|m_axi_systolic_AWID        |  out|    1|       m_axi|            systolic|       pointer|
|m_axi_systolic_AWLEN       |  out|    8|       m_axi|            systolic|       pointer|
|m_axi_systolic_AWSIZE      |  out|    3|       m_axi|            systolic|       pointer|
|m_axi_systolic_AWBURST     |  out|    2|       m_axi|            systolic|       pointer|
|m_axi_systolic_AWLOCK      |  out|    2|       m_axi|            systolic|       pointer|
|m_axi_systolic_AWCACHE     |  out|    4|       m_axi|            systolic|       pointer|
|m_axi_systolic_AWPROT      |  out|    3|       m_axi|            systolic|       pointer|
|m_axi_systolic_AWQOS       |  out|    4|       m_axi|            systolic|       pointer|
|m_axi_systolic_AWREGION    |  out|    4|       m_axi|            systolic|       pointer|
|m_axi_systolic_AWUSER      |  out|    1|       m_axi|            systolic|       pointer|
|m_axi_systolic_WVALID      |  out|    1|       m_axi|            systolic|       pointer|
|m_axi_systolic_WREADY      |   in|    1|       m_axi|            systolic|       pointer|
|m_axi_systolic_WDATA       |  out|  512|       m_axi|            systolic|       pointer|
|m_axi_systolic_WSTRB       |  out|   64|       m_axi|            systolic|       pointer|
|m_axi_systolic_WLAST       |  out|    1|       m_axi|            systolic|       pointer|
|m_axi_systolic_WID         |  out|    1|       m_axi|            systolic|       pointer|
|m_axi_systolic_WUSER       |  out|    1|       m_axi|            systolic|       pointer|
|m_axi_systolic_ARVALID     |  out|    1|       m_axi|            systolic|       pointer|
|m_axi_systolic_ARREADY     |   in|    1|       m_axi|            systolic|       pointer|
|m_axi_systolic_ARADDR      |  out|   64|       m_axi|            systolic|       pointer|
|m_axi_systolic_ARID        |  out|    1|       m_axi|            systolic|       pointer|
|m_axi_systolic_ARLEN       |  out|    8|       m_axi|            systolic|       pointer|
|m_axi_systolic_ARSIZE      |  out|    3|       m_axi|            systolic|       pointer|
|m_axi_systolic_ARBURST     |  out|    2|       m_axi|            systolic|       pointer|
|m_axi_systolic_ARLOCK      |  out|    2|       m_axi|            systolic|       pointer|
|m_axi_systolic_ARCACHE     |  out|    4|       m_axi|            systolic|       pointer|
|m_axi_systolic_ARPROT      |  out|    3|       m_axi|            systolic|       pointer|
|m_axi_systolic_ARQOS       |  out|    4|       m_axi|            systolic|       pointer|
|m_axi_systolic_ARREGION    |  out|    4|       m_axi|            systolic|       pointer|
|m_axi_systolic_ARUSER      |  out|    1|       m_axi|            systolic|       pointer|
|m_axi_systolic_RVALID      |   in|    1|       m_axi|            systolic|       pointer|
|m_axi_systolic_RREADY      |  out|    1|       m_axi|            systolic|       pointer|
|m_axi_systolic_RDATA       |   in|  512|       m_axi|            systolic|       pointer|
|m_axi_systolic_RLAST       |   in|    1|       m_axi|            systolic|       pointer|
|m_axi_systolic_RID         |   in|    1|       m_axi|            systolic|       pointer|
|m_axi_systolic_RUSER       |   in|    1|       m_axi|            systolic|       pointer|
|m_axi_systolic_RRESP       |   in|    2|       m_axi|            systolic|       pointer|
|m_axi_systolic_BVALID      |   in|    1|       m_axi|            systolic|       pointer|
|m_axi_systolic_BREADY      |  out|    1|       m_axi|            systolic|       pointer|
|m_axi_systolic_BRESP       |   in|    2|       m_axi|            systolic|       pointer|
|m_axi_systolic_BID         |   in|    1|       m_axi|            systolic|       pointer|
|m_axi_systolic_BUSER       |   in|    1|       m_axi|            systolic|       pointer|
|work_id_out_stream_din     |  out|   32|     ap_fifo|  work_id_out_stream|       pointer|
|work_id_out_stream_full_n  |   in|    1|     ap_fifo|  work_id_out_stream|       pointer|
|work_id_out_stream_write   |  out|    1|     ap_fifo|  work_id_out_stream|       pointer|
|a                          |   in|   64|     ap_none|                   a|        scalar|
|b                          |   in|   64|     ap_none|                   b|        scalar|
|c                          |   in|   64|     ap_none|                   c|        scalar|
|a_row                      |   in|   32|      ap_vld|               a_row|        scalar|
|a_row_ap_vld               |   in|    1|      ap_vld|               a_row|        scalar|
|a_col                      |   in|   32|      ap_vld|               a_col|        scalar|
|a_col_ap_vld               |   in|    1|      ap_vld|               a_col|        scalar|
|b_col                      |   in|   32|      ap_vld|               b_col|        scalar|
|b_col_ap_vld               |   in|    1|      ap_vld|               b_col|        scalar|
|work_id                    |   in|   32|      ap_vld|             work_id|        scalar|
|work_id_ap_vld             |   in|    1|      ap_vld|             work_id|        scalar|
+---------------------------+-----+-----+------------+--------------------+--------------+

