

================================================================
== Vitis HLS Report for 'mmult_Pipeline_4'
================================================================
* Date:           Fri Oct 18 05:35:31 2024

* Version:        2021.2 (Build 3367213 on Tue Oct 19 02:47:39 MDT 2021)
* Project:        mmult
* Solution:       solution1 (Vivado IP Flow Target)
* Product family: virtexuplus
* Target device:  xcvu9p-flga2104-2L-e


================================================================
== Performance Estimates
================================================================
+ Timing: 
    * Summary: 
    +--------+---------+----------+------------+
    |  Clock |  Target | Estimated| Uncertainty|
    +--------+---------+----------+------------+
    |ap_clk  |  4.00 ns|  2.920 ns|     1.08 ns|
    +--------+---------+----------+------------+

+ Latency: 
    * Summary: 
    +---------+---------+----------+----------+-----+-----+---------+
    |  Latency (cycles) |  Latency (absolute) |  Interval | Pipeline|
    |   min   |   max   |    min   |    max   | min | max |   Type  |
    +---------+---------+----------+----------+-----+-----+---------+
    |      258|      258|  1.032 us|  1.032 us|  258|  258|       no|
    +---------+---------+----------+----------+-----+-----+---------+

    + Detail: 
        * Instance: 
        N/A

        * Loop: 
        +----------+---------+---------+----------+-----------+-----------+------+----------+
        |          |  Latency (cycles) | Iteration|  Initiation Interval  | Trip |          |
        | Loop Name|   min   |   max   |  Latency |  achieved |   target  | Count| Pipelined|
        +----------+---------+---------+----------+-----------+-----------+------+----------+
        |- Loop 1  |      256|      256|         2|          1|          1|   256|       yes|
        +----------+---------+---------+----------+-----------+-----------+------+----------+

============================================================
+ Verbose Summary: Synthesis Manager
============================================================
InlineROM: 1
ExposeGlobal: 0
============================================================
+ Verbose Summary: CDFG Model
============================================================
IsTopModel: 0
ResetActiveHigh: 1
IsCombinational: 0
IsDatapathOnly: 0
HasWiredReturn: 1
HasMFsm: 2
HasVarLatency: 1
IsPipeline: 0
IsRtlPipelined: 0
IsInstanceOverlapped: 0
IsDontTouch: 0
HasImplIP: 0
IsGatedGlobalClock: 0

+ Individual pipeline summary: 
  * Pipeline-0: initiation interval (II) = 1, depth = 2


============================================================
+ Verbose Summary: Schedule
============================================================
* Number of FSM states : 2
* Pipeline : 1
  Pipeline-0 : II = 1, D = 2, States = { 1 2 }
* Dataflow Pipeline: 0

* FSM state transitions: 
1 --> 2 
2 --> 

* FSM state operations: 

State 1 <SV = 0> <Delay = 1.10>
ST_1 : Operation 5 [1/1] (0.00ns)   --->   "%shiftreg = alloca i32 1"   --->   Operation 5 'alloca' 'shiftreg' <Predicate = true> <Delay = 0.00>
ST_1 : Operation 6 [1/1] (0.00ns)   --->   "%loop_index = alloca i32 1"   --->   Operation 6 'alloca' 'loop_index' <Predicate = true> <Delay = 0.00>
ST_1 : Operation 7 [1/1] (0.00ns)   --->   "%localC_255_reload_read = read i32 @_ssdm_op_Read.ap_auto.i32, i32 %localC_255_reload"   --->   Operation 7 'read' 'localC_255_reload_read' <Predicate = true> <Delay = 0.00>
ST_1 : Operation 8 [1/1] (0.00ns)   --->   "%localC_254_reload_read = read i32 @_ssdm_op_Read.ap_auto.i32, i32 %localC_254_reload"   --->   Operation 8 'read' 'localC_254_reload_read' <Predicate = true> <Delay = 0.00>
ST_1 : Operation 9 [1/1] (0.00ns)   --->   "%localC_253_reload_read = read i32 @_ssdm_op_Read.ap_auto.i32, i32 %localC_253_reload"   --->   Operation 9 'read' 'localC_253_reload_read' <Predicate = true> <Delay = 0.00>
ST_1 : Operation 10 [1/1] (0.00ns)   --->   "%localC_252_reload_read = read i32 @_ssdm_op_Read.ap_auto.i32, i32 %localC_252_reload"   --->   Operation 10 'read' 'localC_252_reload_read' <Predicate = true> <Delay = 0.00>
ST_1 : Operation 11 [1/1] (0.00ns)   --->   "%localC_251_reload_read = read i32 @_ssdm_op_Read.ap_auto.i32, i32 %localC_251_reload"   --->   Operation 11 'read' 'localC_251_reload_read' <Predicate = true> <Delay = 0.00>
ST_1 : Operation 12 [1/1] (0.00ns)   --->   "%localC_250_reload_read = read i32 @_ssdm_op_Read.ap_auto.i32, i32 %localC_250_reload"   --->   Operation 12 'read' 'localC_250_reload_read' <Predicate = true> <Delay = 0.00>
ST_1 : Operation 13 [1/1] (0.00ns)   --->   "%localC_249_reload_read = read i32 @_ssdm_op_Read.ap_auto.i32, i32 %localC_249_reload"   --->   Operation 13 'read' 'localC_249_reload_read' <Predicate = true> <Delay = 0.00>
ST_1 : Operation 14 [1/1] (0.00ns)   --->   "%localC_248_reload_read = read i32 @_ssdm_op_Read.ap_auto.i32, i32 %localC_248_reload"   --->   Operation 14 'read' 'localC_248_reload_read' <Predicate = true> <Delay = 0.00>
ST_1 : Operation 15 [1/1] (0.00ns)   --->   "%localC_247_reload_read = read i32 @_ssdm_op_Read.ap_auto.i32, i32 %localC_247_reload"   --->   Operation 15 'read' 'localC_247_reload_read' <Predicate = true> <Delay = 0.00>
ST_1 : Operation 16 [1/1] (0.00ns)   --->   "%localC_246_reload_read = read i32 @_ssdm_op_Read.ap_auto.i32, i32 %localC_246_reload"   --->   Operation 16 'read' 'localC_246_reload_read' <Predicate = true> <Delay = 0.00>
ST_1 : Operation 17 [1/1] (0.00ns)   --->   "%localC_245_reload_read = read i32 @_ssdm_op_Read.ap_auto.i32, i32 %localC_245_reload"   --->   Operation 17 'read' 'localC_245_reload_read' <Predicate = true> <Delay = 0.00>
ST_1 : Operation 18 [1/1] (0.00ns)   --->   "%localC_244_reload_read = read i32 @_ssdm_op_Read.ap_auto.i32, i32 %localC_244_reload"   --->   Operation 18 'read' 'localC_244_reload_read' <Predicate = true> <Delay = 0.00>
ST_1 : Operation 19 [1/1] (0.00ns)   --->   "%localC_243_reload_read = read i32 @_ssdm_op_Read.ap_auto.i32, i32 %localC_243_reload"   --->   Operation 19 'read' 'localC_243_reload_read' <Predicate = true> <Delay = 0.00>
ST_1 : Operation 20 [1/1] (0.00ns)   --->   "%localC_242_reload_read = read i32 @_ssdm_op_Read.ap_auto.i32, i32 %localC_242_reload"   --->   Operation 20 'read' 'localC_242_reload_read' <Predicate = true> <Delay = 0.00>
ST_1 : Operation 21 [1/1] (0.00ns)   --->   "%localC_241_reload_read = read i32 @_ssdm_op_Read.ap_auto.i32, i32 %localC_241_reload"   --->   Operation 21 'read' 'localC_241_reload_read' <Predicate = true> <Delay = 0.00>
ST_1 : Operation 22 [1/1] (0.00ns)   --->   "%localC_240_reload_read = read i32 @_ssdm_op_Read.ap_auto.i32, i32 %localC_240_reload"   --->   Operation 22 'read' 'localC_240_reload_read' <Predicate = true> <Delay = 0.00>
ST_1 : Operation 23 [1/1] (0.00ns)   --->   "%localC_239_reload_read = read i32 @_ssdm_op_Read.ap_auto.i32, i32 %localC_239_reload"   --->   Operation 23 'read' 'localC_239_reload_read' <Predicate = true> <Delay = 0.00>
ST_1 : Operation 24 [1/1] (0.00ns)   --->   "%localC_238_reload_read = read i32 @_ssdm_op_Read.ap_auto.i32, i32 %localC_238_reload"   --->   Operation 24 'read' 'localC_238_reload_read' <Predicate = true> <Delay = 0.00>
ST_1 : Operation 25 [1/1] (0.00ns)   --->   "%localC_237_reload_read = read i32 @_ssdm_op_Read.ap_auto.i32, i32 %localC_237_reload"   --->   Operation 25 'read' 'localC_237_reload_read' <Predicate = true> <Delay = 0.00>
ST_1 : Operation 26 [1/1] (0.00ns)   --->   "%localC_236_reload_read = read i32 @_ssdm_op_Read.ap_auto.i32, i32 %localC_236_reload"   --->   Operation 26 'read' 'localC_236_reload_read' <Predicate = true> <Delay = 0.00>
ST_1 : Operation 27 [1/1] (0.00ns)   --->   "%localC_235_reload_read = read i32 @_ssdm_op_Read.ap_auto.i32, i32 %localC_235_reload"   --->   Operation 27 'read' 'localC_235_reload_read' <Predicate = true> <Delay = 0.00>
ST_1 : Operation 28 [1/1] (0.00ns)   --->   "%localC_234_reload_read = read i32 @_ssdm_op_Read.ap_auto.i32, i32 %localC_234_reload"   --->   Operation 28 'read' 'localC_234_reload_read' <Predicate = true> <Delay = 0.00>
ST_1 : Operation 29 [1/1] (0.00ns)   --->   "%localC_233_reload_read = read i32 @_ssdm_op_Read.ap_auto.i32, i32 %localC_233_reload"   --->   Operation 29 'read' 'localC_233_reload_read' <Predicate = true> <Delay = 0.00>
ST_1 : Operation 30 [1/1] (0.00ns)   --->   "%localC_232_reload_read = read i32 @_ssdm_op_Read.ap_auto.i32, i32 %localC_232_reload"   --->   Operation 30 'read' 'localC_232_reload_read' <Predicate = true> <Delay = 0.00>
ST_1 : Operation 31 [1/1] (0.00ns)   --->   "%localC_231_reload_read = read i32 @_ssdm_op_Read.ap_auto.i32, i32 %localC_231_reload"   --->   Operation 31 'read' 'localC_231_reload_read' <Predicate = true> <Delay = 0.00>
ST_1 : Operation 32 [1/1] (0.00ns)   --->   "%localC_230_reload_read = read i32 @_ssdm_op_Read.ap_auto.i32, i32 %localC_230_reload"   --->   Operation 32 'read' 'localC_230_reload_read' <Predicate = true> <Delay = 0.00>
ST_1 : Operation 33 [1/1] (0.00ns)   --->   "%localC_229_reload_read = read i32 @_ssdm_op_Read.ap_auto.i32, i32 %localC_229_reload"   --->   Operation 33 'read' 'localC_229_reload_read' <Predicate = true> <Delay = 0.00>
ST_1 : Operation 34 [1/1] (0.00ns)   --->   "%localC_228_reload_read = read i32 @_ssdm_op_Read.ap_auto.i32, i32 %localC_228_reload"   --->   Operation 34 'read' 'localC_228_reload_read' <Predicate = true> <Delay = 0.00>
ST_1 : Operation 35 [1/1] (0.00ns)   --->   "%localC_227_reload_read = read i32 @_ssdm_op_Read.ap_auto.i32, i32 %localC_227_reload"   --->   Operation 35 'read' 'localC_227_reload_read' <Predicate = true> <Delay = 0.00>
ST_1 : Operation 36 [1/1] (0.00ns)   --->   "%localC_226_reload_read = read i32 @_ssdm_op_Read.ap_auto.i32, i32 %localC_226_reload"   --->   Operation 36 'read' 'localC_226_reload_read' <Predicate = true> <Delay = 0.00>
ST_1 : Operation 37 [1/1] (0.00ns)   --->   "%localC_225_reload_read = read i32 @_ssdm_op_Read.ap_auto.i32, i32 %localC_225_reload"   --->   Operation 37 'read' 'localC_225_reload_read' <Predicate = true> <Delay = 0.00>
ST_1 : Operation 38 [1/1] (0.00ns)   --->   "%localC_224_reload_read = read i32 @_ssdm_op_Read.ap_auto.i32, i32 %localC_224_reload"   --->   Operation 38 'read' 'localC_224_reload_read' <Predicate = true> <Delay = 0.00>
ST_1 : Operation 39 [1/1] (0.00ns)   --->   "%localC_223_reload_read = read i32 @_ssdm_op_Read.ap_auto.i32, i32 %localC_223_reload"   --->   Operation 39 'read' 'localC_223_reload_read' <Predicate = true> <Delay = 0.00>
ST_1 : Operation 40 [1/1] (0.00ns)   --->   "%localC_222_reload_read = read i32 @_ssdm_op_Read.ap_auto.i32, i32 %localC_222_reload"   --->   Operation 40 'read' 'localC_222_reload_read' <Predicate = true> <Delay = 0.00>
ST_1 : Operation 41 [1/1] (0.00ns)   --->   "%localC_221_reload_read = read i32 @_ssdm_op_Read.ap_auto.i32, i32 %localC_221_reload"   --->   Operation 41 'read' 'localC_221_reload_read' <Predicate = true> <Delay = 0.00>
ST_1 : Operation 42 [1/1] (0.00ns)   --->   "%localC_220_reload_read = read i32 @_ssdm_op_Read.ap_auto.i32, i32 %localC_220_reload"   --->   Operation 42 'read' 'localC_220_reload_read' <Predicate = true> <Delay = 0.00>
ST_1 : Operation 43 [1/1] (0.00ns)   --->   "%localC_219_reload_read = read i32 @_ssdm_op_Read.ap_auto.i32, i32 %localC_219_reload"   --->   Operation 43 'read' 'localC_219_reload_read' <Predicate = true> <Delay = 0.00>
ST_1 : Operation 44 [1/1] (0.00ns)   --->   "%localC_218_reload_read = read i32 @_ssdm_op_Read.ap_auto.i32, i32 %localC_218_reload"   --->   Operation 44 'read' 'localC_218_reload_read' <Predicate = true> <Delay = 0.00>
ST_1 : Operation 45 [1/1] (0.00ns)   --->   "%localC_217_reload_read = read i32 @_ssdm_op_Read.ap_auto.i32, i32 %localC_217_reload"   --->   Operation 45 'read' 'localC_217_reload_read' <Predicate = true> <Delay = 0.00>
ST_1 : Operation 46 [1/1] (0.00ns)   --->   "%localC_216_reload_read = read i32 @_ssdm_op_Read.ap_auto.i32, i32 %localC_216_reload"   --->   Operation 46 'read' 'localC_216_reload_read' <Predicate = true> <Delay = 0.00>
ST_1 : Operation 47 [1/1] (0.00ns)   --->   "%localC_215_reload_read = read i32 @_ssdm_op_Read.ap_auto.i32, i32 %localC_215_reload"   --->   Operation 47 'read' 'localC_215_reload_read' <Predicate = true> <Delay = 0.00>
ST_1 : Operation 48 [1/1] (0.00ns)   --->   "%localC_214_reload_read = read i32 @_ssdm_op_Read.ap_auto.i32, i32 %localC_214_reload"   --->   Operation 48 'read' 'localC_214_reload_read' <Predicate = true> <Delay = 0.00>
ST_1 : Operation 49 [1/1] (0.00ns)   --->   "%localC_213_reload_read = read i32 @_ssdm_op_Read.ap_auto.i32, i32 %localC_213_reload"   --->   Operation 49 'read' 'localC_213_reload_read' <Predicate = true> <Delay = 0.00>
ST_1 : Operation 50 [1/1] (0.00ns)   --->   "%localC_212_reload_read = read i32 @_ssdm_op_Read.ap_auto.i32, i32 %localC_212_reload"   --->   Operation 50 'read' 'localC_212_reload_read' <Predicate = true> <Delay = 0.00>
ST_1 : Operation 51 [1/1] (0.00ns)   --->   "%localC_211_reload_read = read i32 @_ssdm_op_Read.ap_auto.i32, i32 %localC_211_reload"   --->   Operation 51 'read' 'localC_211_reload_read' <Predicate = true> <Delay = 0.00>
ST_1 : Operation 52 [1/1] (0.00ns)   --->   "%localC_210_reload_read = read i32 @_ssdm_op_Read.ap_auto.i32, i32 %localC_210_reload"   --->   Operation 52 'read' 'localC_210_reload_read' <Predicate = true> <Delay = 0.00>
ST_1 : Operation 53 [1/1] (0.00ns)   --->   "%localC_209_reload_read = read i32 @_ssdm_op_Read.ap_auto.i32, i32 %localC_209_reload"   --->   Operation 53 'read' 'localC_209_reload_read' <Predicate = true> <Delay = 0.00>
ST_1 : Operation 54 [1/1] (0.00ns)   --->   "%localC_208_reload_read = read i32 @_ssdm_op_Read.ap_auto.i32, i32 %localC_208_reload"   --->   Operation 54 'read' 'localC_208_reload_read' <Predicate = true> <Delay = 0.00>
ST_1 : Operation 55 [1/1] (0.00ns)   --->   "%localC_207_reload_read = read i32 @_ssdm_op_Read.ap_auto.i32, i32 %localC_207_reload"   --->   Operation 55 'read' 'localC_207_reload_read' <Predicate = true> <Delay = 0.00>
ST_1 : Operation 56 [1/1] (0.00ns)   --->   "%localC_206_reload_read = read i32 @_ssdm_op_Read.ap_auto.i32, i32 %localC_206_reload"   --->   Operation 56 'read' 'localC_206_reload_read' <Predicate = true> <Delay = 0.00>
ST_1 : Operation 57 [1/1] (0.00ns)   --->   "%localC_205_reload_read = read i32 @_ssdm_op_Read.ap_auto.i32, i32 %localC_205_reload"   --->   Operation 57 'read' 'localC_205_reload_read' <Predicate = true> <Delay = 0.00>
ST_1 : Operation 58 [1/1] (0.00ns)   --->   "%localC_204_reload_read = read i32 @_ssdm_op_Read.ap_auto.i32, i32 %localC_204_reload"   --->   Operation 58 'read' 'localC_204_reload_read' <Predicate = true> <Delay = 0.00>
ST_1 : Operation 59 [1/1] (0.00ns)   --->   "%localC_203_reload_read = read i32 @_ssdm_op_Read.ap_auto.i32, i32 %localC_203_reload"   --->   Operation 59 'read' 'localC_203_reload_read' <Predicate = true> <Delay = 0.00>
ST_1 : Operation 60 [1/1] (0.00ns)   --->   "%localC_202_reload_read = read i32 @_ssdm_op_Read.ap_auto.i32, i32 %localC_202_reload"   --->   Operation 60 'read' 'localC_202_reload_read' <Predicate = true> <Delay = 0.00>
ST_1 : Operation 61 [1/1] (0.00ns)   --->   "%localC_201_reload_read = read i32 @_ssdm_op_Read.ap_auto.i32, i32 %localC_201_reload"   --->   Operation 61 'read' 'localC_201_reload_read' <Predicate = true> <Delay = 0.00>
ST_1 : Operation 62 [1/1] (0.00ns)   --->   "%localC_200_reload_read = read i32 @_ssdm_op_Read.ap_auto.i32, i32 %localC_200_reload"   --->   Operation 62 'read' 'localC_200_reload_read' <Predicate = true> <Delay = 0.00>
ST_1 : Operation 63 [1/1] (0.00ns)   --->   "%localC_199_reload_read = read i32 @_ssdm_op_Read.ap_auto.i32, i32 %localC_199_reload"   --->   Operation 63 'read' 'localC_199_reload_read' <Predicate = true> <Delay = 0.00>
ST_1 : Operation 64 [1/1] (0.00ns)   --->   "%localC_198_reload_read = read i32 @_ssdm_op_Read.ap_auto.i32, i32 %localC_198_reload"   --->   Operation 64 'read' 'localC_198_reload_read' <Predicate = true> <Delay = 0.00>
ST_1 : Operation 65 [1/1] (0.00ns)   --->   "%localC_197_reload_read = read i32 @_ssdm_op_Read.ap_auto.i32, i32 %localC_197_reload"   --->   Operation 65 'read' 'localC_197_reload_read' <Predicate = true> <Delay = 0.00>
ST_1 : Operation 66 [1/1] (0.00ns)   --->   "%localC_196_reload_read = read i32 @_ssdm_op_Read.ap_auto.i32, i32 %localC_196_reload"   --->   Operation 66 'read' 'localC_196_reload_read' <Predicate = true> <Delay = 0.00>
ST_1 : Operation 67 [1/1] (0.00ns)   --->   "%localC_195_reload_read = read i32 @_ssdm_op_Read.ap_auto.i32, i32 %localC_195_reload"   --->   Operation 67 'read' 'localC_195_reload_read' <Predicate = true> <Delay = 0.00>
ST_1 : Operation 68 [1/1] (0.00ns)   --->   "%localC_194_reload_read = read i32 @_ssdm_op_Read.ap_auto.i32, i32 %localC_194_reload"   --->   Operation 68 'read' 'localC_194_reload_read' <Predicate = true> <Delay = 0.00>
ST_1 : Operation 69 [1/1] (0.00ns)   --->   "%localC_193_reload_read = read i32 @_ssdm_op_Read.ap_auto.i32, i32 %localC_193_reload"   --->   Operation 69 'read' 'localC_193_reload_read' <Predicate = true> <Delay = 0.00>
ST_1 : Operation 70 [1/1] (0.00ns)   --->   "%localC_192_reload_read = read i32 @_ssdm_op_Read.ap_auto.i32, i32 %localC_192_reload"   --->   Operation 70 'read' 'localC_192_reload_read' <Predicate = true> <Delay = 0.00>
ST_1 : Operation 71 [1/1] (0.00ns)   --->   "%localC_191_reload_read = read i32 @_ssdm_op_Read.ap_auto.i32, i32 %localC_191_reload"   --->   Operation 71 'read' 'localC_191_reload_read' <Predicate = true> <Delay = 0.00>
ST_1 : Operation 72 [1/1] (0.00ns)   --->   "%localC_190_reload_read = read i32 @_ssdm_op_Read.ap_auto.i32, i32 %localC_190_reload"   --->   Operation 72 'read' 'localC_190_reload_read' <Predicate = true> <Delay = 0.00>
ST_1 : Operation 73 [1/1] (0.00ns)   --->   "%localC_189_reload_read = read i32 @_ssdm_op_Read.ap_auto.i32, i32 %localC_189_reload"   --->   Operation 73 'read' 'localC_189_reload_read' <Predicate = true> <Delay = 0.00>
ST_1 : Operation 74 [1/1] (0.00ns)   --->   "%localC_188_reload_read = read i32 @_ssdm_op_Read.ap_auto.i32, i32 %localC_188_reload"   --->   Operation 74 'read' 'localC_188_reload_read' <Predicate = true> <Delay = 0.00>
ST_1 : Operation 75 [1/1] (0.00ns)   --->   "%localC_187_reload_read = read i32 @_ssdm_op_Read.ap_auto.i32, i32 %localC_187_reload"   --->   Operation 75 'read' 'localC_187_reload_read' <Predicate = true> <Delay = 0.00>
ST_1 : Operation 76 [1/1] (0.00ns)   --->   "%localC_186_reload_read = read i32 @_ssdm_op_Read.ap_auto.i32, i32 %localC_186_reload"   --->   Operation 76 'read' 'localC_186_reload_read' <Predicate = true> <Delay = 0.00>
ST_1 : Operation 77 [1/1] (0.00ns)   --->   "%localC_185_reload_read = read i32 @_ssdm_op_Read.ap_auto.i32, i32 %localC_185_reload"   --->   Operation 77 'read' 'localC_185_reload_read' <Predicate = true> <Delay = 0.00>
ST_1 : Operation 78 [1/1] (0.00ns)   --->   "%localC_184_reload_read = read i32 @_ssdm_op_Read.ap_auto.i32, i32 %localC_184_reload"   --->   Operation 78 'read' 'localC_184_reload_read' <Predicate = true> <Delay = 0.00>
ST_1 : Operation 79 [1/1] (0.00ns)   --->   "%localC_183_reload_read = read i32 @_ssdm_op_Read.ap_auto.i32, i32 %localC_183_reload"   --->   Operation 79 'read' 'localC_183_reload_read' <Predicate = true> <Delay = 0.00>
ST_1 : Operation 80 [1/1] (0.00ns)   --->   "%localC_182_reload_read = read i32 @_ssdm_op_Read.ap_auto.i32, i32 %localC_182_reload"   --->   Operation 80 'read' 'localC_182_reload_read' <Predicate = true> <Delay = 0.00>
ST_1 : Operation 81 [1/1] (0.00ns)   --->   "%localC_181_reload_read = read i32 @_ssdm_op_Read.ap_auto.i32, i32 %localC_181_reload"   --->   Operation 81 'read' 'localC_181_reload_read' <Predicate = true> <Delay = 0.00>
ST_1 : Operation 82 [1/1] (0.00ns)   --->   "%localC_180_reload_read = read i32 @_ssdm_op_Read.ap_auto.i32, i32 %localC_180_reload"   --->   Operation 82 'read' 'localC_180_reload_read' <Predicate = true> <Delay = 0.00>
ST_1 : Operation 83 [1/1] (0.00ns)   --->   "%localC_179_reload_read = read i32 @_ssdm_op_Read.ap_auto.i32, i32 %localC_179_reload"   --->   Operation 83 'read' 'localC_179_reload_read' <Predicate = true> <Delay = 0.00>
ST_1 : Operation 84 [1/1] (0.00ns)   --->   "%localC_178_reload_read = read i32 @_ssdm_op_Read.ap_auto.i32, i32 %localC_178_reload"   --->   Operation 84 'read' 'localC_178_reload_read' <Predicate = true> <Delay = 0.00>
ST_1 : Operation 85 [1/1] (0.00ns)   --->   "%localC_177_reload_read = read i32 @_ssdm_op_Read.ap_auto.i32, i32 %localC_177_reload"   --->   Operation 85 'read' 'localC_177_reload_read' <Predicate = true> <Delay = 0.00>
ST_1 : Operation 86 [1/1] (0.00ns)   --->   "%localC_176_reload_read = read i32 @_ssdm_op_Read.ap_auto.i32, i32 %localC_176_reload"   --->   Operation 86 'read' 'localC_176_reload_read' <Predicate = true> <Delay = 0.00>
ST_1 : Operation 87 [1/1] (0.00ns)   --->   "%localC_175_reload_read = read i32 @_ssdm_op_Read.ap_auto.i32, i32 %localC_175_reload"   --->   Operation 87 'read' 'localC_175_reload_read' <Predicate = true> <Delay = 0.00>
ST_1 : Operation 88 [1/1] (0.00ns)   --->   "%localC_174_reload_read = read i32 @_ssdm_op_Read.ap_auto.i32, i32 %localC_174_reload"   --->   Operation 88 'read' 'localC_174_reload_read' <Predicate = true> <Delay = 0.00>
ST_1 : Operation 89 [1/1] (0.00ns)   --->   "%localC_173_reload_read = read i32 @_ssdm_op_Read.ap_auto.i32, i32 %localC_173_reload"   --->   Operation 89 'read' 'localC_173_reload_read' <Predicate = true> <Delay = 0.00>
ST_1 : Operation 90 [1/1] (0.00ns)   --->   "%localC_172_reload_read = read i32 @_ssdm_op_Read.ap_auto.i32, i32 %localC_172_reload"   --->   Operation 90 'read' 'localC_172_reload_read' <Predicate = true> <Delay = 0.00>
ST_1 : Operation 91 [1/1] (0.00ns)   --->   "%localC_171_reload_read = read i32 @_ssdm_op_Read.ap_auto.i32, i32 %localC_171_reload"   --->   Operation 91 'read' 'localC_171_reload_read' <Predicate = true> <Delay = 0.00>
ST_1 : Operation 92 [1/1] (0.00ns)   --->   "%localC_170_reload_read = read i32 @_ssdm_op_Read.ap_auto.i32, i32 %localC_170_reload"   --->   Operation 92 'read' 'localC_170_reload_read' <Predicate = true> <Delay = 0.00>
ST_1 : Operation 93 [1/1] (0.00ns)   --->   "%localC_169_reload_read = read i32 @_ssdm_op_Read.ap_auto.i32, i32 %localC_169_reload"   --->   Operation 93 'read' 'localC_169_reload_read' <Predicate = true> <Delay = 0.00>
ST_1 : Operation 94 [1/1] (0.00ns)   --->   "%localC_168_reload_read = read i32 @_ssdm_op_Read.ap_auto.i32, i32 %localC_168_reload"   --->   Operation 94 'read' 'localC_168_reload_read' <Predicate = true> <Delay = 0.00>
ST_1 : Operation 95 [1/1] (0.00ns)   --->   "%localC_167_reload_read = read i32 @_ssdm_op_Read.ap_auto.i32, i32 %localC_167_reload"   --->   Operation 95 'read' 'localC_167_reload_read' <Predicate = true> <Delay = 0.00>
ST_1 : Operation 96 [1/1] (0.00ns)   --->   "%localC_166_reload_read = read i32 @_ssdm_op_Read.ap_auto.i32, i32 %localC_166_reload"   --->   Operation 96 'read' 'localC_166_reload_read' <Predicate = true> <Delay = 0.00>
ST_1 : Operation 97 [1/1] (0.00ns)   --->   "%localC_165_reload_read = read i32 @_ssdm_op_Read.ap_auto.i32, i32 %localC_165_reload"   --->   Operation 97 'read' 'localC_165_reload_read' <Predicate = true> <Delay = 0.00>
ST_1 : Operation 98 [1/1] (0.00ns)   --->   "%localC_164_reload_read = read i32 @_ssdm_op_Read.ap_auto.i32, i32 %localC_164_reload"   --->   Operation 98 'read' 'localC_164_reload_read' <Predicate = true> <Delay = 0.00>
ST_1 : Operation 99 [1/1] (0.00ns)   --->   "%localC_163_reload_read = read i32 @_ssdm_op_Read.ap_auto.i32, i32 %localC_163_reload"   --->   Operation 99 'read' 'localC_163_reload_read' <Predicate = true> <Delay = 0.00>
ST_1 : Operation 100 [1/1] (0.00ns)   --->   "%localC_162_reload_read = read i32 @_ssdm_op_Read.ap_auto.i32, i32 %localC_162_reload"   --->   Operation 100 'read' 'localC_162_reload_read' <Predicate = true> <Delay = 0.00>
ST_1 : Operation 101 [1/1] (0.00ns)   --->   "%localC_161_reload_read = read i32 @_ssdm_op_Read.ap_auto.i32, i32 %localC_161_reload"   --->   Operation 101 'read' 'localC_161_reload_read' <Predicate = true> <Delay = 0.00>
ST_1 : Operation 102 [1/1] (0.00ns)   --->   "%localC_160_reload_read = read i32 @_ssdm_op_Read.ap_auto.i32, i32 %localC_160_reload"   --->   Operation 102 'read' 'localC_160_reload_read' <Predicate = true> <Delay = 0.00>
ST_1 : Operation 103 [1/1] (0.00ns)   --->   "%localC_159_reload_read = read i32 @_ssdm_op_Read.ap_auto.i32, i32 %localC_159_reload"   --->   Operation 103 'read' 'localC_159_reload_read' <Predicate = true> <Delay = 0.00>
ST_1 : Operation 104 [1/1] (0.00ns)   --->   "%localC_158_reload_read = read i32 @_ssdm_op_Read.ap_auto.i32, i32 %localC_158_reload"   --->   Operation 104 'read' 'localC_158_reload_read' <Predicate = true> <Delay = 0.00>
ST_1 : Operation 105 [1/1] (0.00ns)   --->   "%localC_157_reload_read = read i32 @_ssdm_op_Read.ap_auto.i32, i32 %localC_157_reload"   --->   Operation 105 'read' 'localC_157_reload_read' <Predicate = true> <Delay = 0.00>
ST_1 : Operation 106 [1/1] (0.00ns)   --->   "%localC_156_reload_read = read i32 @_ssdm_op_Read.ap_auto.i32, i32 %localC_156_reload"   --->   Operation 106 'read' 'localC_156_reload_read' <Predicate = true> <Delay = 0.00>
ST_1 : Operation 107 [1/1] (0.00ns)   --->   "%localC_155_reload_read = read i32 @_ssdm_op_Read.ap_auto.i32, i32 %localC_155_reload"   --->   Operation 107 'read' 'localC_155_reload_read' <Predicate = true> <Delay = 0.00>
ST_1 : Operation 108 [1/1] (0.00ns)   --->   "%localC_154_reload_read = read i32 @_ssdm_op_Read.ap_auto.i32, i32 %localC_154_reload"   --->   Operation 108 'read' 'localC_154_reload_read' <Predicate = true> <Delay = 0.00>
ST_1 : Operation 109 [1/1] (0.00ns)   --->   "%localC_153_reload_read = read i32 @_ssdm_op_Read.ap_auto.i32, i32 %localC_153_reload"   --->   Operation 109 'read' 'localC_153_reload_read' <Predicate = true> <Delay = 0.00>
ST_1 : Operation 110 [1/1] (0.00ns)   --->   "%localC_152_reload_read = read i32 @_ssdm_op_Read.ap_auto.i32, i32 %localC_152_reload"   --->   Operation 110 'read' 'localC_152_reload_read' <Predicate = true> <Delay = 0.00>
ST_1 : Operation 111 [1/1] (0.00ns)   --->   "%localC_151_reload_read = read i32 @_ssdm_op_Read.ap_auto.i32, i32 %localC_151_reload"   --->   Operation 111 'read' 'localC_151_reload_read' <Predicate = true> <Delay = 0.00>
ST_1 : Operation 112 [1/1] (0.00ns)   --->   "%localC_150_reload_read = read i32 @_ssdm_op_Read.ap_auto.i32, i32 %localC_150_reload"   --->   Operation 112 'read' 'localC_150_reload_read' <Predicate = true> <Delay = 0.00>
ST_1 : Operation 113 [1/1] (0.00ns)   --->   "%localC_149_reload_read = read i32 @_ssdm_op_Read.ap_auto.i32, i32 %localC_149_reload"   --->   Operation 113 'read' 'localC_149_reload_read' <Predicate = true> <Delay = 0.00>
ST_1 : Operation 114 [1/1] (0.00ns)   --->   "%localC_148_reload_read = read i32 @_ssdm_op_Read.ap_auto.i32, i32 %localC_148_reload"   --->   Operation 114 'read' 'localC_148_reload_read' <Predicate = true> <Delay = 0.00>
ST_1 : Operation 115 [1/1] (0.00ns)   --->   "%localC_147_reload_read = read i32 @_ssdm_op_Read.ap_auto.i32, i32 %localC_147_reload"   --->   Operation 115 'read' 'localC_147_reload_read' <Predicate = true> <Delay = 0.00>
ST_1 : Operation 116 [1/1] (0.00ns)   --->   "%localC_146_reload_read = read i32 @_ssdm_op_Read.ap_auto.i32, i32 %localC_146_reload"   --->   Operation 116 'read' 'localC_146_reload_read' <Predicate = true> <Delay = 0.00>
ST_1 : Operation 117 [1/1] (0.00ns)   --->   "%localC_145_reload_read = read i32 @_ssdm_op_Read.ap_auto.i32, i32 %localC_145_reload"   --->   Operation 117 'read' 'localC_145_reload_read' <Predicate = true> <Delay = 0.00>
ST_1 : Operation 118 [1/1] (0.00ns)   --->   "%localC_144_reload_read = read i32 @_ssdm_op_Read.ap_auto.i32, i32 %localC_144_reload"   --->   Operation 118 'read' 'localC_144_reload_read' <Predicate = true> <Delay = 0.00>
ST_1 : Operation 119 [1/1] (0.00ns)   --->   "%localC_143_reload_read = read i32 @_ssdm_op_Read.ap_auto.i32, i32 %localC_143_reload"   --->   Operation 119 'read' 'localC_143_reload_read' <Predicate = true> <Delay = 0.00>
ST_1 : Operation 120 [1/1] (0.00ns)   --->   "%localC_142_reload_read = read i32 @_ssdm_op_Read.ap_auto.i32, i32 %localC_142_reload"   --->   Operation 120 'read' 'localC_142_reload_read' <Predicate = true> <Delay = 0.00>
ST_1 : Operation 121 [1/1] (0.00ns)   --->   "%localC_141_reload_read = read i32 @_ssdm_op_Read.ap_auto.i32, i32 %localC_141_reload"   --->   Operation 121 'read' 'localC_141_reload_read' <Predicate = true> <Delay = 0.00>
ST_1 : Operation 122 [1/1] (0.00ns)   --->   "%localC_140_reload_read = read i32 @_ssdm_op_Read.ap_auto.i32, i32 %localC_140_reload"   --->   Operation 122 'read' 'localC_140_reload_read' <Predicate = true> <Delay = 0.00>
ST_1 : Operation 123 [1/1] (0.00ns)   --->   "%localC_139_reload_read = read i32 @_ssdm_op_Read.ap_auto.i32, i32 %localC_139_reload"   --->   Operation 123 'read' 'localC_139_reload_read' <Predicate = true> <Delay = 0.00>
ST_1 : Operation 124 [1/1] (0.00ns)   --->   "%localC_138_reload_read = read i32 @_ssdm_op_Read.ap_auto.i32, i32 %localC_138_reload"   --->   Operation 124 'read' 'localC_138_reload_read' <Predicate = true> <Delay = 0.00>
ST_1 : Operation 125 [1/1] (0.00ns)   --->   "%localC_137_reload_read = read i32 @_ssdm_op_Read.ap_auto.i32, i32 %localC_137_reload"   --->   Operation 125 'read' 'localC_137_reload_read' <Predicate = true> <Delay = 0.00>
ST_1 : Operation 126 [1/1] (0.00ns)   --->   "%localC_136_reload_read = read i32 @_ssdm_op_Read.ap_auto.i32, i32 %localC_136_reload"   --->   Operation 126 'read' 'localC_136_reload_read' <Predicate = true> <Delay = 0.00>
ST_1 : Operation 127 [1/1] (0.00ns)   --->   "%localC_135_reload_read = read i32 @_ssdm_op_Read.ap_auto.i32, i32 %localC_135_reload"   --->   Operation 127 'read' 'localC_135_reload_read' <Predicate = true> <Delay = 0.00>
ST_1 : Operation 128 [1/1] (0.00ns)   --->   "%localC_134_reload_read = read i32 @_ssdm_op_Read.ap_auto.i32, i32 %localC_134_reload"   --->   Operation 128 'read' 'localC_134_reload_read' <Predicate = true> <Delay = 0.00>
ST_1 : Operation 129 [1/1] (0.00ns)   --->   "%localC_133_reload_read = read i32 @_ssdm_op_Read.ap_auto.i32, i32 %localC_133_reload"   --->   Operation 129 'read' 'localC_133_reload_read' <Predicate = true> <Delay = 0.00>
ST_1 : Operation 130 [1/1] (0.00ns)   --->   "%localC_132_reload_read = read i32 @_ssdm_op_Read.ap_auto.i32, i32 %localC_132_reload"   --->   Operation 130 'read' 'localC_132_reload_read' <Predicate = true> <Delay = 0.00>
ST_1 : Operation 131 [1/1] (0.00ns)   --->   "%localC_131_reload_read = read i32 @_ssdm_op_Read.ap_auto.i32, i32 %localC_131_reload"   --->   Operation 131 'read' 'localC_131_reload_read' <Predicate = true> <Delay = 0.00>
ST_1 : Operation 132 [1/1] (0.00ns)   --->   "%localC_130_reload_read = read i32 @_ssdm_op_Read.ap_auto.i32, i32 %localC_130_reload"   --->   Operation 132 'read' 'localC_130_reload_read' <Predicate = true> <Delay = 0.00>
ST_1 : Operation 133 [1/1] (0.00ns)   --->   "%localC_129_reload_read = read i32 @_ssdm_op_Read.ap_auto.i32, i32 %localC_129_reload"   --->   Operation 133 'read' 'localC_129_reload_read' <Predicate = true> <Delay = 0.00>
ST_1 : Operation 134 [1/1] (0.00ns)   --->   "%localC_128_reload_read = read i32 @_ssdm_op_Read.ap_auto.i32, i32 %localC_128_reload"   --->   Operation 134 'read' 'localC_128_reload_read' <Predicate = true> <Delay = 0.00>
ST_1 : Operation 135 [1/1] (0.00ns)   --->   "%localC_127_reload_read = read i32 @_ssdm_op_Read.ap_auto.i32, i32 %localC_127_reload"   --->   Operation 135 'read' 'localC_127_reload_read' <Predicate = true> <Delay = 0.00>
ST_1 : Operation 136 [1/1] (0.00ns)   --->   "%localC_126_reload_read = read i32 @_ssdm_op_Read.ap_auto.i32, i32 %localC_126_reload"   --->   Operation 136 'read' 'localC_126_reload_read' <Predicate = true> <Delay = 0.00>
ST_1 : Operation 137 [1/1] (0.00ns)   --->   "%localC_125_reload_read = read i32 @_ssdm_op_Read.ap_auto.i32, i32 %localC_125_reload"   --->   Operation 137 'read' 'localC_125_reload_read' <Predicate = true> <Delay = 0.00>
ST_1 : Operation 138 [1/1] (0.00ns)   --->   "%localC_124_reload_read = read i32 @_ssdm_op_Read.ap_auto.i32, i32 %localC_124_reload"   --->   Operation 138 'read' 'localC_124_reload_read' <Predicate = true> <Delay = 0.00>
ST_1 : Operation 139 [1/1] (0.00ns)   --->   "%localC_123_reload_read = read i32 @_ssdm_op_Read.ap_auto.i32, i32 %localC_123_reload"   --->   Operation 139 'read' 'localC_123_reload_read' <Predicate = true> <Delay = 0.00>
ST_1 : Operation 140 [1/1] (0.00ns)   --->   "%localC_122_reload_read = read i32 @_ssdm_op_Read.ap_auto.i32, i32 %localC_122_reload"   --->   Operation 140 'read' 'localC_122_reload_read' <Predicate = true> <Delay = 0.00>
ST_1 : Operation 141 [1/1] (0.00ns)   --->   "%localC_121_reload_read = read i32 @_ssdm_op_Read.ap_auto.i32, i32 %localC_121_reload"   --->   Operation 141 'read' 'localC_121_reload_read' <Predicate = true> <Delay = 0.00>
ST_1 : Operation 142 [1/1] (0.00ns)   --->   "%localC_120_reload_read = read i32 @_ssdm_op_Read.ap_auto.i32, i32 %localC_120_reload"   --->   Operation 142 'read' 'localC_120_reload_read' <Predicate = true> <Delay = 0.00>
ST_1 : Operation 143 [1/1] (0.00ns)   --->   "%localC_119_reload_read = read i32 @_ssdm_op_Read.ap_auto.i32, i32 %localC_119_reload"   --->   Operation 143 'read' 'localC_119_reload_read' <Predicate = true> <Delay = 0.00>
ST_1 : Operation 144 [1/1] (0.00ns)   --->   "%localC_118_reload_read = read i32 @_ssdm_op_Read.ap_auto.i32, i32 %localC_118_reload"   --->   Operation 144 'read' 'localC_118_reload_read' <Predicate = true> <Delay = 0.00>
ST_1 : Operation 145 [1/1] (0.00ns)   --->   "%localC_117_reload_read = read i32 @_ssdm_op_Read.ap_auto.i32, i32 %localC_117_reload"   --->   Operation 145 'read' 'localC_117_reload_read' <Predicate = true> <Delay = 0.00>
ST_1 : Operation 146 [1/1] (0.00ns)   --->   "%localC_116_reload_read = read i32 @_ssdm_op_Read.ap_auto.i32, i32 %localC_116_reload"   --->   Operation 146 'read' 'localC_116_reload_read' <Predicate = true> <Delay = 0.00>
ST_1 : Operation 147 [1/1] (0.00ns)   --->   "%localC_115_reload_read = read i32 @_ssdm_op_Read.ap_auto.i32, i32 %localC_115_reload"   --->   Operation 147 'read' 'localC_115_reload_read' <Predicate = true> <Delay = 0.00>
ST_1 : Operation 148 [1/1] (0.00ns)   --->   "%localC_114_reload_read = read i32 @_ssdm_op_Read.ap_auto.i32, i32 %localC_114_reload"   --->   Operation 148 'read' 'localC_114_reload_read' <Predicate = true> <Delay = 0.00>
ST_1 : Operation 149 [1/1] (0.00ns)   --->   "%localC_113_reload_read = read i32 @_ssdm_op_Read.ap_auto.i32, i32 %localC_113_reload"   --->   Operation 149 'read' 'localC_113_reload_read' <Predicate = true> <Delay = 0.00>
ST_1 : Operation 150 [1/1] (0.00ns)   --->   "%localC_112_reload_read = read i32 @_ssdm_op_Read.ap_auto.i32, i32 %localC_112_reload"   --->   Operation 150 'read' 'localC_112_reload_read' <Predicate = true> <Delay = 0.00>
ST_1 : Operation 151 [1/1] (0.00ns)   --->   "%localC_111_reload_read = read i32 @_ssdm_op_Read.ap_auto.i32, i32 %localC_111_reload"   --->   Operation 151 'read' 'localC_111_reload_read' <Predicate = true> <Delay = 0.00>
ST_1 : Operation 152 [1/1] (0.00ns)   --->   "%localC_110_reload_read = read i32 @_ssdm_op_Read.ap_auto.i32, i32 %localC_110_reload"   --->   Operation 152 'read' 'localC_110_reload_read' <Predicate = true> <Delay = 0.00>
ST_1 : Operation 153 [1/1] (0.00ns)   --->   "%localC_109_reload_read = read i32 @_ssdm_op_Read.ap_auto.i32, i32 %localC_109_reload"   --->   Operation 153 'read' 'localC_109_reload_read' <Predicate = true> <Delay = 0.00>
ST_1 : Operation 154 [1/1] (0.00ns)   --->   "%localC_108_reload_read = read i32 @_ssdm_op_Read.ap_auto.i32, i32 %localC_108_reload"   --->   Operation 154 'read' 'localC_108_reload_read' <Predicate = true> <Delay = 0.00>
ST_1 : Operation 155 [1/1] (0.00ns)   --->   "%localC_107_reload_read = read i32 @_ssdm_op_Read.ap_auto.i32, i32 %localC_107_reload"   --->   Operation 155 'read' 'localC_107_reload_read' <Predicate = true> <Delay = 0.00>
ST_1 : Operation 156 [1/1] (0.00ns)   --->   "%localC_106_reload_read = read i32 @_ssdm_op_Read.ap_auto.i32, i32 %localC_106_reload"   --->   Operation 156 'read' 'localC_106_reload_read' <Predicate = true> <Delay = 0.00>
ST_1 : Operation 157 [1/1] (0.00ns)   --->   "%localC_105_reload_read = read i32 @_ssdm_op_Read.ap_auto.i32, i32 %localC_105_reload"   --->   Operation 157 'read' 'localC_105_reload_read' <Predicate = true> <Delay = 0.00>
ST_1 : Operation 158 [1/1] (0.00ns)   --->   "%localC_104_reload_read = read i32 @_ssdm_op_Read.ap_auto.i32, i32 %localC_104_reload"   --->   Operation 158 'read' 'localC_104_reload_read' <Predicate = true> <Delay = 0.00>
ST_1 : Operation 159 [1/1] (0.00ns)   --->   "%localC_103_reload_read = read i32 @_ssdm_op_Read.ap_auto.i32, i32 %localC_103_reload"   --->   Operation 159 'read' 'localC_103_reload_read' <Predicate = true> <Delay = 0.00>
ST_1 : Operation 160 [1/1] (0.00ns)   --->   "%localC_102_reload_read = read i32 @_ssdm_op_Read.ap_auto.i32, i32 %localC_102_reload"   --->   Operation 160 'read' 'localC_102_reload_read' <Predicate = true> <Delay = 0.00>
ST_1 : Operation 161 [1/1] (0.00ns)   --->   "%localC_101_reload_read = read i32 @_ssdm_op_Read.ap_auto.i32, i32 %localC_101_reload"   --->   Operation 161 'read' 'localC_101_reload_read' <Predicate = true> <Delay = 0.00>
ST_1 : Operation 162 [1/1] (0.00ns)   --->   "%localC_100_reload_read = read i32 @_ssdm_op_Read.ap_auto.i32, i32 %localC_100_reload"   --->   Operation 162 'read' 'localC_100_reload_read' <Predicate = true> <Delay = 0.00>
ST_1 : Operation 163 [1/1] (0.00ns)   --->   "%localC_99_reload_read = read i32 @_ssdm_op_Read.ap_auto.i32, i32 %localC_99_reload"   --->   Operation 163 'read' 'localC_99_reload_read' <Predicate = true> <Delay = 0.00>
ST_1 : Operation 164 [1/1] (0.00ns)   --->   "%localC_98_reload_read = read i32 @_ssdm_op_Read.ap_auto.i32, i32 %localC_98_reload"   --->   Operation 164 'read' 'localC_98_reload_read' <Predicate = true> <Delay = 0.00>
ST_1 : Operation 165 [1/1] (0.00ns)   --->   "%localC_97_reload_read = read i32 @_ssdm_op_Read.ap_auto.i32, i32 %localC_97_reload"   --->   Operation 165 'read' 'localC_97_reload_read' <Predicate = true> <Delay = 0.00>
ST_1 : Operation 166 [1/1] (0.00ns)   --->   "%localC_96_reload_read = read i32 @_ssdm_op_Read.ap_auto.i32, i32 %localC_96_reload"   --->   Operation 166 'read' 'localC_96_reload_read' <Predicate = true> <Delay = 0.00>
ST_1 : Operation 167 [1/1] (0.00ns)   --->   "%localC_95_reload_read = read i32 @_ssdm_op_Read.ap_auto.i32, i32 %localC_95_reload"   --->   Operation 167 'read' 'localC_95_reload_read' <Predicate = true> <Delay = 0.00>
ST_1 : Operation 168 [1/1] (0.00ns)   --->   "%localC_94_reload_read = read i32 @_ssdm_op_Read.ap_auto.i32, i32 %localC_94_reload"   --->   Operation 168 'read' 'localC_94_reload_read' <Predicate = true> <Delay = 0.00>
ST_1 : Operation 169 [1/1] (0.00ns)   --->   "%localC_93_reload_read = read i32 @_ssdm_op_Read.ap_auto.i32, i32 %localC_93_reload"   --->   Operation 169 'read' 'localC_93_reload_read' <Predicate = true> <Delay = 0.00>
ST_1 : Operation 170 [1/1] (0.00ns)   --->   "%localC_92_reload_read = read i32 @_ssdm_op_Read.ap_auto.i32, i32 %localC_92_reload"   --->   Operation 170 'read' 'localC_92_reload_read' <Predicate = true> <Delay = 0.00>
ST_1 : Operation 171 [1/1] (0.00ns)   --->   "%localC_91_reload_read = read i32 @_ssdm_op_Read.ap_auto.i32, i32 %localC_91_reload"   --->   Operation 171 'read' 'localC_91_reload_read' <Predicate = true> <Delay = 0.00>
ST_1 : Operation 172 [1/1] (0.00ns)   --->   "%localC_90_reload_read = read i32 @_ssdm_op_Read.ap_auto.i32, i32 %localC_90_reload"   --->   Operation 172 'read' 'localC_90_reload_read' <Predicate = true> <Delay = 0.00>
ST_1 : Operation 173 [1/1] (0.00ns)   --->   "%localC_89_reload_read = read i32 @_ssdm_op_Read.ap_auto.i32, i32 %localC_89_reload"   --->   Operation 173 'read' 'localC_89_reload_read' <Predicate = true> <Delay = 0.00>
ST_1 : Operation 174 [1/1] (0.00ns)   --->   "%localC_88_reload_read = read i32 @_ssdm_op_Read.ap_auto.i32, i32 %localC_88_reload"   --->   Operation 174 'read' 'localC_88_reload_read' <Predicate = true> <Delay = 0.00>
ST_1 : Operation 175 [1/1] (0.00ns)   --->   "%localC_87_reload_read = read i32 @_ssdm_op_Read.ap_auto.i32, i32 %localC_87_reload"   --->   Operation 175 'read' 'localC_87_reload_read' <Predicate = true> <Delay = 0.00>
ST_1 : Operation 176 [1/1] (0.00ns)   --->   "%localC_86_reload_read = read i32 @_ssdm_op_Read.ap_auto.i32, i32 %localC_86_reload"   --->   Operation 176 'read' 'localC_86_reload_read' <Predicate = true> <Delay = 0.00>
ST_1 : Operation 177 [1/1] (0.00ns)   --->   "%localC_85_reload_read = read i32 @_ssdm_op_Read.ap_auto.i32, i32 %localC_85_reload"   --->   Operation 177 'read' 'localC_85_reload_read' <Predicate = true> <Delay = 0.00>
ST_1 : Operation 178 [1/1] (0.00ns)   --->   "%localC_84_reload_read = read i32 @_ssdm_op_Read.ap_auto.i32, i32 %localC_84_reload"   --->   Operation 178 'read' 'localC_84_reload_read' <Predicate = true> <Delay = 0.00>
ST_1 : Operation 179 [1/1] (0.00ns)   --->   "%localC_83_reload_read = read i32 @_ssdm_op_Read.ap_auto.i32, i32 %localC_83_reload"   --->   Operation 179 'read' 'localC_83_reload_read' <Predicate = true> <Delay = 0.00>
ST_1 : Operation 180 [1/1] (0.00ns)   --->   "%localC_82_reload_read = read i32 @_ssdm_op_Read.ap_auto.i32, i32 %localC_82_reload"   --->   Operation 180 'read' 'localC_82_reload_read' <Predicate = true> <Delay = 0.00>
ST_1 : Operation 181 [1/1] (0.00ns)   --->   "%localC_81_reload_read = read i32 @_ssdm_op_Read.ap_auto.i32, i32 %localC_81_reload"   --->   Operation 181 'read' 'localC_81_reload_read' <Predicate = true> <Delay = 0.00>
ST_1 : Operation 182 [1/1] (0.00ns)   --->   "%localC_80_reload_read = read i32 @_ssdm_op_Read.ap_auto.i32, i32 %localC_80_reload"   --->   Operation 182 'read' 'localC_80_reload_read' <Predicate = true> <Delay = 0.00>
ST_1 : Operation 183 [1/1] (0.00ns)   --->   "%localC_79_reload_read = read i32 @_ssdm_op_Read.ap_auto.i32, i32 %localC_79_reload"   --->   Operation 183 'read' 'localC_79_reload_read' <Predicate = true> <Delay = 0.00>
ST_1 : Operation 184 [1/1] (0.00ns)   --->   "%localC_78_reload_read = read i32 @_ssdm_op_Read.ap_auto.i32, i32 %localC_78_reload"   --->   Operation 184 'read' 'localC_78_reload_read' <Predicate = true> <Delay = 0.00>
ST_1 : Operation 185 [1/1] (0.00ns)   --->   "%localC_77_reload_read = read i32 @_ssdm_op_Read.ap_auto.i32, i32 %localC_77_reload"   --->   Operation 185 'read' 'localC_77_reload_read' <Predicate = true> <Delay = 0.00>
ST_1 : Operation 186 [1/1] (0.00ns)   --->   "%localC_76_reload_read = read i32 @_ssdm_op_Read.ap_auto.i32, i32 %localC_76_reload"   --->   Operation 186 'read' 'localC_76_reload_read' <Predicate = true> <Delay = 0.00>
ST_1 : Operation 187 [1/1] (0.00ns)   --->   "%localC_75_reload_read = read i32 @_ssdm_op_Read.ap_auto.i32, i32 %localC_75_reload"   --->   Operation 187 'read' 'localC_75_reload_read' <Predicate = true> <Delay = 0.00>
ST_1 : Operation 188 [1/1] (0.00ns)   --->   "%localC_74_reload_read = read i32 @_ssdm_op_Read.ap_auto.i32, i32 %localC_74_reload"   --->   Operation 188 'read' 'localC_74_reload_read' <Predicate = true> <Delay = 0.00>
ST_1 : Operation 189 [1/1] (0.00ns)   --->   "%localC_73_reload_read = read i32 @_ssdm_op_Read.ap_auto.i32, i32 %localC_73_reload"   --->   Operation 189 'read' 'localC_73_reload_read' <Predicate = true> <Delay = 0.00>
ST_1 : Operation 190 [1/1] (0.00ns)   --->   "%localC_72_reload_read = read i32 @_ssdm_op_Read.ap_auto.i32, i32 %localC_72_reload"   --->   Operation 190 'read' 'localC_72_reload_read' <Predicate = true> <Delay = 0.00>
ST_1 : Operation 191 [1/1] (0.00ns)   --->   "%localC_71_reload_read = read i32 @_ssdm_op_Read.ap_auto.i32, i32 %localC_71_reload"   --->   Operation 191 'read' 'localC_71_reload_read' <Predicate = true> <Delay = 0.00>
ST_1 : Operation 192 [1/1] (0.00ns)   --->   "%localC_70_reload_read = read i32 @_ssdm_op_Read.ap_auto.i32, i32 %localC_70_reload"   --->   Operation 192 'read' 'localC_70_reload_read' <Predicate = true> <Delay = 0.00>
ST_1 : Operation 193 [1/1] (0.00ns)   --->   "%localC_69_reload_read = read i32 @_ssdm_op_Read.ap_auto.i32, i32 %localC_69_reload"   --->   Operation 193 'read' 'localC_69_reload_read' <Predicate = true> <Delay = 0.00>
ST_1 : Operation 194 [1/1] (0.00ns)   --->   "%localC_68_reload_read = read i32 @_ssdm_op_Read.ap_auto.i32, i32 %localC_68_reload"   --->   Operation 194 'read' 'localC_68_reload_read' <Predicate = true> <Delay = 0.00>
ST_1 : Operation 195 [1/1] (0.00ns)   --->   "%localC_67_reload_read = read i32 @_ssdm_op_Read.ap_auto.i32, i32 %localC_67_reload"   --->   Operation 195 'read' 'localC_67_reload_read' <Predicate = true> <Delay = 0.00>
ST_1 : Operation 196 [1/1] (0.00ns)   --->   "%localC_66_reload_read = read i32 @_ssdm_op_Read.ap_auto.i32, i32 %localC_66_reload"   --->   Operation 196 'read' 'localC_66_reload_read' <Predicate = true> <Delay = 0.00>
ST_1 : Operation 197 [1/1] (0.00ns)   --->   "%localC_65_reload_read = read i32 @_ssdm_op_Read.ap_auto.i32, i32 %localC_65_reload"   --->   Operation 197 'read' 'localC_65_reload_read' <Predicate = true> <Delay = 0.00>
ST_1 : Operation 198 [1/1] (0.00ns)   --->   "%localC_64_reload_read = read i32 @_ssdm_op_Read.ap_auto.i32, i32 %localC_64_reload"   --->   Operation 198 'read' 'localC_64_reload_read' <Predicate = true> <Delay = 0.00>
ST_1 : Operation 199 [1/1] (0.00ns)   --->   "%localC_63_reload_read = read i32 @_ssdm_op_Read.ap_auto.i32, i32 %localC_63_reload"   --->   Operation 199 'read' 'localC_63_reload_read' <Predicate = true> <Delay = 0.00>
ST_1 : Operation 200 [1/1] (0.00ns)   --->   "%localC_62_reload_read = read i32 @_ssdm_op_Read.ap_auto.i32, i32 %localC_62_reload"   --->   Operation 200 'read' 'localC_62_reload_read' <Predicate = true> <Delay = 0.00>
ST_1 : Operation 201 [1/1] (0.00ns)   --->   "%localC_61_reload_read = read i32 @_ssdm_op_Read.ap_auto.i32, i32 %localC_61_reload"   --->   Operation 201 'read' 'localC_61_reload_read' <Predicate = true> <Delay = 0.00>
ST_1 : Operation 202 [1/1] (0.00ns)   --->   "%localC_60_reload_read = read i32 @_ssdm_op_Read.ap_auto.i32, i32 %localC_60_reload"   --->   Operation 202 'read' 'localC_60_reload_read' <Predicate = true> <Delay = 0.00>
ST_1 : Operation 203 [1/1] (0.00ns)   --->   "%localC_59_reload_read = read i32 @_ssdm_op_Read.ap_auto.i32, i32 %localC_59_reload"   --->   Operation 203 'read' 'localC_59_reload_read' <Predicate = true> <Delay = 0.00>
ST_1 : Operation 204 [1/1] (0.00ns)   --->   "%localC_58_reload_read = read i32 @_ssdm_op_Read.ap_auto.i32, i32 %localC_58_reload"   --->   Operation 204 'read' 'localC_58_reload_read' <Predicate = true> <Delay = 0.00>
ST_1 : Operation 205 [1/1] (0.00ns)   --->   "%localC_57_reload_read = read i32 @_ssdm_op_Read.ap_auto.i32, i32 %localC_57_reload"   --->   Operation 205 'read' 'localC_57_reload_read' <Predicate = true> <Delay = 0.00>
ST_1 : Operation 206 [1/1] (0.00ns)   --->   "%localC_56_reload_read = read i32 @_ssdm_op_Read.ap_auto.i32, i32 %localC_56_reload"   --->   Operation 206 'read' 'localC_56_reload_read' <Predicate = true> <Delay = 0.00>
ST_1 : Operation 207 [1/1] (0.00ns)   --->   "%localC_55_reload_read = read i32 @_ssdm_op_Read.ap_auto.i32, i32 %localC_55_reload"   --->   Operation 207 'read' 'localC_55_reload_read' <Predicate = true> <Delay = 0.00>
ST_1 : Operation 208 [1/1] (0.00ns)   --->   "%localC_54_reload_read = read i32 @_ssdm_op_Read.ap_auto.i32, i32 %localC_54_reload"   --->   Operation 208 'read' 'localC_54_reload_read' <Predicate = true> <Delay = 0.00>
ST_1 : Operation 209 [1/1] (0.00ns)   --->   "%localC_53_reload_read = read i32 @_ssdm_op_Read.ap_auto.i32, i32 %localC_53_reload"   --->   Operation 209 'read' 'localC_53_reload_read' <Predicate = true> <Delay = 0.00>
ST_1 : Operation 210 [1/1] (0.00ns)   --->   "%localC_52_reload_read = read i32 @_ssdm_op_Read.ap_auto.i32, i32 %localC_52_reload"   --->   Operation 210 'read' 'localC_52_reload_read' <Predicate = true> <Delay = 0.00>
ST_1 : Operation 211 [1/1] (0.00ns)   --->   "%localC_51_reload_read = read i32 @_ssdm_op_Read.ap_auto.i32, i32 %localC_51_reload"   --->   Operation 211 'read' 'localC_51_reload_read' <Predicate = true> <Delay = 0.00>
ST_1 : Operation 212 [1/1] (0.00ns)   --->   "%localC_50_reload_read = read i32 @_ssdm_op_Read.ap_auto.i32, i32 %localC_50_reload"   --->   Operation 212 'read' 'localC_50_reload_read' <Predicate = true> <Delay = 0.00>
ST_1 : Operation 213 [1/1] (0.00ns)   --->   "%localC_49_reload_read = read i32 @_ssdm_op_Read.ap_auto.i32, i32 %localC_49_reload"   --->   Operation 213 'read' 'localC_49_reload_read' <Predicate = true> <Delay = 0.00>
ST_1 : Operation 214 [1/1] (0.00ns)   --->   "%localC_48_reload_read = read i32 @_ssdm_op_Read.ap_auto.i32, i32 %localC_48_reload"   --->   Operation 214 'read' 'localC_48_reload_read' <Predicate = true> <Delay = 0.00>
ST_1 : Operation 215 [1/1] (0.00ns)   --->   "%localC_47_reload_read = read i32 @_ssdm_op_Read.ap_auto.i32, i32 %localC_47_reload"   --->   Operation 215 'read' 'localC_47_reload_read' <Predicate = true> <Delay = 0.00>
ST_1 : Operation 216 [1/1] (0.00ns)   --->   "%localC_46_reload_read = read i32 @_ssdm_op_Read.ap_auto.i32, i32 %localC_46_reload"   --->   Operation 216 'read' 'localC_46_reload_read' <Predicate = true> <Delay = 0.00>
ST_1 : Operation 217 [1/1] (0.00ns)   --->   "%localC_45_reload_read = read i32 @_ssdm_op_Read.ap_auto.i32, i32 %localC_45_reload"   --->   Operation 217 'read' 'localC_45_reload_read' <Predicate = true> <Delay = 0.00>
ST_1 : Operation 218 [1/1] (0.00ns)   --->   "%localC_44_reload_read = read i32 @_ssdm_op_Read.ap_auto.i32, i32 %localC_44_reload"   --->   Operation 218 'read' 'localC_44_reload_read' <Predicate = true> <Delay = 0.00>
ST_1 : Operation 219 [1/1] (0.00ns)   --->   "%localC_43_reload_read = read i32 @_ssdm_op_Read.ap_auto.i32, i32 %localC_43_reload"   --->   Operation 219 'read' 'localC_43_reload_read' <Predicate = true> <Delay = 0.00>
ST_1 : Operation 220 [1/1] (0.00ns)   --->   "%localC_42_reload_read = read i32 @_ssdm_op_Read.ap_auto.i32, i32 %localC_42_reload"   --->   Operation 220 'read' 'localC_42_reload_read' <Predicate = true> <Delay = 0.00>
ST_1 : Operation 221 [1/1] (0.00ns)   --->   "%localC_41_reload_read = read i32 @_ssdm_op_Read.ap_auto.i32, i32 %localC_41_reload"   --->   Operation 221 'read' 'localC_41_reload_read' <Predicate = true> <Delay = 0.00>
ST_1 : Operation 222 [1/1] (0.00ns)   --->   "%localC_40_reload_read = read i32 @_ssdm_op_Read.ap_auto.i32, i32 %localC_40_reload"   --->   Operation 222 'read' 'localC_40_reload_read' <Predicate = true> <Delay = 0.00>
ST_1 : Operation 223 [1/1] (0.00ns)   --->   "%localC_39_reload_read = read i32 @_ssdm_op_Read.ap_auto.i32, i32 %localC_39_reload"   --->   Operation 223 'read' 'localC_39_reload_read' <Predicate = true> <Delay = 0.00>
ST_1 : Operation 224 [1/1] (0.00ns)   --->   "%localC_38_reload_read = read i32 @_ssdm_op_Read.ap_auto.i32, i32 %localC_38_reload"   --->   Operation 224 'read' 'localC_38_reload_read' <Predicate = true> <Delay = 0.00>
ST_1 : Operation 225 [1/1] (0.00ns)   --->   "%localC_37_reload_read = read i32 @_ssdm_op_Read.ap_auto.i32, i32 %localC_37_reload"   --->   Operation 225 'read' 'localC_37_reload_read' <Predicate = true> <Delay = 0.00>
ST_1 : Operation 226 [1/1] (0.00ns)   --->   "%localC_36_reload_read = read i32 @_ssdm_op_Read.ap_auto.i32, i32 %localC_36_reload"   --->   Operation 226 'read' 'localC_36_reload_read' <Predicate = true> <Delay = 0.00>
ST_1 : Operation 227 [1/1] (0.00ns)   --->   "%localC_35_reload_read = read i32 @_ssdm_op_Read.ap_auto.i32, i32 %localC_35_reload"   --->   Operation 227 'read' 'localC_35_reload_read' <Predicate = true> <Delay = 0.00>
ST_1 : Operation 228 [1/1] (0.00ns)   --->   "%localC_34_reload_read = read i32 @_ssdm_op_Read.ap_auto.i32, i32 %localC_34_reload"   --->   Operation 228 'read' 'localC_34_reload_read' <Predicate = true> <Delay = 0.00>
ST_1 : Operation 229 [1/1] (0.00ns)   --->   "%localC_33_reload_read = read i32 @_ssdm_op_Read.ap_auto.i32, i32 %localC_33_reload"   --->   Operation 229 'read' 'localC_33_reload_read' <Predicate = true> <Delay = 0.00>
ST_1 : Operation 230 [1/1] (0.00ns)   --->   "%localC_32_reload_read = read i32 @_ssdm_op_Read.ap_auto.i32, i32 %localC_32_reload"   --->   Operation 230 'read' 'localC_32_reload_read' <Predicate = true> <Delay = 0.00>
ST_1 : Operation 231 [1/1] (0.00ns)   --->   "%localC_31_reload_read = read i32 @_ssdm_op_Read.ap_auto.i32, i32 %localC_31_reload"   --->   Operation 231 'read' 'localC_31_reload_read' <Predicate = true> <Delay = 0.00>
ST_1 : Operation 232 [1/1] (0.00ns)   --->   "%localC_30_reload_read = read i32 @_ssdm_op_Read.ap_auto.i32, i32 %localC_30_reload"   --->   Operation 232 'read' 'localC_30_reload_read' <Predicate = true> <Delay = 0.00>
ST_1 : Operation 233 [1/1] (0.00ns)   --->   "%localC_29_reload_read = read i32 @_ssdm_op_Read.ap_auto.i32, i32 %localC_29_reload"   --->   Operation 233 'read' 'localC_29_reload_read' <Predicate = true> <Delay = 0.00>
ST_1 : Operation 234 [1/1] (0.00ns)   --->   "%localC_28_reload_read = read i32 @_ssdm_op_Read.ap_auto.i32, i32 %localC_28_reload"   --->   Operation 234 'read' 'localC_28_reload_read' <Predicate = true> <Delay = 0.00>
ST_1 : Operation 235 [1/1] (0.00ns)   --->   "%localC_27_reload_read = read i32 @_ssdm_op_Read.ap_auto.i32, i32 %localC_27_reload"   --->   Operation 235 'read' 'localC_27_reload_read' <Predicate = true> <Delay = 0.00>
ST_1 : Operation 236 [1/1] (0.00ns)   --->   "%localC_26_reload_read = read i32 @_ssdm_op_Read.ap_auto.i32, i32 %localC_26_reload"   --->   Operation 236 'read' 'localC_26_reload_read' <Predicate = true> <Delay = 0.00>
ST_1 : Operation 237 [1/1] (0.00ns)   --->   "%localC_25_reload_read = read i32 @_ssdm_op_Read.ap_auto.i32, i32 %localC_25_reload"   --->   Operation 237 'read' 'localC_25_reload_read' <Predicate = true> <Delay = 0.00>
ST_1 : Operation 238 [1/1] (0.00ns)   --->   "%localC_24_reload_read = read i32 @_ssdm_op_Read.ap_auto.i32, i32 %localC_24_reload"   --->   Operation 238 'read' 'localC_24_reload_read' <Predicate = true> <Delay = 0.00>
ST_1 : Operation 239 [1/1] (0.00ns)   --->   "%localC_23_reload_read = read i32 @_ssdm_op_Read.ap_auto.i32, i32 %localC_23_reload"   --->   Operation 239 'read' 'localC_23_reload_read' <Predicate = true> <Delay = 0.00>
ST_1 : Operation 240 [1/1] (0.00ns)   --->   "%localC_22_reload_read = read i32 @_ssdm_op_Read.ap_auto.i32, i32 %localC_22_reload"   --->   Operation 240 'read' 'localC_22_reload_read' <Predicate = true> <Delay = 0.00>
ST_1 : Operation 241 [1/1] (0.00ns)   --->   "%localC_21_reload_read = read i32 @_ssdm_op_Read.ap_auto.i32, i32 %localC_21_reload"   --->   Operation 241 'read' 'localC_21_reload_read' <Predicate = true> <Delay = 0.00>
ST_1 : Operation 242 [1/1] (0.00ns)   --->   "%localC_20_reload_read = read i32 @_ssdm_op_Read.ap_auto.i32, i32 %localC_20_reload"   --->   Operation 242 'read' 'localC_20_reload_read' <Predicate = true> <Delay = 0.00>
ST_1 : Operation 243 [1/1] (0.00ns)   --->   "%localC_19_reload_read = read i32 @_ssdm_op_Read.ap_auto.i32, i32 %localC_19_reload"   --->   Operation 243 'read' 'localC_19_reload_read' <Predicate = true> <Delay = 0.00>
ST_1 : Operation 244 [1/1] (0.00ns)   --->   "%localC_18_reload_read = read i32 @_ssdm_op_Read.ap_auto.i32, i32 %localC_18_reload"   --->   Operation 244 'read' 'localC_18_reload_read' <Predicate = true> <Delay = 0.00>
ST_1 : Operation 245 [1/1] (0.00ns)   --->   "%localC_17_reload_read = read i32 @_ssdm_op_Read.ap_auto.i32, i32 %localC_17_reload"   --->   Operation 245 'read' 'localC_17_reload_read' <Predicate = true> <Delay = 0.00>
ST_1 : Operation 246 [1/1] (0.00ns)   --->   "%localC_16_reload_read = read i32 @_ssdm_op_Read.ap_auto.i32, i32 %localC_16_reload"   --->   Operation 246 'read' 'localC_16_reload_read' <Predicate = true> <Delay = 0.00>
ST_1 : Operation 247 [1/1] (0.00ns)   --->   "%localC_15_reload_read = read i32 @_ssdm_op_Read.ap_auto.i32, i32 %localC_15_reload"   --->   Operation 247 'read' 'localC_15_reload_read' <Predicate = true> <Delay = 0.00>
ST_1 : Operation 248 [1/1] (0.00ns)   --->   "%localC_14_reload_read = read i32 @_ssdm_op_Read.ap_auto.i32, i32 %localC_14_reload"   --->   Operation 248 'read' 'localC_14_reload_read' <Predicate = true> <Delay = 0.00>
ST_1 : Operation 249 [1/1] (0.00ns)   --->   "%localC_13_reload_read = read i32 @_ssdm_op_Read.ap_auto.i32, i32 %localC_13_reload"   --->   Operation 249 'read' 'localC_13_reload_read' <Predicate = true> <Delay = 0.00>
ST_1 : Operation 250 [1/1] (0.00ns)   --->   "%localC_12_reload_read = read i32 @_ssdm_op_Read.ap_auto.i32, i32 %localC_12_reload"   --->   Operation 250 'read' 'localC_12_reload_read' <Predicate = true> <Delay = 0.00>
ST_1 : Operation 251 [1/1] (0.00ns)   --->   "%localC_11_reload_read = read i32 @_ssdm_op_Read.ap_auto.i32, i32 %localC_11_reload"   --->   Operation 251 'read' 'localC_11_reload_read' <Predicate = true> <Delay = 0.00>
ST_1 : Operation 252 [1/1] (0.00ns)   --->   "%localC_10_reload_read = read i32 @_ssdm_op_Read.ap_auto.i32, i32 %localC_10_reload"   --->   Operation 252 'read' 'localC_10_reload_read' <Predicate = true> <Delay = 0.00>
ST_1 : Operation 253 [1/1] (0.00ns)   --->   "%localC_9_reload_read = read i32 @_ssdm_op_Read.ap_auto.i32, i32 %localC_9_reload"   --->   Operation 253 'read' 'localC_9_reload_read' <Predicate = true> <Delay = 0.00>
ST_1 : Operation 254 [1/1] (0.00ns)   --->   "%localC_8_reload_read = read i32 @_ssdm_op_Read.ap_auto.i32, i32 %localC_8_reload"   --->   Operation 254 'read' 'localC_8_reload_read' <Predicate = true> <Delay = 0.00>
ST_1 : Operation 255 [1/1] (0.00ns)   --->   "%localC_7_reload_read = read i32 @_ssdm_op_Read.ap_auto.i32, i32 %localC_7_reload"   --->   Operation 255 'read' 'localC_7_reload_read' <Predicate = true> <Delay = 0.00>
ST_1 : Operation 256 [1/1] (0.00ns)   --->   "%localC_6_reload_read = read i32 @_ssdm_op_Read.ap_auto.i32, i32 %localC_6_reload"   --->   Operation 256 'read' 'localC_6_reload_read' <Predicate = true> <Delay = 0.00>
ST_1 : Operation 257 [1/1] (0.00ns)   --->   "%localC_5_reload_read = read i32 @_ssdm_op_Read.ap_auto.i32, i32 %localC_5_reload"   --->   Operation 257 'read' 'localC_5_reload_read' <Predicate = true> <Delay = 0.00>
ST_1 : Operation 258 [1/1] (0.00ns)   --->   "%localC_4_reload_read = read i32 @_ssdm_op_Read.ap_auto.i32, i32 %localC_4_reload"   --->   Operation 258 'read' 'localC_4_reload_read' <Predicate = true> <Delay = 0.00>
ST_1 : Operation 259 [1/1] (0.00ns)   --->   "%localC_3_reload_read = read i32 @_ssdm_op_Read.ap_auto.i32, i32 %localC_3_reload"   --->   Operation 259 'read' 'localC_3_reload_read' <Predicate = true> <Delay = 0.00>
ST_1 : Operation 260 [1/1] (0.00ns)   --->   "%localC_2_reload_read = read i32 @_ssdm_op_Read.ap_auto.i32, i32 %localC_2_reload"   --->   Operation 260 'read' 'localC_2_reload_read' <Predicate = true> <Delay = 0.00>
ST_1 : Operation 261 [1/1] (0.00ns)   --->   "%localC_1_reload_read = read i32 @_ssdm_op_Read.ap_auto.i32, i32 %localC_1_reload"   --->   Operation 261 'read' 'localC_1_reload_read' <Predicate = true> <Delay = 0.00>
ST_1 : Operation 262 [1/1] (0.00ns)   --->   "%localC_reload_read = read i32 @_ssdm_op_Read.ap_auto.i32, i32 %localC_reload"   --->   Operation 262 'read' 'localC_reload_read' <Predicate = true> <Delay = 0.00>
ST_1 : Operation 263 [1/1] (0.00ns)   --->   "%sext_ln176_read = read i58 @_ssdm_op_Read.ap_auto.i58, i58 %sext_ln176"   --->   Operation 263 'read' 'sext_ln176_read' <Predicate = true> <Delay = 0.00>
ST_1 : Operation 264 [1/1] (0.00ns)   --->   "%sext_ln176_cast = sext i58 %sext_ln176_read"   --->   Operation 264 'sext' 'sext_ln176_cast' <Predicate = true> <Delay = 0.00>
ST_1 : Operation 265 [1/1] (0.00ns)   --->   "%specinterface_ln0 = specinterface void @_ssdm_op_SpecInterface, i512 %systolic, void @empty, i32 0, i32 0, void @empty_0, i32 0, i32 0, void @empty_1, void @empty_2, void @empty_0, i32 16, i32 16, i32 16, i32 16, void @empty_0, void @empty_0"   --->   Operation 265 'specinterface' 'specinterface_ln0' <Predicate = true> <Delay = 0.00>
ST_1 : Operation 266 [1/1] (0.38ns)   --->   "%store_ln0 = store i9 0, i9 %loop_index"   --->   Operation 266 'store' 'store_ln0' <Predicate = true> <Delay = 0.38>
ST_1 : Operation 267 [1/1] (0.38ns)   --->   "%store_ln0 = store i480 0, i480 %shiftreg"   --->   Operation 267 'store' 'store_ln0' <Predicate = true> <Delay = 0.38>
ST_1 : Operation 268 [1/1] (0.00ns)   --->   "%br_ln0 = br void %load-store-loop"   --->   Operation 268 'br' 'br_ln0' <Predicate = true> <Delay = 0.00>
ST_1 : Operation 269 [1/1] (0.00ns)   --->   "%loop_index_load = load i9 %loop_index"   --->   Operation 269 'load' 'loop_index_load' <Predicate = true> <Delay = 0.00>
ST_1 : Operation 270 [1/1] (0.00ns)   --->   "%specbitsmap_ln0 = specbitsmap void @_ssdm_op_SpecBitsMap, i512 %systolic"   --->   Operation 270 'specbitsmap' 'specbitsmap_ln0' <Predicate = true> <Delay = 0.00>
ST_1 : Operation 271 [1/1] (0.00ns)   --->   "%systolic_addr = getelementptr i512 %systolic, i64 %sext_ln176_cast" [./mmult.cpp:176]   --->   Operation 271 'getelementptr' 'systolic_addr' <Predicate = true> <Delay = 0.00>
ST_1 : Operation 272 [1/1] (0.00ns)   --->   "%specpipeline_ln0 = specpipeline void @_ssdm_op_SpecPipeline, i32 4294967295, i32 0, i32 1, i32 0, void @p_str"   --->   Operation 272 'specpipeline' 'specpipeline_ln0' <Predicate = true> <Delay = 0.00>
ST_1 : Operation 273 [1/1] (0.59ns)   --->   "%exitcond5 = icmp_eq  i9 %loop_index_load, i9 256"   --->   Operation 273 'icmp' 'exitcond5' <Predicate = true> <Delay = 0.59> <CoreInst = "Cmp">   --->   Core 9 'Cmp' <Latency = 0> <II = 1> <Delay = 0.65> <FuncUnit> <Opcode : 'icmp'> <InPorts = 2> <OutPorts = 1>
ST_1 : Operation 274 [1/1] (0.00ns)   --->   "%speclooptripcount_ln0 = speclooptripcount void @_ssdm_op_SpecLoopTripCount, i64 256, i64 256, i64 256"   --->   Operation 274 'speclooptripcount' 'speclooptripcount_ln0' <Predicate = true> <Delay = 0.00>
ST_1 : Operation 275 [1/1] (0.71ns)   --->   "%empty = add i9 %loop_index_load, i9 1"   --->   Operation 275 'add' 'empty' <Predicate = true> <Delay = 0.71> <CoreInst = "Adder">   --->   Core 1 'Adder' <Latency = 0> <II = 1> <Delay = 0.71> <FuncUnit> <Opcode : 'add' 'sub'> <InPorts = 2> <OutPorts = 1>
ST_1 : Operation 276 [1/1] (0.00ns)   --->   "%br_ln0 = br i1 %exitcond5, void %load-store-loop.split, void %memcpy-split.exitStub"   --->   Operation 276 'br' 'br_ln0' <Predicate = true> <Delay = 0.00>
ST_1 : Operation 277 [1/1] (0.00ns)   --->   "%empty_25 = trunc i9 %loop_index_load"   --->   Operation 277 'trunc' 'empty_25' <Predicate = (!exitcond5)> <Delay = 0.00>
ST_1 : Operation 278 [1/1] (0.00ns)   --->   "%tmp_17 = partselect i4 @_ssdm_op_PartSelect.i4.i9.i32.i32, i9 %loop_index_load, i32 4, i32 7"   --->   Operation 278 'partselect' 'tmp_17' <Predicate = (!exitcond5)> <Delay = 0.00>
ST_1 : Operation 279 [1/1] (0.49ns)   --->   "%tmp = mux i32 @_ssdm_op_Mux.ap_auto.16i32.i4, i32 %localC_reload_read, i32 %localC_1_reload_read, i32 %localC_2_reload_read, i32 %localC_3_reload_read, i32 %localC_4_reload_read, i32 %localC_5_reload_read, i32 %localC_6_reload_read, i32 %localC_7_reload_read, i32 %localC_8_reload_read, i32 %localC_9_reload_read, i32 %localC_10_reload_read, i32 %localC_11_reload_read, i32 %localC_12_reload_read, i32 %localC_13_reload_read, i32 %localC_14_reload_read, i32 %localC_15_reload_read, i4 %empty_25"   --->   Operation 279 'mux' 'tmp' <Predicate = (!exitcond5)> <Delay = 0.49> <CoreInst = "Multiplexer">   --->   Core 76 'Multiplexer' <Latency = 0> <II = 1> <Delay = 0.49> <FuncUnit> <Opcode : 'mux'> <InPorts = 2> <OutPorts = 1>
ST_1 : Operation 280 [1/1] (0.49ns)   --->   "%tmp_1 = mux i32 @_ssdm_op_Mux.ap_auto.16i32.i4, i32 %localC_16_reload_read, i32 %localC_17_reload_read, i32 %localC_18_reload_read, i32 %localC_19_reload_read, i32 %localC_20_reload_read, i32 %localC_21_reload_read, i32 %localC_22_reload_read, i32 %localC_23_reload_read, i32 %localC_24_reload_read, i32 %localC_25_reload_read, i32 %localC_26_reload_read, i32 %localC_27_reload_read, i32 %localC_28_reload_read, i32 %localC_29_reload_read, i32 %localC_30_reload_read, i32 %localC_31_reload_read, i4 %empty_25"   --->   Operation 280 'mux' 'tmp_1' <Predicate = (!exitcond5)> <Delay = 0.49> <CoreInst = "Multiplexer">   --->   Core 76 'Multiplexer' <Latency = 0> <II = 1> <Delay = 0.49> <FuncUnit> <Opcode : 'mux'> <InPorts = 2> <OutPorts = 1>
ST_1 : Operation 281 [1/1] (0.49ns)   --->   "%tmp_2 = mux i32 @_ssdm_op_Mux.ap_auto.16i32.i4, i32 %localC_32_reload_read, i32 %localC_33_reload_read, i32 %localC_34_reload_read, i32 %localC_35_reload_read, i32 %localC_36_reload_read, i32 %localC_37_reload_read, i32 %localC_38_reload_read, i32 %localC_39_reload_read, i32 %localC_40_reload_read, i32 %localC_41_reload_read, i32 %localC_42_reload_read, i32 %localC_43_reload_read, i32 %localC_44_reload_read, i32 %localC_45_reload_read, i32 %localC_46_reload_read, i32 %localC_47_reload_read, i4 %empty_25"   --->   Operation 281 'mux' 'tmp_2' <Predicate = (!exitcond5)> <Delay = 0.49> <CoreInst = "Multiplexer">   --->   Core 76 'Multiplexer' <Latency = 0> <II = 1> <Delay = 0.49> <FuncUnit> <Opcode : 'mux'> <InPorts = 2> <OutPorts = 1>
ST_1 : Operation 282 [1/1] (0.49ns)   --->   "%tmp_3 = mux i32 @_ssdm_op_Mux.ap_auto.16i32.i4, i32 %localC_48_reload_read, i32 %localC_49_reload_read, i32 %localC_50_reload_read, i32 %localC_51_reload_read, i32 %localC_52_reload_read, i32 %localC_53_reload_read, i32 %localC_54_reload_read, i32 %localC_55_reload_read, i32 %localC_56_reload_read, i32 %localC_57_reload_read, i32 %localC_58_reload_read, i32 %localC_59_reload_read, i32 %localC_60_reload_read, i32 %localC_61_reload_read, i32 %localC_62_reload_read, i32 %localC_63_reload_read, i4 %empty_25"   --->   Operation 282 'mux' 'tmp_3' <Predicate = (!exitcond5)> <Delay = 0.49> <CoreInst = "Multiplexer">   --->   Core 76 'Multiplexer' <Latency = 0> <II = 1> <Delay = 0.49> <FuncUnit> <Opcode : 'mux'> <InPorts = 2> <OutPorts = 1>
ST_1 : Operation 283 [1/1] (0.49ns)   --->   "%tmp_4 = mux i32 @_ssdm_op_Mux.ap_auto.16i32.i4, i32 %localC_64_reload_read, i32 %localC_65_reload_read, i32 %localC_66_reload_read, i32 %localC_67_reload_read, i32 %localC_68_reload_read, i32 %localC_69_reload_read, i32 %localC_70_reload_read, i32 %localC_71_reload_read, i32 %localC_72_reload_read, i32 %localC_73_reload_read, i32 %localC_74_reload_read, i32 %localC_75_reload_read, i32 %localC_76_reload_read, i32 %localC_77_reload_read, i32 %localC_78_reload_read, i32 %localC_79_reload_read, i4 %empty_25"   --->   Operation 283 'mux' 'tmp_4' <Predicate = (!exitcond5)> <Delay = 0.49> <CoreInst = "Multiplexer">   --->   Core 76 'Multiplexer' <Latency = 0> <II = 1> <Delay = 0.49> <FuncUnit> <Opcode : 'mux'> <InPorts = 2> <OutPorts = 1>
ST_1 : Operation 284 [1/1] (0.49ns)   --->   "%tmp_5 = mux i32 @_ssdm_op_Mux.ap_auto.16i32.i4, i32 %localC_80_reload_read, i32 %localC_81_reload_read, i32 %localC_82_reload_read, i32 %localC_83_reload_read, i32 %localC_84_reload_read, i32 %localC_85_reload_read, i32 %localC_86_reload_read, i32 %localC_87_reload_read, i32 %localC_88_reload_read, i32 %localC_89_reload_read, i32 %localC_90_reload_read, i32 %localC_91_reload_read, i32 %localC_92_reload_read, i32 %localC_93_reload_read, i32 %localC_94_reload_read, i32 %localC_95_reload_read, i4 %empty_25"   --->   Operation 284 'mux' 'tmp_5' <Predicate = (!exitcond5)> <Delay = 0.49> <CoreInst = "Multiplexer">   --->   Core 76 'Multiplexer' <Latency = 0> <II = 1> <Delay = 0.49> <FuncUnit> <Opcode : 'mux'> <InPorts = 2> <OutPorts = 1>
ST_1 : Operation 285 [1/1] (0.49ns)   --->   "%tmp_6 = mux i32 @_ssdm_op_Mux.ap_auto.16i32.i4, i32 %localC_96_reload_read, i32 %localC_97_reload_read, i32 %localC_98_reload_read, i32 %localC_99_reload_read, i32 %localC_100_reload_read, i32 %localC_101_reload_read, i32 %localC_102_reload_read, i32 %localC_103_reload_read, i32 %localC_104_reload_read, i32 %localC_105_reload_read, i32 %localC_106_reload_read, i32 %localC_107_reload_read, i32 %localC_108_reload_read, i32 %localC_109_reload_read, i32 %localC_110_reload_read, i32 %localC_111_reload_read, i4 %empty_25"   --->   Operation 285 'mux' 'tmp_6' <Predicate = (!exitcond5)> <Delay = 0.49> <CoreInst = "Multiplexer">   --->   Core 76 'Multiplexer' <Latency = 0> <II = 1> <Delay = 0.49> <FuncUnit> <Opcode : 'mux'> <InPorts = 2> <OutPorts = 1>
ST_1 : Operation 286 [1/1] (0.49ns)   --->   "%tmp_7 = mux i32 @_ssdm_op_Mux.ap_auto.16i32.i4, i32 %localC_112_reload_read, i32 %localC_113_reload_read, i32 %localC_114_reload_read, i32 %localC_115_reload_read, i32 %localC_116_reload_read, i32 %localC_117_reload_read, i32 %localC_118_reload_read, i32 %localC_119_reload_read, i32 %localC_120_reload_read, i32 %localC_121_reload_read, i32 %localC_122_reload_read, i32 %localC_123_reload_read, i32 %localC_124_reload_read, i32 %localC_125_reload_read, i32 %localC_126_reload_read, i32 %localC_127_reload_read, i4 %empty_25"   --->   Operation 286 'mux' 'tmp_7' <Predicate = (!exitcond5)> <Delay = 0.49> <CoreInst = "Multiplexer">   --->   Core 76 'Multiplexer' <Latency = 0> <II = 1> <Delay = 0.49> <FuncUnit> <Opcode : 'mux'> <InPorts = 2> <OutPorts = 1>
ST_1 : Operation 287 [1/1] (0.49ns)   --->   "%tmp_8 = mux i32 @_ssdm_op_Mux.ap_auto.16i32.i4, i32 %localC_128_reload_read, i32 %localC_129_reload_read, i32 %localC_130_reload_read, i32 %localC_131_reload_read, i32 %localC_132_reload_read, i32 %localC_133_reload_read, i32 %localC_134_reload_read, i32 %localC_135_reload_read, i32 %localC_136_reload_read, i32 %localC_137_reload_read, i32 %localC_138_reload_read, i32 %localC_139_reload_read, i32 %localC_140_reload_read, i32 %localC_141_reload_read, i32 %localC_142_reload_read, i32 %localC_143_reload_read, i4 %empty_25"   --->   Operation 287 'mux' 'tmp_8' <Predicate = (!exitcond5)> <Delay = 0.49> <CoreInst = "Multiplexer">   --->   Core 76 'Multiplexer' <Latency = 0> <II = 1> <Delay = 0.49> <FuncUnit> <Opcode : 'mux'> <InPorts = 2> <OutPorts = 1>
ST_1 : Operation 288 [1/1] (0.49ns)   --->   "%tmp_9 = mux i32 @_ssdm_op_Mux.ap_auto.16i32.i4, i32 %localC_144_reload_read, i32 %localC_145_reload_read, i32 %localC_146_reload_read, i32 %localC_147_reload_read, i32 %localC_148_reload_read, i32 %localC_149_reload_read, i32 %localC_150_reload_read, i32 %localC_151_reload_read, i32 %localC_152_reload_read, i32 %localC_153_reload_read, i32 %localC_154_reload_read, i32 %localC_155_reload_read, i32 %localC_156_reload_read, i32 %localC_157_reload_read, i32 %localC_158_reload_read, i32 %localC_159_reload_read, i4 %empty_25"   --->   Operation 288 'mux' 'tmp_9' <Predicate = (!exitcond5)> <Delay = 0.49> <CoreInst = "Multiplexer">   --->   Core 76 'Multiplexer' <Latency = 0> <II = 1> <Delay = 0.49> <FuncUnit> <Opcode : 'mux'> <InPorts = 2> <OutPorts = 1>
ST_1 : Operation 289 [1/1] (0.49ns)   --->   "%tmp_s = mux i32 @_ssdm_op_Mux.ap_auto.16i32.i4, i32 %localC_160_reload_read, i32 %localC_161_reload_read, i32 %localC_162_reload_read, i32 %localC_163_reload_read, i32 %localC_164_reload_read, i32 %localC_165_reload_read, i32 %localC_166_reload_read, i32 %localC_167_reload_read, i32 %localC_168_reload_read, i32 %localC_169_reload_read, i32 %localC_170_reload_read, i32 %localC_171_reload_read, i32 %localC_172_reload_read, i32 %localC_173_reload_read, i32 %localC_174_reload_read, i32 %localC_175_reload_read, i4 %empty_25"   --->   Operation 289 'mux' 'tmp_s' <Predicate = (!exitcond5)> <Delay = 0.49> <CoreInst = "Multiplexer">   --->   Core 76 'Multiplexer' <Latency = 0> <II = 1> <Delay = 0.49> <FuncUnit> <Opcode : 'mux'> <InPorts = 2> <OutPorts = 1>
ST_1 : Operation 290 [1/1] (0.49ns)   --->   "%tmp_10 = mux i32 @_ssdm_op_Mux.ap_auto.16i32.i4, i32 %localC_176_reload_read, i32 %localC_177_reload_read, i32 %localC_178_reload_read, i32 %localC_179_reload_read, i32 %localC_180_reload_read, i32 %localC_181_reload_read, i32 %localC_182_reload_read, i32 %localC_183_reload_read, i32 %localC_184_reload_read, i32 %localC_185_reload_read, i32 %localC_186_reload_read, i32 %localC_187_reload_read, i32 %localC_188_reload_read, i32 %localC_189_reload_read, i32 %localC_190_reload_read, i32 %localC_191_reload_read, i4 %empty_25"   --->   Operation 290 'mux' 'tmp_10' <Predicate = (!exitcond5)> <Delay = 0.49> <CoreInst = "Multiplexer">   --->   Core 76 'Multiplexer' <Latency = 0> <II = 1> <Delay = 0.49> <FuncUnit> <Opcode : 'mux'> <InPorts = 2> <OutPorts = 1>
ST_1 : Operation 291 [1/1] (0.49ns)   --->   "%tmp_11 = mux i32 @_ssdm_op_Mux.ap_auto.16i32.i4, i32 %localC_192_reload_read, i32 %localC_193_reload_read, i32 %localC_194_reload_read, i32 %localC_195_reload_read, i32 %localC_196_reload_read, i32 %localC_197_reload_read, i32 %localC_198_reload_read, i32 %localC_199_reload_read, i32 %localC_200_reload_read, i32 %localC_201_reload_read, i32 %localC_202_reload_read, i32 %localC_203_reload_read, i32 %localC_204_reload_read, i32 %localC_205_reload_read, i32 %localC_206_reload_read, i32 %localC_207_reload_read, i4 %empty_25"   --->   Operation 291 'mux' 'tmp_11' <Predicate = (!exitcond5)> <Delay = 0.49> <CoreInst = "Multiplexer">   --->   Core 76 'Multiplexer' <Latency = 0> <II = 1> <Delay = 0.49> <FuncUnit> <Opcode : 'mux'> <InPorts = 2> <OutPorts = 1>
ST_1 : Operation 292 [1/1] (0.49ns)   --->   "%tmp_12 = mux i32 @_ssdm_op_Mux.ap_auto.16i32.i4, i32 %localC_208_reload_read, i32 %localC_209_reload_read, i32 %localC_210_reload_read, i32 %localC_211_reload_read, i32 %localC_212_reload_read, i32 %localC_213_reload_read, i32 %localC_214_reload_read, i32 %localC_215_reload_read, i32 %localC_216_reload_read, i32 %localC_217_reload_read, i32 %localC_218_reload_read, i32 %localC_219_reload_read, i32 %localC_220_reload_read, i32 %localC_221_reload_read, i32 %localC_222_reload_read, i32 %localC_223_reload_read, i4 %empty_25"   --->   Operation 292 'mux' 'tmp_12' <Predicate = (!exitcond5)> <Delay = 0.49> <CoreInst = "Multiplexer">   --->   Core 76 'Multiplexer' <Latency = 0> <II = 1> <Delay = 0.49> <FuncUnit> <Opcode : 'mux'> <InPorts = 2> <OutPorts = 1>
ST_1 : Operation 293 [1/1] (0.49ns)   --->   "%tmp_13 = mux i32 @_ssdm_op_Mux.ap_auto.16i32.i4, i32 %localC_224_reload_read, i32 %localC_225_reload_read, i32 %localC_226_reload_read, i32 %localC_227_reload_read, i32 %localC_228_reload_read, i32 %localC_229_reload_read, i32 %localC_230_reload_read, i32 %localC_231_reload_read, i32 %localC_232_reload_read, i32 %localC_233_reload_read, i32 %localC_234_reload_read, i32 %localC_235_reload_read, i32 %localC_236_reload_read, i32 %localC_237_reload_read, i32 %localC_238_reload_read, i32 %localC_239_reload_read, i4 %empty_25"   --->   Operation 293 'mux' 'tmp_13' <Predicate = (!exitcond5)> <Delay = 0.49> <CoreInst = "Multiplexer">   --->   Core 76 'Multiplexer' <Latency = 0> <II = 1> <Delay = 0.49> <FuncUnit> <Opcode : 'mux'> <InPorts = 2> <OutPorts = 1>
ST_1 : Operation 294 [1/1] (0.49ns)   --->   "%tmp_14 = mux i32 @_ssdm_op_Mux.ap_auto.16i32.i4, i32 %localC_240_reload_read, i32 %localC_241_reload_read, i32 %localC_242_reload_read, i32 %localC_243_reload_read, i32 %localC_244_reload_read, i32 %localC_245_reload_read, i32 %localC_246_reload_read, i32 %localC_247_reload_read, i32 %localC_248_reload_read, i32 %localC_249_reload_read, i32 %localC_250_reload_read, i32 %localC_251_reload_read, i32 %localC_252_reload_read, i32 %localC_253_reload_read, i32 %localC_254_reload_read, i32 %localC_255_reload_read, i4 %empty_25"   --->   Operation 294 'mux' 'tmp_14' <Predicate = (!exitcond5)> <Delay = 0.49> <CoreInst = "Multiplexer">   --->   Core 76 'Multiplexer' <Latency = 0> <II = 1> <Delay = 0.49> <FuncUnit> <Opcode : 'mux'> <InPorts = 2> <OutPorts = 1>
ST_1 : Operation 295 [1/1] (0.49ns)   --->   "%tmp_15 = mux i32 @_ssdm_op_Mux.ap_auto.16i32.i4, i32 %tmp, i32 %tmp_1, i32 %tmp_2, i32 %tmp_3, i32 %tmp_4, i32 %tmp_5, i32 %tmp_6, i32 %tmp_7, i32 %tmp_8, i32 %tmp_9, i32 %tmp_s, i32 %tmp_10, i32 %tmp_11, i32 %tmp_12, i32 %tmp_13, i32 %tmp_14, i4 %tmp_17"   --->   Operation 295 'mux' 'tmp_15' <Predicate = (!exitcond5)> <Delay = 0.49> <CoreInst = "Multiplexer">   --->   Core 76 'Multiplexer' <Latency = 0> <II = 1> <Delay = 0.49> <FuncUnit> <Opcode : 'mux'> <InPorts = 2> <OutPorts = 1>
ST_1 : Operation 296 [1/1] (0.65ns)   --->   "%empty_26 = icmp_eq  i4 %empty_25, i4 15"   --->   Operation 296 'icmp' 'empty_26' <Predicate = (!exitcond5)> <Delay = 0.65> <CoreInst = "Cmp">   --->   Core 9 'Cmp' <Latency = 0> <II = 1> <Delay = 0.65> <FuncUnit> <Opcode : 'icmp'> <InPorts = 2> <OutPorts = 1>
ST_1 : Operation 297 [1/1] (0.00ns)   --->   "%br_ln0 = br i1 %empty_26, void %load-store-loop.split._crit_edge, void"   --->   Operation 297 'br' 'br_ln0' <Predicate = (!exitcond5)> <Delay = 0.00>
ST_1 : Operation 298 [1/1] (0.38ns)   --->   "%store_ln0 = store i9 %empty, i9 %loop_index"   --->   Operation 298 'store' 'store_ln0' <Predicate = (!exitcond5)> <Delay = 0.38>
ST_1 : Operation 309 [1/1] (0.00ns)   --->   "%ret_ln0 = ret"   --->   Operation 309 'ret' 'ret_ln0' <Predicate = (exitcond5)> <Delay = 0.00>

State 2 <SV = 1> <Delay = 2.92>
ST_2 : Operation 299 [1/1] (0.00ns)   --->   "%shiftreg_load_1 = load i480 %shiftreg"   --->   Operation 299 'load' 'shiftreg_load_1' <Predicate = true> <Delay = 0.00>
ST_2 : Operation 300 [1/1] (0.00ns)   --->   "%tmp_16 = bitconcatenate i512 @_ssdm_op_BitConcatenate.i512.i32.i480, i32 %tmp_15, i480 %shiftreg_load_1"   --->   Operation 300 'bitconcatenate' 'tmp_16' <Predicate = true> <Delay = 0.00>
ST_2 : Operation 301 [1/1] (2.92ns)   --->   "%write_ln176 = write void @_ssdm_op_Write.m_axi.p1i512, i512 %systolic_addr, i512 %tmp_16, i64 18446744073709551615" [./mmult.cpp:176]   --->   Operation 301 'write' 'write_ln176' <Predicate = (empty_26)> <Delay = 2.92> <CoreInst = "m_axi">   --->   Core 121 'm_axi' <Latency = 5> <II = 1> <Delay = 1.00> <Adapter> <Opcode : 'read' 'write' 'readreq' 'writereq' 'writeresp'>
ST_2 : Operation 302 [1/1] (0.00ns)   --->   "%br_ln0 = br void %load-store-loop.split._crit_edge"   --->   Operation 302 'br' 'br_ln0' <Predicate = (empty_26)> <Delay = 0.00>
ST_2 : Operation 303 [1/1] (0.00ns)   --->   "%shiftreg_load = load i480 %shiftreg"   --->   Operation 303 'load' 'shiftreg_load' <Predicate = (!empty_26)> <Delay = 0.00>
ST_2 : Operation 304 [1/1] (0.00ns)   --->   "%tmp_18 = partselect i448 @_ssdm_op_PartSelect.i448.i480.i32.i32, i480 %shiftreg_load, i32 32, i32 479"   --->   Operation 304 'partselect' 'tmp_18' <Predicate = (!empty_26)> <Delay = 0.00>
ST_2 : Operation 305 [1/1] (0.00ns)   --->   "%tmp_19 = bitconcatenate i480 @_ssdm_op_BitConcatenate.i480.i32.i448, i32 %tmp_15, i448 %tmp_18"   --->   Operation 305 'bitconcatenate' 'tmp_19' <Predicate = (!empty_26)> <Delay = 0.00>
ST_2 : Operation 306 [1/1] (0.53ns)   --->   "%empty_24 = select i1 %empty_26, i480 0, i480 %tmp_19"   --->   Operation 306 'select' 'empty_24' <Predicate = true> <Delay = 0.53> <CoreInst = "Sel">   --->   Core 73 'Sel' <Latency = 0> <II = 1> <Delay = 0.53> <FuncUnit> <Opcode : 'select'> <InPorts = 3> <OutPorts = 1>
ST_2 : Operation 307 [1/1] (0.38ns)   --->   "%store_ln0 = store i480 %empty_24, i480 %shiftreg"   --->   Operation 307 'store' 'store_ln0' <Predicate = true> <Delay = 0.38>
ST_2 : Operation 308 [1/1] (0.00ns)   --->   "%br_ln0 = br void %load-store-loop"   --->   Operation 308 'br' 'br_ln0' <Predicate = true> <Delay = 0.00>


============================================================
+ Verbose Summary: Timing violations
============================================================
Target clock period: 4ns, clock uncertainty: 1.08ns.

 <State 1>: 1.1ns
The critical path consists of the following:
	'alloca' operation ('loop_index') [260]  (0 ns)
	'load' operation ('loop_index_load') on local variable 'loop_index' [524]  (0 ns)
	'add' operation ('empty') [530]  (0.715 ns)
	'store' operation ('store_ln0') of variable 'empty' on local variable 'loop_index' [564]  (0.387 ns)

 <State 2>: 2.92ns
The critical path consists of the following:
	'load' operation ('shiftreg_load_1') on local variable 'shiftreg' [533]  (0 ns)
	bus write operation ('write_ln176', ./mmult.cpp:176) on port 'systolic' (./mmult.cpp:176) [557]  (2.92 ns)


============================================================
+ Verbose Summary: Binding
============================================================
N/A
* FSMD analyzer results:
  - Output states:
 - Input state : 
  - Chain level:
	State 1
	State 2


============================================================
+ Verbose Summary: Datapath Resource usage 
============================================================
N/A
